#
# There is insufficient memory for the Java Runtime Environment to continue.
# Native memory allocation (malloc) failed to allocate 923488 bytes. Error detail: Chunk::new
# Possible reasons:
#   The system is out of physical RAM or swap space
#   This process is running with CompressedOops enabled, and the Java Heap may be blocking the growth of the native heap
# Possible solutions:
#   Reduce memory load on the system
#   Increase physical memory or swap space
#   Check if swap backing store is full
#   Decrease Java heap size (-Xmx/-Xms)
#   Decrease number of Java threads
#   Decrease Java thread stack sizes (-Xss)
#   Set larger code cache with -XX:ReservedCodeCacheSize=
#   JVM is running with Unscaled Compressed Oops mode in which the Java heap is
#     placed in the first 4GB address space. The Java Heap base address is the
#     maximum limit for the native heap growth. Please use -XX:HeapBaseMinAddress
#     to set the Java Heap base and to place the Java Heap above 4GB virtual address.
# This output file may be truncated or incomplete.
#
#  Out of Memory Error (arena.cpp:168), pid=18048, tid=21836
#
# JRE version: OpenJDK Runtime Environment (21.0.8) (build 21.0.8+-14196175-b1038.72)
# Java VM: OpenJDK 64-Bit Server VM (21.0.8+-14196175-b1038.72, mixed mode, tiered, compressed oops, compressed class ptrs, g1 gc, windows-amd64)
# No core dump will be written. Minidumps are not enabled by default on client versions of Windows
#

---------------  S U M M A R Y ------------

Command Line: --add-opens=java.base/java.lang=ALL-UNNAMED --add-opens=java.base/java.lang.invoke=ALL-UNNAMED --add-opens=java.base/java.util=ALL-UNNAMED --add-opens=java.prefs/java.util.prefs=ALL-UNNAMED --add-exports=jdk.compiler/com.sun.tools.javac.api=ALL-UNNAMED --add-exports=jdk.compiler/com.sun.tools.javac.util=ALL-UNNAMED --add-opens=java.base/java.util=ALL-UNNAMED --add-opens=java.prefs/java.util.prefs=ALL-UNNAMED --add-opens=java.base/java.nio.charset=ALL-UNNAMED --add-opens=java.base/java.net=ALL-UNNAMED --add-opens=java.base/java.util.concurrent.atomic=ALL-UNNAMED --add-opens=java.xml/javax.xml.namespace=ALL-UNNAMED -XX:MaxMetaspaceSize=256m -Xmx1024m -Dfile.encoding=UTF-8 -Duser.country=US -Duser.language=en -Duser.variant -javaagent:C:\Users\LENOVO\.gradle\wrapper\dists\gradle-8.13-bin\5xuhj0ry160q40clulazy9h7d\gradle-8.13\lib\agents\gradle-instrumentation-agent-8.13.jar org.gradle.launcher.daemon.bootstrap.GradleDaemon 8.13

Host: AMD Ryzen 5 5600U with Radeon Graphics         , 12 cores, 5G,  Windows 11 , 64 bit Build 26100 (10.0.26100.7309)
Time: Wed Dec 31 07:28:54 2025 SE Asia Standard Time elapsed time: 13.070502 seconds (0d 0h 0m 13s)

---------------  T H R E A D  ---------------

Current thread (0x00000235b2c67be0):  JavaThread "C2 CompilerThread0" daemon [_thread_in_native, id=21836, stack(0x0000009a71300000,0x0000009a71400000) (1024K)]


Current CompileTask:
C2:13070 5590   !   4       jdk.internal.loader.BuiltinClassLoader::loadClassOrNull (143 bytes)

Stack: [0x0000009a71300000,0x0000009a71400000]
Native frames: (J=compiled Java code, j=interpreted, Vv=VM code, C=native code)
V  [jvm.dll+0x6d68d9]
V  [jvm.dll+0x866693]
V  [jvm.dll+0x868c4e]
V  [jvm.dll+0x869333]
V  [jvm.dll+0x280566]
V  [jvm.dll+0xc07cd]
V  [jvm.dll+0xc0d03]
V  [jvm.dll+0x3b961b]
V  [jvm.dll+0x385507]
V  [jvm.dll+0x38497a]
V  [jvm.dll+0x249252]
V  [jvm.dll+0x248821]
V  [jvm.dll+0x1c73a4]
V  [jvm.dll+0x257f9e]
V  [jvm.dll+0x2564e6]
V  [jvm.dll+0x3f4696]
V  [jvm.dll+0x80eac8]
V  [jvm.dll+0x6d512d]
C  [ucrtbase.dll+0x37b0]
C  [KERNEL32.DLL+0x2e8d7]
C  [ntdll.dll+0x8c53c]


---------------  P R O C E S S  ---------------

Threads class SMR info:
_java_thread_list=0x00000235bb786750, length=35, elements={
0x000002359c392bb0, 0x00000235b2c24420, 0x00000235b2acda50, 0x00000235b2ace4b0,
0x00000235b2c58f20, 0x00000235b2c59980, 0x00000235b2c5bac0, 0x00000235b2c5f9f0,
0x00000235b2c67be0, 0x00000235b2c691f0, 0x00000235b2c5e640, 0x00000235b2c5d920,
0x00000235b2c5ecd0, 0x00000235b2c5f360, 0x00000235b2c5c570, 0x00000235b2c5cc00,
0x00000235b2c5d290, 0x00000235b89f88e0, 0x00000235b89f8f70, 0x00000235b89f9c90,
0x00000235b89f7bc0, 0x00000235b89f9600, 0x00000235b89fa320, 0x00000235b89fa9b0,
0x00000235b89fb6d0, 0x00000235b89f8250, 0x00000235b89fd7a0, 0x00000235b89ff1e0,
0x00000235b89fc3f0, 0x00000235b89fca80, 0x00000235b89fbd60, 0x00000235b89fe4c0,
0x00000235b89fde30, 0x00000235b89fd110, 0x00000235bb77b0b0
}

Java Threads: ( => current thread )
  0x000002359c392bb0 JavaThread "main"                              [_thread_blocked, id=23508, stack(0x0000009a70400000,0x0000009a70500000) (1024K)]
  0x00000235b2c24420 JavaThread "Common-Cleaner"             daemon [_thread_blocked, id=22328, stack(0x0000009a70c00000,0x0000009a70d00000) (1024K)]
  0x00000235b2acda50 JavaThread "Reference Handler"          daemon [_thread_blocked, id=31164, stack(0x0000009a70d00000,0x0000009a70e00000) (1024K)]
  0x00000235b2ace4b0 JavaThread "Finalizer"                  daemon [_thread_blocked, id=20360, stack(0x0000009a70e00000,0x0000009a70f00000) (1024K)]
  0x00000235b2c58f20 JavaThread "Signal Dispatcher"          daemon [_thread_blocked, id=10228, stack(0x0000009a70f00000,0x0000009a71000000) (1024K)]
  0x00000235b2c59980 JavaThread "Attach Listener"            daemon [_thread_blocked, id=8180, stack(0x0000009a71000000,0x0000009a71100000) (1024K)]
  0x00000235b2c5bac0 JavaThread "Service Thread"             daemon [_thread_blocked, id=25700, stack(0x0000009a71100000,0x0000009a71200000) (1024K)]
  0x00000235b2c5f9f0 JavaThread "Monitor Deflation Thread"   daemon [_thread_blocked, id=13052, stack(0x0000009a71200000,0x0000009a71300000) (1024K)]
=>0x00000235b2c67be0 JavaThread "C2 CompilerThread0"         daemon [_thread_in_native, id=21836, stack(0x0000009a71300000,0x0000009a71400000) (1024K)]
  0x00000235b2c691f0 JavaThread "C1 CompilerThread0"         daemon [_thread_blocked, id=27372, stack(0x0000009a71400000,0x0000009a71500000) (1024K)]
  0x00000235b2c5e640 JavaThread "Notification Thread"        daemon [_thread_blocked, id=9988, stack(0x0000009a71500000,0x0000009a71600000) (1024K)]
  0x00000235b2c5d920 JavaThread "Daemon health stats"               [_thread_blocked, id=14404, stack(0x0000009a71b00000,0x0000009a71c00000) (1024K)]
  0x00000235b2c5ecd0 JavaThread "Incoming local TCP Connector on port 60286"        [_thread_in_native, id=13508, stack(0x0000009a71c00000,0x0000009a71d00000) (1024K)]
  0x00000235b2c5f360 JavaThread "Daemon periodic checks"            [_thread_blocked, id=24036, stack(0x0000009a71d00000,0x0000009a71e00000) (1024K)]
  0x00000235b2c5c570 JavaThread "Daemon"                            [_thread_blocked, id=13172, stack(0x0000009a71e00000,0x0000009a71f00000) (1024K)]
  0x00000235b2c5cc00 JavaThread "Handler for socket connection from /127.0.0.1:60286 to /127.0.0.1:60287"        [_thread_in_native, id=21140, stack(0x0000009a71f00000,0x0000009a72000000) (1024K)]
  0x00000235b2c5d290 JavaThread "Cancel handler"                    [_thread_blocked, id=29800, stack(0x0000009a72000000,0x0000009a72100000) (1024K)]
  0x00000235b89f88e0 JavaThread "Daemon worker"                     [_thread_in_Java, id=32684, stack(0x0000009a72100000,0x0000009a72200000) (1024K)]
  0x00000235b89f8f70 JavaThread "Asynchronous log dispatcher for DefaultDaemonConnection: socket connection from /127.0.0.1:60286 to /127.0.0.1:60287"        [_thread_blocked, id=10744, stack(0x0000009a72200000,0x0000009a72300000) (1024K)]
  0x00000235b89f9c90 JavaThread "Stdin handler"                     [_thread_blocked, id=19324, stack(0x0000009a72300000,0x0000009a72400000) (1024K)]
  0x00000235b89f7bc0 JavaThread "Daemon client event forwarder"        [_thread_blocked, id=7932, stack(0x0000009a72400000,0x0000009a72500000) (1024K)]
  0x00000235b89f9600 JavaThread "Cache worker for journal cache (C:\Users\LENOVO\.gradle\caches\journal-1)"        [_thread_blocked, id=23856, stack(0x0000009a72b00000,0x0000009a72c00000) (1024K)]
  0x00000235b89fa320 JavaThread "File lock request listener"        [_thread_in_native, id=16432, stack(0x0000009a72c00000,0x0000009a72d00000) (1024K)]
  0x00000235b89fa9b0 JavaThread "Cache worker for file hash cache (C:\Users\LENOVO\.gradle\caches\8.13\fileHashes)"        [_thread_blocked, id=8832, stack(0x0000009a72d00000,0x0000009a72e00000) (1024K)]
  0x00000235b89fb6d0 JavaThread "Cache worker for file hash cache (C:\Projects_1_Android\DOANMONHOC\.gradle\8.13\fileHashes)"        [_thread_blocked, id=25912, stack(0x0000009a72e00000,0x0000009a72f00000) (1024K)]
  0x00000235b89f8250 JavaThread "Cache worker for Build Output Cleanup Cache (C:\Projects_1_Android\DOANMONHOC\.gradle\buildOutputCleanup)"        [_thread_blocked, id=32916, stack(0x0000009a72f00000,0x0000009a73000000) (1024K)]
  0x00000235b89fd7a0 JavaThread "File watcher server"        daemon [_thread_in_native, id=27324, stack(0x0000009a73000000,0x0000009a73100000) (1024K)]
  0x00000235b89ff1e0 JavaThread "File watcher consumer"      daemon [_thread_blocked, id=32000, stack(0x0000009a73100000,0x0000009a73200000) (1024K)]
  0x00000235b89fc3f0 JavaThread "jar transforms"                    [_thread_blocked, id=6352, stack(0x0000009a73200000,0x0000009a73300000) (1024K)]
  0x00000235b89fca80 JavaThread "jar transforms Thread 2"           [_thread_blocked, id=19444, stack(0x0000009a73300000,0x0000009a73400000) (1024K)]
  0x00000235b89fbd60 JavaThread "Cache worker for checksums cache (C:\Projects_1_Android\DOANMONHOC\.gradle\8.13\checksums)"        [_thread_blocked, id=20072, stack(0x0000009a73400000,0x0000009a73500000) (1024K)]
  0x00000235b89fe4c0 JavaThread "Cache worker for file content cache (C:\Users\LENOVO\.gradle\caches\8.13\fileContent)"        [_thread_blocked, id=13180, stack(0x0000009a73500000,0x0000009a73600000) (1024K)]
  0x00000235b89fde30 JavaThread "jar transforms Thread 3"           [_thread_blocked, id=15036, stack(0x0000009a73600000,0x0000009a73700000) (1024K)]
  0x00000235b89fd110 JavaThread "Cache worker for cache directory md-supplier (C:\Users\LENOVO\.gradle\caches\8.13\md-supplier)"        [_thread_blocked, id=10360, stack(0x0000009a73700000,0x0000009a73800000) (1024K)]
  0x00000235bb77b0b0 JavaThread "Cache worker for cache directory md-rule (C:\Users\LENOVO\.gradle\caches\8.13\md-rule)"        [_thread_blocked, id=12564, stack(0x0000009a73800000,0x0000009a73900000) (1024K)]
Total: 35

Other Threads:
  0x00000235b2aa41f0 VMThread "VM Thread"                           [id=8880, stack(0x0000009a70b00000,0x0000009a70c00000) (1024K)]
  0x00000235b2a10f10 WatcherThread "VM Periodic Task Thread"        [id=23976, stack(0x0000009a70a00000,0x0000009a70b00000) (1024K)]
  0x000002359c3cbbc0 WorkerThread "GC Thread#0"                     [id=2228, stack(0x0000009a70500000,0x0000009a70600000) (1024K)]
  0x00000235b7196660 WorkerThread "GC Thread#1"                     [id=14484, stack(0x0000009a71600000,0x0000009a71700000) (1024K)]
  0x00000235b7459c80 WorkerThread "GC Thread#2"                     [id=23084, stack(0x0000009a71700000,0x0000009a71800000) (1024K)]
  0x00000235b73ff2d0 WorkerThread "GC Thread#3"                     [id=11256, stack(0x0000009a71800000,0x0000009a71900000) (1024K)]
  0x00000235b7b0c840 WorkerThread "GC Thread#4"                     [id=16552, stack(0x0000009a71900000,0x0000009a71a00000) (1024K)]
  0x00000235b7f6e850 WorkerThread "GC Thread#5"                     [id=4908, stack(0x0000009a71a00000,0x0000009a71b00000) (1024K)]
  0x00000235b89f6fb0 WorkerThread "GC Thread#6"                     [id=32260, stack(0x0000009a72500000,0x0000009a72600000) (1024K)]
  0x00000235b89f7350 WorkerThread "GC Thread#7"                     [id=21512, stack(0x0000009a72600000,0x0000009a72700000) (1024K)]
  0x00000235b8a19cc0 WorkerThread "GC Thread#8"                     [id=14324, stack(0x0000009a72700000,0x0000009a72800000) (1024K)]
  0x00000235b8a1a060 WorkerThread "GC Thread#9"                     [id=12908, stack(0x0000009a72800000,0x0000009a72900000) (1024K)]
  0x000002359a01dfa0 ConcurrentGCThread "G1 Main Marker"            [id=17556, stack(0x0000009a70600000,0x0000009a70700000) (1024K)]
  0x000002359c3d1600 WorkerThread "G1 Conc#0"                       [id=31624, stack(0x0000009a70700000,0x0000009a70800000) (1024K)]
  0x00000235b8a1aee0 WorkerThread "G1 Conc#1"                       [id=17016, stack(0x0000009a72900000,0x0000009a72a00000) (1024K)]
  0x00000235b8a19920 WorkerThread "G1 Conc#2"                       [id=20356, stack(0x0000009a72a00000,0x0000009a72b00000) (1024K)]
  0x000002359c44e820 ConcurrentGCThread "G1 Refine#0"               [id=31348, stack(0x0000009a70800000,0x0000009a70900000) (1024K)]
  0x00000235b28e64c0 ConcurrentGCThread "G1 Service"                [id=22316, stack(0x0000009a70900000,0x0000009a70a00000) (1024K)]
Total: 18

Threads with active compile tasks:
C2 CompilerThread0  13106 5590   !   4       jdk.internal.loader.BuiltinClassLoader::loadClassOrNull (143 bytes)
Total: 1

VM state: not at safepoint (normal execution)

VM Mutex/Monitor currently owned by a thread: None

Heap address: 0x00000000c0000000, size: 1024 MB, Compressed Oops mode: 32-bit

CDS archive(s) not mapped
Compressed class space mapped at: 0x0000000100000000-0x000000010d000000, reserved size: 218103808
Narrow klass base: 0x0000000000000000, Narrow klass shift: 3, Narrow klass range: 0x10d000000

GC Precious Log:
 CardTable entry size: 512
 Card Set container configuration: InlinePtr #cards 5 size 8 Array Of Cards #cards 12 size 40 Howl #buckets 4 coarsen threshold 1843 Howl Bitmap #cards 512 size 80 coarsen threshold 460 Card regions per heap region 1 cards per card region 2048
 CPUs: 12 total, 12 available
 Memory: 5996M
 Large Page Support: Disabled
 NUMA Support: Disabled
 Compressed Oops: Enabled (32-bit)
 Heap Region Size: 1M
 Heap Min Capacity: 8M
 Heap Initial Capacity: 94M
 Heap Max Capacity: 1G
 Pre-touch: Disabled
 Parallel Workers: 10
 Concurrent Workers: 3
 Concurrent Refinement Workers: 10
 Periodic GC: Disabled

Heap:
 garbage-first heap   total 118784K, used 60714K [0x00000000c0000000, 0x0000000100000000)
  region size 1024K, 27 young (27648K), 6 survivors (6144K)
 Metaspace       used 61187K, committed 62592K, reserved 278528K
  class space    used 8634K, committed 9344K, reserved 212992K

Heap Regions: E=young(eden), S=young(survivor), O=old, HS=humongous(starts), HC=humongous(continues), CS=collection set, F=free, TAMS=top-at-mark-start, PB=parsable bottom
|   0|0x00000000c0000000, 0x00000000c0100000, 0x00000000c0100000|100%|HS|  |TAMS 0x00000000c0000000| PB 0x00000000c0000000| Complete 
|   1|0x00000000c0100000, 0x00000000c0200000, 0x00000000c0200000|100%|HC|  |TAMS 0x00000000c0100000| PB 0x00000000c0100000| Complete 
|   2|0x00000000c0200000, 0x00000000c0300000, 0x00000000c0300000|100%|HC|  |TAMS 0x00000000c0200000| PB 0x00000000c0200000| Complete 
|   3|0x00000000c0300000, 0x00000000c0400000, 0x00000000c0400000|100%| O|  |TAMS 0x00000000c0300000| PB 0x00000000c0300000| Untracked 
|   4|0x00000000c0400000, 0x00000000c0500000, 0x00000000c0500000|100%| O|  |TAMS 0x00000000c0400000| PB 0x00000000c0400000| Untracked 
|   5|0x00000000c0500000, 0x00000000c0600000, 0x00000000c0600000|100%| O|  |TAMS 0x00000000c0500000| PB 0x00000000c0500000| Untracked 
|   6|0x00000000c0600000, 0x00000000c0700000, 0x00000000c0700000|100%|HS|  |TAMS 0x00000000c0600000| PB 0x00000000c0600000| Complete 
|   7|0x00000000c0700000, 0x00000000c0800000, 0x00000000c0800000|100%| O|  |TAMS 0x00000000c0700000| PB 0x00000000c0700000| Untracked 
|   8|0x00000000c0800000, 0x00000000c0900000, 0x00000000c0900000|100%| O|  |TAMS 0x00000000c0800000| PB 0x00000000c0800000| Untracked 
|   9|0x00000000c0900000, 0x00000000c0a00000, 0x00000000c0a00000|100%| O|  |TAMS 0x00000000c0900000| PB 0x00000000c0900000| Untracked 
|  10|0x00000000c0a00000, 0x00000000c0b00000, 0x00000000c0b00000|100%| O|  |TAMS 0x00000000c0a00000| PB 0x00000000c0a00000| Untracked 
|  11|0x00000000c0b00000, 0x00000000c0c00000, 0x00000000c0c00000|100%| O|  |TAMS 0x00000000c0b00000| PB 0x00000000c0b00000| Untracked 
|  12|0x00000000c0c00000, 0x00000000c0d00000, 0x00000000c0d00000|100%| O|  |TAMS 0x00000000c0c00000| PB 0x00000000c0c00000| Untracked 
|  13|0x00000000c0d00000, 0x00000000c0e00000, 0x00000000c0e00000|100%| O|  |TAMS 0x00000000c0d00000| PB 0x00000000c0d00000| Untracked 
|  14|0x00000000c0e00000, 0x00000000c0f00000, 0x00000000c0f00000|100%| O|  |TAMS 0x00000000c0e00000| PB 0x00000000c0e00000| Untracked 
|  15|0x00000000c0f00000, 0x00000000c1000000, 0x00000000c1000000|100%| O|  |TAMS 0x00000000c0f00000| PB 0x00000000c0f00000| Untracked 
|  16|0x00000000c1000000, 0x00000000c1100000, 0x00000000c1100000|100%| O|  |TAMS 0x00000000c1000000| PB 0x00000000c1000000| Untracked 
|  17|0x00000000c1100000, 0x00000000c1200000, 0x00000000c1200000|100%| O|  |TAMS 0x00000000c1100000| PB 0x00000000c1100000| Untracked 
|  18|0x00000000c1200000, 0x00000000c1300000, 0x00000000c1300000|100%| O|  |TAMS 0x00000000c1200000| PB 0x00000000c1200000| Untracked 
|  19|0x00000000c1300000, 0x00000000c1400000, 0x00000000c1400000|100%| O|  |TAMS 0x00000000c1300000| PB 0x00000000c1300000| Untracked 
|  20|0x00000000c1400000, 0x00000000c1500000, 0x00000000c1500000|100%| O|  |TAMS 0x00000000c1400000| PB 0x00000000c1400000| Untracked 
|  21|0x00000000c1500000, 0x00000000c1600000, 0x00000000c1600000|100%| O|  |TAMS 0x00000000c1500000| PB 0x00000000c1500000| Untracked 
|  22|0x00000000c1600000, 0x00000000c1700000, 0x00000000c1700000|100%| O|Cm|TAMS 0x00000000c1600000| PB 0x00000000c1600000| Complete 
|  23|0x00000000c1700000, 0x00000000c1800000, 0x00000000c1800000|100%| O|  |TAMS 0x00000000c1700000| PB 0x00000000c1700000| Untracked 
|  24|0x00000000c1800000, 0x00000000c1900000, 0x00000000c1900000|100%| O|  |TAMS 0x00000000c1800000| PB 0x00000000c1800000| Untracked 
|  25|0x00000000c1900000, 0x00000000c1a00000, 0x00000000c1a00000|100%| O|  |TAMS 0x00000000c1900000| PB 0x00000000c1900000| Untracked 
|  26|0x00000000c1a00000, 0x00000000c1ae4ec0, 0x00000000c1b00000| 89%| O|  |TAMS 0x00000000c1a00000| PB 0x00000000c1a00000| Untracked 
|  27|0x00000000c1b00000, 0x00000000c1b00000, 0x00000000c1c00000|  0%| F|  |TAMS 0x00000000c1b00000| PB 0x00000000c1b00000| Untracked 
|  28|0x00000000c1c00000, 0x00000000c1c00000, 0x00000000c1d00000|  0%| F|  |TAMS 0x00000000c1c00000| PB 0x00000000c1c00000| Untracked 
|  29|0x00000000c1d00000, 0x00000000c1d00000, 0x00000000c1e00000|  0%| F|  |TAMS 0x00000000c1d00000| PB 0x00000000c1d00000| Untracked 
|  30|0x00000000c1e00000, 0x00000000c1e00000, 0x00000000c1f00000|  0%| F|  |TAMS 0x00000000c1e00000| PB 0x00000000c1e00000| Untracked 
|  31|0x00000000c1f00000, 0x00000000c1f00000, 0x00000000c2000000|  0%| F|  |TAMS 0x00000000c1f00000| PB 0x00000000c1f00000| Untracked 
|  32|0x00000000c2000000, 0x00000000c2000000, 0x00000000c2100000|  0%| F|  |TAMS 0x00000000c2000000| PB 0x00000000c2000000| Untracked 
|  33|0x00000000c2100000, 0x00000000c2100000, 0x00000000c2200000|  0%| F|  |TAMS 0x00000000c2100000| PB 0x00000000c2100000| Untracked 
|  34|0x00000000c2200000, 0x00000000c2300000, 0x00000000c2300000|100%| O|  |TAMS 0x00000000c2200000| PB 0x00000000c2200000| Untracked 
|  35|0x00000000c2300000, 0x00000000c2400000, 0x00000000c2400000|100%| O|  |TAMS 0x00000000c2300000| PB 0x00000000c2300000| Untracked 
|  36|0x00000000c2400000, 0x00000000c2500000, 0x00000000c2500000|100%| O|  |TAMS 0x00000000c2400000| PB 0x00000000c2400000| Untracked 
|  37|0x00000000c2500000, 0x00000000c2600000, 0x00000000c2600000|100%| O|  |TAMS 0x00000000c2500000| PB 0x00000000c2500000| Untracked 
|  38|0x00000000c2600000, 0x00000000c2600000, 0x00000000c2700000|  0%| F|  |TAMS 0x00000000c2600000| PB 0x00000000c2600000| Untracked 
|  39|0x00000000c2700000, 0x00000000c2700000, 0x00000000c2800000|  0%| F|  |TAMS 0x00000000c2700000| PB 0x00000000c2700000| Untracked 
|  40|0x00000000c2800000, 0x00000000c2800000, 0x00000000c2900000|  0%| F|  |TAMS 0x00000000c2800000| PB 0x00000000c2800000| Untracked 
|  41|0x00000000c2900000, 0x00000000c2900000, 0x00000000c2a00000|  0%| F|  |TAMS 0x00000000c2900000| PB 0x00000000c2900000| Untracked 
|  42|0x00000000c2a00000, 0x00000000c2a00000, 0x00000000c2b00000|  0%| F|  |TAMS 0x00000000c2a00000| PB 0x00000000c2a00000| Untracked 
|  43|0x00000000c2b00000, 0x00000000c2b00000, 0x00000000c2c00000|  0%| F|  |TAMS 0x00000000c2b00000| PB 0x00000000c2b00000| Untracked 
|  44|0x00000000c2c00000, 0x00000000c2c00000, 0x00000000c2d00000|  0%| F|  |TAMS 0x00000000c2c00000| PB 0x00000000c2c00000| Untracked 
|  45|0x00000000c2d00000, 0x00000000c2d00000, 0x00000000c2e00000|  0%| F|  |TAMS 0x00000000c2d00000| PB 0x00000000c2d00000| Untracked 
|  46|0x00000000c2e00000, 0x00000000c2e00000, 0x00000000c2f00000|  0%| F|  |TAMS 0x00000000c2e00000| PB 0x00000000c2e00000| Untracked 
|  47|0x00000000c2f00000, 0x00000000c2f00000, 0x00000000c3000000|  0%| F|  |TAMS 0x00000000c2f00000| PB 0x00000000c2f00000| Untracked 
|  48|0x00000000c3000000, 0x00000000c3000000, 0x00000000c3100000|  0%| F|  |TAMS 0x00000000c3000000| PB 0x00000000c3000000| Untracked 
|  49|0x00000000c3100000, 0x00000000c3100000, 0x00000000c3200000|  0%| F|  |TAMS 0x00000000c3100000| PB 0x00000000c3100000| Untracked 
|  50|0x00000000c3200000, 0x00000000c3200000, 0x00000000c3300000|  0%| F|  |TAMS 0x00000000c3200000| PB 0x00000000c3200000| Untracked 
|  51|0x00000000c3300000, 0x00000000c3300000, 0x00000000c3400000|  0%| F|  |TAMS 0x00000000c3300000| PB 0x00000000c3300000| Untracked 
|  52|0x00000000c3400000, 0x00000000c3400000, 0x00000000c3500000|  0%| F|  |TAMS 0x00000000c3400000| PB 0x00000000c3400000| Untracked 
|  53|0x00000000c3500000, 0x00000000c3500000, 0x00000000c3600000|  0%| F|  |TAMS 0x00000000c3500000| PB 0x00000000c3500000| Untracked 
|  54|0x00000000c3600000, 0x00000000c3600000, 0x00000000c3700000|  0%| F|  |TAMS 0x00000000c3600000| PB 0x00000000c3600000| Untracked 
|  55|0x00000000c3700000, 0x00000000c3700000, 0x00000000c3800000|  0%| F|  |TAMS 0x00000000c3700000| PB 0x00000000c3700000| Untracked 
|  56|0x00000000c3800000, 0x00000000c3800000, 0x00000000c3900000|  0%| F|  |TAMS 0x00000000c3800000| PB 0x00000000c3800000| Untracked 
|  57|0x00000000c3900000, 0x00000000c3900000, 0x00000000c3a00000|  0%| F|  |TAMS 0x00000000c3900000| PB 0x00000000c3900000| Untracked 
|  58|0x00000000c3a00000, 0x00000000c3a00000, 0x00000000c3b00000|  0%| F|  |TAMS 0x00000000c3a00000| PB 0x00000000c3a00000| Untracked 
|  59|0x00000000c3b00000, 0x00000000c3b00000, 0x00000000c3c00000|  0%| F|  |TAMS 0x00000000c3b00000| PB 0x00000000c3b00000| Untracked 
|  60|0x00000000c3c00000, 0x00000000c3c00000, 0x00000000c3d00000|  0%| F|  |TAMS 0x00000000c3c00000| PB 0x00000000c3c00000| Untracked 
|  61|0x00000000c3d00000, 0x00000000c3d00000, 0x00000000c3e00000|  0%| F|  |TAMS 0x00000000c3d00000| PB 0x00000000c3d00000| Untracked 
|  62|0x00000000c3e00000, 0x00000000c3e00000, 0x00000000c3f00000|  0%| F|  |TAMS 0x00000000c3e00000| PB 0x00000000c3e00000| Untracked 
|  63|0x00000000c3f00000, 0x00000000c3f00000, 0x00000000c4000000|  0%| F|  |TAMS 0x00000000c3f00000| PB 0x00000000c3f00000| Untracked 
|  64|0x00000000c4000000, 0x00000000c4000000, 0x00000000c4100000|  0%| F|  |TAMS 0x00000000c4000000| PB 0x00000000c4000000| Untracked 
|  65|0x00000000c4100000, 0x00000000c4100000, 0x00000000c4200000|  0%| F|  |TAMS 0x00000000c4100000| PB 0x00000000c4100000| Untracked 
|  66|0x00000000c4200000, 0x00000000c4200000, 0x00000000c4300000|  0%| F|  |TAMS 0x00000000c4200000| PB 0x00000000c4200000| Untracked 
|  67|0x00000000c4300000, 0x00000000c4300000, 0x00000000c4400000|  0%| F|  |TAMS 0x00000000c4300000| PB 0x00000000c4300000| Untracked 
|  68|0x00000000c4400000, 0x00000000c4400000, 0x00000000c4500000|  0%| F|  |TAMS 0x00000000c4400000| PB 0x00000000c4400000| Untracked 
|  69|0x00000000c4500000, 0x00000000c4500000, 0x00000000c4600000|  0%| F|  |TAMS 0x00000000c4500000| PB 0x00000000c4500000| Untracked 
|  70|0x00000000c4600000, 0x00000000c4600000, 0x00000000c4700000|  0%| F|  |TAMS 0x00000000c4600000| PB 0x00000000c4600000| Untracked 
|  71|0x00000000c4700000, 0x00000000c4700000, 0x00000000c4800000|  0%| F|  |TAMS 0x00000000c4700000| PB 0x00000000c4700000| Untracked 
|  72|0x00000000c4800000, 0x00000000c4800000, 0x00000000c4900000|  0%| F|  |TAMS 0x00000000c4800000| PB 0x00000000c4800000| Untracked 
|  73|0x00000000c4900000, 0x00000000c4900000, 0x00000000c4a00000|  0%| F|  |TAMS 0x00000000c4900000| PB 0x00000000c4900000| Untracked 
|  74|0x00000000c4a00000, 0x00000000c4a00000, 0x00000000c4b00000|  0%| F|  |TAMS 0x00000000c4a00000| PB 0x00000000c4a00000| Untracked 
|  75|0x00000000c4b00000, 0x00000000c4b00000, 0x00000000c4c00000|  0%| F|  |TAMS 0x00000000c4b00000| PB 0x00000000c4b00000| Untracked 
|  76|0x00000000c4c00000, 0x00000000c4c00000, 0x00000000c4d00000|  0%| F|  |TAMS 0x00000000c4c00000| PB 0x00000000c4c00000| Untracked 
|  77|0x00000000c4d00000, 0x00000000c4d00000, 0x00000000c4e00000|  0%| F|  |TAMS 0x00000000c4d00000| PB 0x00000000c4d00000| Untracked 
|  78|0x00000000c4e00000, 0x00000000c4e00000, 0x00000000c4f00000|  0%| F|  |TAMS 0x00000000c4e00000| PB 0x00000000c4e00000| Untracked 
|  79|0x00000000c4f00000, 0x00000000c4f00000, 0x00000000c5000000|  0%| F|  |TAMS 0x00000000c4f00000| PB 0x00000000c4f00000| Untracked 
|  80|0x00000000c5000000, 0x00000000c5000000, 0x00000000c5100000|  0%| F|  |TAMS 0x00000000c5000000| PB 0x00000000c5000000| Untracked 
|  81|0x00000000c5100000, 0x00000000c5100000, 0x00000000c5200000|  0%| F|  |TAMS 0x00000000c5100000| PB 0x00000000c5100000| Untracked 
|  82|0x00000000c5200000, 0x00000000c5200000, 0x00000000c5300000|  0%| F|  |TAMS 0x00000000c5200000| PB 0x00000000c5200000| Untracked 
|  83|0x00000000c5300000, 0x00000000c5300000, 0x00000000c5400000|  0%| F|  |TAMS 0x00000000c5300000| PB 0x00000000c5300000| Untracked 
|  84|0x00000000c5400000, 0x00000000c5400000, 0x00000000c5500000|  0%| F|  |TAMS 0x00000000c5400000| PB 0x00000000c5400000| Untracked 
|  85|0x00000000c5500000, 0x00000000c5500000, 0x00000000c5600000|  0%| F|  |TAMS 0x00000000c5500000| PB 0x00000000c5500000| Untracked 
|  86|0x00000000c5600000, 0x00000000c5680000, 0x00000000c5700000| 50%| E|  |TAMS 0x00000000c5600000| PB 0x00000000c5600000| Complete 
|  87|0x00000000c5700000, 0x00000000c5800000, 0x00000000c5800000|100%| E|CS|TAMS 0x00000000c5700000| PB 0x00000000c5700000| Complete 
|  88|0x00000000c5800000, 0x00000000c5900000, 0x00000000c5900000|100%| E|CS|TAMS 0x00000000c5800000| PB 0x00000000c5800000| Complete 
|  89|0x00000000c5900000, 0x00000000c5a00000, 0x00000000c5a00000|100%| E|CS|TAMS 0x00000000c5900000| PB 0x00000000c5900000| Complete 
|  90|0x00000000c5a00000, 0x00000000c5b00000, 0x00000000c5b00000|100%| E|CS|TAMS 0x00000000c5a00000| PB 0x00000000c5a00000| Complete 
|  91|0x00000000c5b00000, 0x00000000c5c00000, 0x00000000c5c00000|100%| E|CS|TAMS 0x00000000c5b00000| PB 0x00000000c5b00000| Complete 
|  92|0x00000000c5c00000, 0x00000000c5c65c40, 0x00000000c5d00000| 39%| S|CS|TAMS 0x00000000c5c00000| PB 0x00000000c5c00000| Complete 
|  93|0x00000000c5d00000, 0x00000000c5e00000, 0x00000000c5e00000|100%| S|CS|TAMS 0x00000000c5d00000| PB 0x00000000c5d00000| Complete 
|  94|0x00000000c5e00000, 0x00000000c5f00000, 0x00000000c5f00000|100%| S|CS|TAMS 0x00000000c5e00000| PB 0x00000000c5e00000| Complete 
|  95|0x00000000c5f00000, 0x00000000c6000000, 0x00000000c6000000|100%| S|CS|TAMS 0x00000000c5f00000| PB 0x00000000c5f00000| Complete 
|  96|0x00000000c6000000, 0x00000000c6100000, 0x00000000c6100000|100%| S|CS|TAMS 0x00000000c6000000| PB 0x00000000c6000000| Complete 
|  97|0x00000000c6100000, 0x00000000c6200000, 0x00000000c6200000|100%| S|CS|TAMS 0x00000000c6100000| PB 0x00000000c6100000| Complete 
|  98|0x00000000c6200000, 0x00000000c6300000, 0x00000000c6300000|100%| E|CS|TAMS 0x00000000c6200000| PB 0x00000000c6200000| Complete 
|  99|0x00000000c6300000, 0x00000000c6400000, 0x00000000c6400000|100%| E|CS|TAMS 0x00000000c6300000| PB 0x00000000c6300000| Complete 
| 100|0x00000000c6400000, 0x00000000c6500000, 0x00000000c6500000|100%| E|CS|TAMS 0x00000000c6400000| PB 0x00000000c6400000| Complete 
| 101|0x00000000c6500000, 0x00000000c6600000, 0x00000000c6600000|100%| E|CS|TAMS 0x00000000c6500000| PB 0x00000000c6500000| Complete 
| 102|0x00000000c6600000, 0x00000000c6700000, 0x00000000c6700000|100%| E|CS|TAMS 0x00000000c6600000| PB 0x00000000c6600000| Complete 
| 103|0x00000000c6700000, 0x00000000c6800000, 0x00000000c6800000|100%| E|CS|TAMS 0x00000000c6700000| PB 0x00000000c6700000| Complete 
| 104|0x00000000c6800000, 0x00000000c6900000, 0x00000000c6900000|100%| E|CS|TAMS 0x00000000c6800000| PB 0x00000000c6800000| Complete 
| 105|0x00000000c6900000, 0x00000000c6a00000, 0x00000000c6a00000|100%| E|CS|TAMS 0x00000000c6900000| PB 0x00000000c6900000| Complete 
| 106|0x00000000c6a00000, 0x00000000c6b00000, 0x00000000c6b00000|100%| E|CS|TAMS 0x00000000c6a00000| PB 0x00000000c6a00000| Complete 
| 107|0x00000000c6b00000, 0x00000000c6c00000, 0x00000000c6c00000|100%| E|CS|TAMS 0x00000000c6b00000| PB 0x00000000c6b00000| Complete 
| 108|0x00000000c6c00000, 0x00000000c6d00000, 0x00000000c6d00000|100%| E|CS|TAMS 0x00000000c6c00000| PB 0x00000000c6c00000| Complete 
| 109|0x00000000c6d00000, 0x00000000c6e00000, 0x00000000c6e00000|100%| E|CS|TAMS 0x00000000c6d00000| PB 0x00000000c6d00000| Complete 
| 110|0x00000000c6e00000, 0x00000000c6f00000, 0x00000000c6f00000|100%| E|CS|TAMS 0x00000000c6e00000| PB 0x00000000c6e00000| Complete 
| 111|0x00000000c6f00000, 0x00000000c7000000, 0x00000000c7000000|100%| E|CS|TAMS 0x00000000c6f00000| PB 0x00000000c6f00000| Complete 
| 112|0x00000000c7000000, 0x00000000c7100000, 0x00000000c7100000|100%| E|CS|TAMS 0x00000000c7000000| PB 0x00000000c7000000| Complete 
|1021|0x00000000ffd00000, 0x00000000ffe00000, 0x00000000ffe00000|100%| O|  |TAMS 0x00000000ffd00000| PB 0x00000000ffd00000| Untracked 
|1022|0x00000000ffe00000, 0x00000000fff00000, 0x00000000fff00000|100%| O|  |TAMS 0x00000000ffe00000| PB 0x00000000ffe00000| Untracked 
|1023|0x00000000fff00000, 0x0000000100000000, 0x0000000100000000|100%| O|  |TAMS 0x00000000fff00000| PB 0x00000000fff00000| Untracked 

Card table byte_map: [0x00000235aec30000,0x00000235aee30000] _byte_map_base: 0x00000235ae630000

Marking Bits: (CMBitMap*) 0x000002359c3cc1d0
 Bits: [0x00000235aee30000, 0x00000235afe30000)

Polling page: 0x000002359a270000

Metaspace:

Usage:
  Non-class:     51.38 MB used.
      Class:      8.44 MB used.
       Both:     59.82 MB used.

Virtual space:
  Non-class space:       64.00 MB reserved,      52.06 MB ( 81%) committed,  1 nodes.
      Class space:      208.00 MB reserved,       9.12 MB (  4%) committed,  1 nodes.
             Both:      272.00 MB reserved,      61.19 MB ( 22%) committed. 

Chunk freelists:
   Non-Class:  11.31 MB
       Class:  6.85 MB
        Both:  18.16 MB

MaxMetaspaceSize: 256.00 MB
CompressedClassSpaceSize: 208.00 MB
Initial GC threshold: 21.00 MB
Current GC threshold: 98.12 MB
CDS: off
 - commit_granule_bytes: 65536.
 - commit_granule_words: 8192.
 - virtual_space_node_default_size: 8388608.
 - enlarge_chunks_in_place: 1.
 - use_allocation_guard: 0.


Internal statistics:

num_allocs_failed_limit: 9.
num_arena_births: 2672.
num_arena_deaths: 0.
num_vsnodes_births: 2.
num_vsnodes_deaths: 0.
num_space_committed: 979.
num_space_uncommitted: 0.
num_chunks_returned_to_freelist: 9.
num_chunks_taken_from_freelist: 5079.
num_chunk_merges: 9.
num_chunk_splits: 3270.
num_chunks_enlarged: 2010.
num_inconsistent_stats: 0.

CodeHeap 'non-profiled nmethods': size=120000Kb used=2585Kb max_used=2585Kb free=117415Kb
 bounds [0x00000235a6fb0000, 0x00000235a7240000, 0x00000235ae4e0000]
CodeHeap 'profiled nmethods': size=120000Kb used=9381Kb max_used=9436Kb free=110618Kb
 bounds [0x000002359f4e0000, 0x000002359fe30000, 0x00000235a6a10000]
CodeHeap 'non-nmethods': size=5760Kb used=2714Kb max_used=2742Kb free=3045Kb
 bounds [0x00000235a6a10000, 0x00000235a6cd0000, 0x00000235a6fb0000]
CodeCache: size=245760Kb, used=14680Kb, max_used=14763Kb, free=231078Kb
 total_blobs=5951, nmethods=5084, adapters=771, full_count=0
Compilation: enabled, stopped_count=0, restarted_count=0

Compilation events (20 events):
Event: 8.961 Thread 0x00000235b2c67be0 5587       4       jdk.internal.loader.ClassLoaders$BootClassLoader::loadClassOrNull (10 bytes)
Event: 8.963 Thread 0x00000235b2c67be0 nmethod 5587 0x00000235a7234310 code [0x00000235a72344c0, 0x00000235a7234790]
Event: 8.963 Thread 0x00000235b2c67be0 5563       4       java.lang.instrument.ClassFileTransformer::transform (15 bytes)
Event: 8.964 Thread 0x00000235b2c67be0 nmethod 5563 0x00000235a7234a90 code [0x00000235a7234c20, 0x00000235a7234d68]
Event: 8.964 Thread 0x00000235b2c67be0 5572       4       jdk.internal.org.objectweb.asm.ClassReader::readInt (52 bytes)
Event: 8.964 Thread 0x00000235b2c691f0 5588       3       org.gradle.internal.time.TimeSource$1::nanoTime (4 bytes)
Event: 8.964 Thread 0x00000235b2c691f0 nmethod 5588 0x000002359fb01810 code [0x000002359fb019c0, 0x000002359fb01af0]
Event: 8.964 Thread 0x00000235b2c691f0 5589       3       org.gradle.internal.operations.OperationIdentifier::hashCode (14 bytes)
Event: 8.964 Thread 0x00000235b2c691f0 nmethod 5589 0x000002359f61d190 code [0x000002359f61d320, 0x000002359f61d440]
Event: 8.965 Thread 0x00000235b2c67be0 nmethod 5572 0x00000235a7234e90 code [0x00000235a7235020, 0x00000235a7235140]
Event: 8.972 Thread 0x00000235b2c67be0 5590   !   4       jdk.internal.loader.BuiltinClassLoader::loadClassOrNull (143 bytes)
Event: 8.973 Thread 0x00000235b2c691f0 5591       3       com.google.common.collect.ImmutableList::of (4 bytes)
Event: 8.973 Thread 0x00000235b2c691f0 nmethod 5591 0x000002359f886d90 code [0x000002359f886f20, 0x000002359f887018]
Event: 9.020 Thread 0x00000235b2c691f0 5594       3       java.lang.invoke.LambdaForm$NamedFunction::<init> (7 bytes)
Event: 9.020 Thread 0x00000235b2c691f0 nmethod 5594 0x000002359f578f10 code [0x000002359f5790c0, 0x000002359f579310]
Event: 9.022 Thread 0x00000235b2c691f0 5596       3       org.gradle.api.attributes.Attribute::equals (57 bytes)
Event: 9.022 Thread 0x00000235b2c691f0 nmethod 5596 0x000002359f7cdc10 code [0x000002359f7cde00, 0x000002359f7ce310]
Event: 9.026 Thread 0x00000235b2c691f0 5598       3       java.nio.Buffer::discardMark (6 bytes)
Event: 9.026 Thread 0x00000235b2c691f0 nmethod 5598 0x000002359f8a9410 code [0x000002359f8a95a0, 0x000002359f8a96b0]
Event: 9.035 Thread 0x00000235b2c691f0 5599       3       com.google.common.collect.RegularImmutableMap::fromEntryArrayCheckingBucketOverflow (282 bytes)

GC Heap History (20 events):
Event: 2.550 GC heap before
{Heap before GC invocations=2 (full 0):
 garbage-first heap   total 96256K, used 56803K [0x00000000c0000000, 0x0000000100000000)
  region size 1024K, 49 young (50176K), 5 survivors (5120K)
 Metaspace       used 13125K, committed 13376K, reserved 278528K
  class space    used 1490K, committed 1600K, reserved 212992K
}
Event: 2.660 GC heap after
{Heap after GC invocations=3 (full 0):
 garbage-first heap   total 96256K, used 16725K [0x00000000c0000000, 0x0000000100000000)
  region size 1024K, 5 young (5120K), 5 survivors (5120K)
 Metaspace       used 13125K, committed 13376K, reserved 278528K
  class space    used 1490K, committed 1600K, reserved 212992K
}
Event: 3.859 GC heap before
{Heap before GC invocations=3 (full 0):
 garbage-first heap   total 96256K, used 43349K [0x00000000c0000000, 0x0000000100000000)
  region size 1024K, 32 young (32768K), 5 survivors (5120K)
 Metaspace       used 21208K, committed 21504K, reserved 278528K
  class space    used 2531K, committed 2688K, reserved 212992K
}
Event: 3.865 GC heap after
{Heap after GC invocations=4 (full 0):
 garbage-first heap   total 96256K, used 20500K [0x00000000c0000000, 0x0000000100000000)
  region size 1024K, 4 young (4096K), 4 survivors (4096K)
 Metaspace       used 21208K, committed 21504K, reserved 278528K
  class space    used 2531K, committed 2688K, reserved 212992K
}
Event: 5.047 GC heap before
{Heap before GC invocations=5 (full 0):
 garbage-first heap   total 71680K, used 70676K [0x00000000c0000000, 0x0000000100000000)
  region size 1024K, 53 young (54272K), 4 survivors (4096K)
 Metaspace       used 29516K, committed 30080K, reserved 278528K
  class space    used 3898K, committed 4160K, reserved 212992K
}
Event: 5.054 GC heap after
{Heap after GC invocations=6 (full 0):
 garbage-first heap   total 78848K, used 23330K [0x00000000c0000000, 0x0000000100000000)
  region size 1024K, 7 young (7168K), 7 survivors (7168K)
 Metaspace       used 29516K, committed 30080K, reserved 278528K
  class space    used 3898K, committed 4160K, reserved 212992K
}
Event: 5.747 GC heap before
{Heap before GC invocations=6 (full 0):
 garbage-first heap   total 78848K, used 62242K [0x00000000c0000000, 0x0000000100000000)
  region size 1024K, 45 young (46080K), 7 survivors (7168K)
 Metaspace       used 34765K, committed 35520K, reserved 278528K
  class space    used 4831K, committed 5184K, reserved 212992K
}
Event: 5.751 GC heap after
{Heap after GC invocations=7 (full 0):
 garbage-first heap   total 78848K, used 25519K [0x00000000c0000000, 0x0000000100000000)
  region size 1024K, 6 young (6144K), 6 survivors (6144K)
 Metaspace       used 34765K, committed 35520K, reserved 278528K
  class space    used 4831K, committed 5184K, reserved 212992K
}
Event: 5.790 GC heap before
{Heap before GC invocations=7 (full 0):
 garbage-first heap   total 78848K, used 27567K [0x00000000c0000000, 0x0000000100000000)
  region size 1024K, 9 young (9216K), 6 survivors (6144K)
 Metaspace       used 35228K, committed 35968K, reserved 278528K
  class space    used 4877K, committed 5248K, reserved 212992K
}
Event: 5.794 GC heap after
{Heap after GC invocations=8 (full 0):
 garbage-first heap   total 78848K, used 26125K [0x00000000c0000000, 0x0000000100000000)
  region size 1024K, 4 young (4096K), 4 survivors (4096K)
 Metaspace       used 35228K, committed 35968K, reserved 278528K
  class space    used 4877K, committed 5248K, reserved 212992K
}
Event: 6.452 GC heap before
{Heap before GC invocations=9 (full 0):
 garbage-first heap   total 78848K, used 65037K [0x00000000c0000000, 0x0000000100000000)
  region size 1024K, 43 young (44032K), 4 survivors (4096K)
 Metaspace       used 43302K, committed 44224K, reserved 278528K
  class space    used 5951K, committed 6400K, reserved 212992K
}
Event: 6.456 GC heap after
{Heap after GC invocations=10 (full 0):
 garbage-first heap   total 78848K, used 29197K [0x00000000c0000000, 0x0000000100000000)
  region size 1024K, 6 young (6144K), 6 survivors (6144K)
 Metaspace       used 43302K, committed 44224K, reserved 278528K
  class space    used 5951K, committed 6400K, reserved 212992K
}
Event: 6.849 GC heap before
{Heap before GC invocations=10 (full 0):
 garbage-first heap   total 78848K, used 71181K [0x00000000c0000000, 0x0000000100000000)
  region size 1024K, 43 young (44032K), 6 survivors (6144K)
 Metaspace       used 46340K, committed 47232K, reserved 278528K
  class space    used 6259K, committed 6656K, reserved 212992K
}
Event: 6.855 GC heap after
{Heap after GC invocations=11 (full 0):
 garbage-first heap   total 83968K, used 32698K [0x00000000c0000000, 0x0000000100000000)
  region size 1024K, 4 young (4096K), 4 survivors (4096K)
 Metaspace       used 46340K, committed 47232K, reserved 278528K
  class space    used 6259K, committed 6656K, reserved 212992K
}
Event: 7.223 GC heap before
{Heap before GC invocations=11 (full 0):
 garbage-first heap   total 83968K, used 70586K [0x00000000c0000000, 0x0000000100000000)
  region size 1024K, 42 young (43008K), 4 survivors (4096K)
 Metaspace       used 49622K, committed 50624K, reserved 278528K
  class space    used 6810K, committed 7296K, reserved 212992K
}
Event: 7.227 GC heap after
{Heap after GC invocations=12 (full 0):
 garbage-first heap   total 118784K, used 35313K [0x00000000c0000000, 0x0000000100000000)
  region size 1024K, 3 young (3072K), 3 survivors (3072K)
 Metaspace       used 49622K, committed 50624K, reserved 278528K
  class space    used 6810K, committed 7296K, reserved 212992K
}
Event: 8.325 GC heap before
{Heap before GC invocations=12 (full 0):
 garbage-first heap   total 118784K, used 102897K [0x00000000c0000000, 0x0000000100000000)
  region size 1024K, 69 young (70656K), 3 survivors (3072K)
 Metaspace       used 56838K, committed 58048K, reserved 278528K
  class space    used 7879K, committed 8448K, reserved 212992K
}
Event: 8.329 GC heap after
{Heap after GC invocations=13 (full 0):
 garbage-first heap   total 118784K, used 39286K [0x00000000c0000000, 0x0000000100000000)
  region size 1024K, 7 young (7168K), 7 survivors (7168K)
 Metaspace       used 56838K, committed 58048K, reserved 278528K
  class space    used 7879K, committed 8448K, reserved 212992K
}
Event: 8.595 GC heap before
{Heap before GC invocations=13 (full 0):
 garbage-first heap   total 118784K, used 53622K [0x00000000c0000000, 0x0000000100000000)
  region size 1024K, 22 young (22528K), 7 survivors (7168K)
 Metaspace       used 58785K, committed 60096K, reserved 278528K
  class space    used 8215K, committed 8832K, reserved 212992K
}
Event: 8.598 GC heap after
{Heap after GC invocations=14 (full 0):
 garbage-first heap   total 118784K, used 40234K [0x00000000c0000000, 0x0000000100000000)
  region size 1024K, 6 young (6144K), 6 survivors (6144K)
 Metaspace       used 58785K, committed 60096K, reserved 278528K
  class space    used 8215K, committed 8832K, reserved 212992K
}

Dll operation events (3 events):
Event: 0.014 Loaded shared library C:\Program Files\Android\Android Studio1\jbr\bin\java.dll
Event: 0.021 Loaded shared library C:\Program Files\Android\Android Studio1\jbr\bin\zip.dll
Event: 0.880 Loaded shared library C:\Program Files\Android\Android Studio1\jbr\bin\verify.dll

Deoptimization events (20 events):
Event: 8.407 Thread 0x00000235b89f88e0 Uncommon trap: trap_request=0xffffff45 fr.pc=0x00000235a6fd8b7c relative=0x000000000000023c
Event: 8.407 Thread 0x00000235b89f88e0 Uncommon trap: reason=unstable_if action=reinterpret pc=0x00000235a6fd8b7c method=java.lang.StringLatin1.hashCode([B)I @ 2 c2
Event: 8.407 Thread 0x00000235b89f88e0 DEOPT PACKING pc=0x00000235a6fd8b7c sp=0x0000009a721f7890
Event: 8.407 Thread 0x00000235b89f88e0 DEOPT UNPACKING pc=0x00000235a6a646a2 sp=0x0000009a721f7828 mode 2
Event: 8.407 Thread 0x00000235b89f88e0 Uncommon trap: trap_request=0xffffff45 fr.pc=0x00000235a7003fe4 relative=0x00000000000000a4
Event: 8.407 Thread 0x00000235b89f88e0 Uncommon trap: reason=unstable_if action=reinterpret pc=0x00000235a7003fe4 method=java.lang.String.hashCode()I @ 42 c2
Event: 8.407 Thread 0x00000235b89f88e0 DEOPT PACKING pc=0x00000235a7003fe4 sp=0x0000009a721f78c0
Event: 8.407 Thread 0x00000235b89f88e0 DEOPT UNPACKING pc=0x00000235a6a646a2 sp=0x0000009a721f7850 mode 2
Event: 8.407 Thread 0x00000235b89f88e0 Uncommon trap: trap_request=0xffffff3d fr.pc=0x00000235a6ff053c relative=0x000000000000025c
Event: 8.407 Thread 0x00000235b89f88e0 Uncommon trap: reason=unstable_fused_if action=reinterpret pc=0x00000235a6ff053c method=org.objectweb.asm.ByteVector.putUTF8(Ljava/lang/String;)Lorg/objectweb/asm/ByteVector; @ 93 c2
Event: 8.407 Thread 0x00000235b89f88e0 DEOPT PACKING pc=0x00000235a6ff053c sp=0x0000009a721f77f0
Event: 8.407 Thread 0x00000235b89f88e0 DEOPT UNPACKING pc=0x00000235a6a646a2 sp=0x0000009a721f7780 mode 2
Event: 8.675 Thread 0x00000235b89f88e0 Uncommon trap: trap_request=0xffffff45 fr.pc=0x00000235a706d810 relative=0x0000000000000070
Event: 8.675 Thread 0x00000235b89f88e0 Uncommon trap: reason=unstable_if action=reinterpret pc=0x00000235a706d810 method=java.lang.ref.ReferenceQueue.poll()Ljava/lang/ref/Reference; @ 4 c2
Event: 8.675 Thread 0x00000235b89f88e0 DEOPT PACKING pc=0x00000235a706d810 sp=0x0000009a721f8630
Event: 8.675 Thread 0x00000235b89f88e0 DEOPT UNPACKING pc=0x00000235a6a646a2 sp=0x0000009a721f85b8 mode 2
Event: 8.682 Thread 0x00000235b89f88e0 Uncommon trap: trap_request=0xffffff45 fr.pc=0x00000235a70717c4 relative=0x00000000000000a4
Event: 8.682 Thread 0x00000235b89f88e0 Uncommon trap: reason=unstable_if action=reinterpret pc=0x00000235a70717c4 method=java.lang.ref.ReferenceQueue.poll()Ljava/lang/ref/Reference; @ 4 c2
Event: 8.682 Thread 0x00000235b89f88e0 DEOPT PACKING pc=0x00000235a70717c4 sp=0x0000009a721f7b60
Event: 8.682 Thread 0x00000235b89f88e0 DEOPT UNPACKING pc=0x00000235a6a646a2 sp=0x0000009a721f7a48 mode 2

Classes loaded (20 events):
Event: 8.666 Loading class java/util/PrimitiveIterator$OfInt
Event: 8.666 Loading class java/util/PrimitiveIterator
Event: 8.667 Loading class java/util/PrimitiveIterator done
Event: 8.667 Loading class java/util/PrimitiveIterator$OfInt done
Event: 8.671 Loading class java/util/concurrent/RecursiveAction
Event: 8.672 Loading class java/util/concurrent/RecursiveAction done
Event: 8.868 Loading class java/lang/StringIndexOutOfBoundsException
Event: 8.868 Loading class java/lang/StringIndexOutOfBoundsException done
Event: 8.933 Loading class java/io/DeleteOnExitHook
Event: 8.933 Loading class java/io/DeleteOnExitHook done
Event: 8.934 Loading class java/io/DeleteOnExitHook$1
Event: 8.934 Loading class java/io/DeleteOnExitHook$1 done
Event: 9.027 Loading class java/util/stream/DistinctOps
Event: 9.027 Loading class java/util/stream/DistinctOps done
Event: 9.027 Loading class java/util/stream/DistinctOps$1
Event: 9.028 Loading class java/util/stream/ReferencePipeline$StatefulOp
Event: 9.028 Loading class java/util/stream/ReferencePipeline$StatefulOp done
Event: 9.028 Loading class java/util/stream/DistinctOps$1 done
Event: 9.030 Loading class java/util/stream/DistinctOps$1$2
Event: 9.030 Loading class java/util/stream/DistinctOps$1$2 done

Classes unloaded (0 events):
No events

Classes redefined (0 events):
No events

Internal exceptions (20 events):
Event: 8.438 Thread 0x00000235b89f88e0 Exception <a 'java/lang/NoSuchMethodError'{0x00000000c6ae6100}: 'java.lang.Object java.lang.invoke.DirectMethodHandle$Holder.newInvokeSpecial(java.lang.Object, java.lang.Object, java.lang.Object, java.lang.Object, int)'> (0x00000000c6ae6100) 
thrown [s\src\hotspot\share\interpreter\linkResolver.cpp, line 784]
Event: 8.439 Thread 0x00000235b89f88e0 Exception <a 'java/lang/NoSuchMethodError'{0x00000000c6aeaf78}: 'java.lang.Object java.lang.invoke.DirectMethodHandle$Holder.invokeSpecial(java.lang.Object, java.lang.Object, java.lang.Object, java.lang.Object, java.lang.Object, int)'> (0x00000000c6aeaf78) 
thrown [s\src\hotspot\share\interpreter\linkResolver.cpp, line 784]
Event: 8.439 Thread 0x00000235b89f88e0 Exception <a 'java/lang/NoSuchMethodError'{0x00000000c6aef768}: 'java.lang.Object java.lang.invoke.Invokers$Holder.linkToTargetMethod(java.lang.Object, java.lang.Object, java.lang.Object, int, java.lang.Object)'> (0x00000000c6aef768) 
thrown [s\src\hotspot\share\interpreter\linkResolver.cpp, line 784]
Event: 8.495 Thread 0x00000235b89f88e0 Exception <a 'java/lang/NoSuchMethodError'{0x00000000c67b0538}: 'int java.lang.invoke.DirectMethodHandle$Holder.invokeInterface(java.lang.Object, java.lang.Object, java.lang.Object, java.lang.Object)'> (0x00000000c67b0538) 
thrown [s\src\hotspot\share\interpreter\linkResolver.cpp, line 784]
Event: 8.556 Thread 0x00000235b89f88e0 Exception <a 'java/lang/NoSuchMethodError'{0x00000000c644cda0}: 'java.lang.Object java.lang.invoke.Invokers$Holder.linkToTargetMethod(java.lang.Object, java.lang.Object, java.lang.Object, java.lang.Object, long, java.lang.Object, java.lang.Object)'> (0x00000000c644cda0) 
thrown [s\src\hotspot\share\interpreter\linkResolver.cpp, line 784]
Event: 8.561 Thread 0x00000235b89f88e0 Exception <a 'java/lang/NoSuchMethodError'{0x00000000c6493718}: 'java.lang.Object java.lang.invoke.DirectMethodHandle$Holder.newInvokeSpecial(java.lang.Object, java.lang.Object, java.lang.Object, long, java.lang.Object)'> (0x00000000c6493718) 
thrown [s\src\hotspot\share\interpreter\linkResolver.cpp, line 784]
Event: 8.561 Thread 0x00000235b89f88e0 Exception <a 'java/lang/NoSuchMethodError'{0x00000000c6498678}: 'java.lang.Object java.lang.invoke.DirectMethodHandle$Holder.invokeSpecial(java.lang.Object, java.lang.Object, java.lang.Object, java.lang.Object, long, java.lang.Object)'> (0x00000000c6498678) 
thrown [s\src\hotspot\share\interpreter\linkResolver.cpp, line 784]
Event: 8.561 Thread 0x00000235b89f88e0 Exception <a 'java/lang/NoSuchMethodError'{0x00000000c649cc68}: 'java.lang.Object java.lang.invoke.Invokers$Holder.linkToTargetMethod(java.lang.Object, java.lang.Object, long, java.lang.Object, java.lang.Object)'> (0x00000000c649cc68) 
thrown [s\src\hotspot\share\interpreter\linkResolver.cpp, line 784]
Event: 8.601 Thread 0x00000235b89f88e0 Exception <a 'java/lang/NoSuchMethodError'{0x00000000c70054c8}: 'java.lang.Object java.lang.invoke.DirectMethodHandle$Holder.newInvokeSpecial(java.lang.Object, java.lang.Object, java.lang.Object, java.lang.Object, java.lang.Object, java.lang.Object, java.lang.Object, java.lang.Object, java.lang.Object, java.lang.Object, java.lang.Object, java.lang.Object, java.lang.Object, java.lang.Object, java.lang.Object, java.lang.Object, java.lang.Object, java.lang.Object, java.lang.Object, java.lang.Object, java.lang
Event: 8.680 Thread 0x00000235b89f88e0 Exception <a 'java/lang/ClassNotFoundException'{0x00000000c6df83f8}: org/gradle/api/internal/artifacts/dsl/dependencies/DefaultDependencyHandler_DecoratedBeanInfo> (0x00000000c6df83f8) 
thrown [s\src\hotspot\share\classfile\systemDictionary.cpp, line 312]
Event: 8.681 Thread 0x00000235b89f88e0 Exception <a 'java/lang/ClassNotFoundException'{0x00000000c6c0c120}: org/gradle/api/internal/artifacts/dsl/dependencies/DefaultDependencyHandlerBeanInfo> (0x00000000c6c0c120) 
thrown [s\src\hotspot\share\classfile\systemDictionary.cpp, line 312]
Event: 8.681 Thread 0x00000235b89f88e0 Exception <a 'java/lang/ClassNotFoundException'{0x00000000c6c1f620}: org/gradle/api/internal/artifacts/dsl/dependencies/DefaultDependencyHandlerCustomizer> (0x00000000c6c1f620) 
thrown [s\src\hotspot\share\classfile\systemDictionary.cpp, line 312]
Event: 8.685 Thread 0x00000235b89f88e0 Exception <a 'java/lang/ClassNotFoundException'{0x00000000c6c67190}: org/gradle/api/internal/artifacts/dsl/dependencies/DefaultDependencyHandler_DecoratedCustomizer> (0x00000000c6c67190) 
thrown [s\src\hotspot\share\classfile\systemDictionary.cpp, line 312]
Event: 8.688 Thread 0x00000235b89f88e0 Exception <a 'java/lang/ClassNotFoundException'{0x00000000c6cacc30}: ijJvmDebugger1_38mkwnzutsk9yqchhvz9ywkb$_run_closure1BeanInfo> (0x00000000c6cacc30) 
thrown [s\src\hotspot\share\classfile\systemDictionary.cpp, line 312]
Event: 8.688 Thread 0x00000235b89f88e0 Exception <a 'java/lang/ClassNotFoundException'{0x00000000c6cb32b0}: ijJvmDebugger1_38mkwnzutsk9yqchhvz9ywkb$_run_closure1Customizer> (0x00000000c6cb32b0) 
thrown [s\src\hotspot\share\classfile\systemDictionary.cpp, line 312]
Event: 8.729 Thread 0x00000235b89f88e0 Exception <a 'java/lang/NoSuchMethodError'{0x00000000c6a77c98}: 'java.lang.Object java.lang.invoke.DirectMethodHandle$Holder.newInvokeSpecial(java.lang.Object, int, java.lang.Object)'> (0x00000000c6a77c98) 
thrown [s\src\hotspot\share\interpreter\linkResolver.cpp, line 784]
Event: 8.824 Thread 0x00000235b89f88e0 Exception <a 'java/lang/NoSuchMethodError'{0x00000000c65c0538}: 'java.lang.Object java.lang.invoke.DirectMethodHandle$Holder.newInvokeSpecial(java.lang.Object, java.lang.Object, java.lang.Object, int)'> (0x00000000c65c0538) 
thrown [s\src\hotspot\share\interpreter\linkResolver.cpp, line 784]
Event: 8.824 Thread 0x00000235b89f88e0 Exception <a 'java/lang/NoSuchMethodError'{0x00000000c65c4948}: 'java.lang.Object java.lang.invoke.Invokers$Holder.linkToTargetMethod(java.lang.Object, java.lang.Object, int, java.lang.Object)'> (0x00000000c65c4948) 
thrown [s\src\hotspot\share\interpreter\linkResolver.cpp, line 784]
Event: 8.890 Thread 0x00000235b89f88e0 Exception <a 'java/lang/NoSuchMethodError'{0x00000000c5b12c70}: 'java.lang.Object java.lang.invoke.DirectMethodHandle$Holder.invokeSpecial(java.lang.Object, java.lang.Object, long, java.lang.Object, java.lang.Object)'> (0x00000000c5b12c70) 
thrown [s\src\hotspot\share\interpreter\linkResolver.cpp, line 784]
Event: 9.020 Thread 0x00000235b89f88e0 Exception <a 'java/lang/NoSuchMethodError'{0x00000000c5701da8}: 'int java.lang.invoke.DirectMethodHandle$Holder.invokeInterface(java.lang.Object, java.lang.Object, java.lang.Object, java.lang.Object, java.lang.Object)'> (0x00000000c5701da8) 
thrown [s\src\hotspot\share\interpreter\linkResolver.cpp, line 784]

ZGC Phase Switch (0 events):
No events

VM Operations (20 events):
Event: 7.604 Executing VM operation: ICBufferFull done
Event: 7.933 Executing VM operation: HandshakeAllThreads (Deoptimize)
Event: 7.933 Executing VM operation: HandshakeAllThreads (Deoptimize) done
Event: 8.325 Executing VM operation: G1CollectForAllocation (G1 Evacuation Pause)
Event: 8.329 Executing VM operation: G1CollectForAllocation (G1 Evacuation Pause) done
Event: 8.428 Executing VM operation: HandshakeAllThreads (Deoptimize)
Event: 8.429 Executing VM operation: HandshakeAllThreads (Deoptimize) done
Event: 8.494 Executing VM operation: HandshakeAllThreads (Deoptimize)
Event: 8.494 Executing VM operation: HandshakeAllThreads (Deoptimize) done
Event: 8.595 Executing VM operation: CollectForMetadataAllocation (Metadata GC Threshold)
Event: 8.599 Executing VM operation: CollectForMetadataAllocation (Metadata GC Threshold) done
Event: 8.618 Executing VM operation: G1PauseRemark
Event: 8.622 Executing VM operation: G1PauseRemark done
Event: 8.628 Executing VM operation: G1PauseCleanup
Event: 8.628 Executing VM operation: G1PauseCleanup done
Event: 8.854 Executing VM operation: HandshakeAllThreads (Deoptimize)
Event: 8.854 Executing VM operation: HandshakeAllThreads (Deoptimize) done
Event: 9.030 Executing VM operation: HandshakeAllThreads (Deoptimize)
Event: 9.030 Executing VM operation: HandshakeAllThreads (Deoptimize) done
Event: 10.039 Executing VM operation: Cleanup

Memory protections (0 events):
No events

Nmethod flushes (20 events):
Event: 8.621 Thread 0x00000235b2aa41f0 flushing  nmethod 0x000002359f82d010
Event: 8.621 Thread 0x00000235b2aa41f0 flushing  nmethod 0x000002359f8a4b10
Event: 8.621 Thread 0x00000235b2aa41f0 flushing  nmethod 0x000002359f8a9410
Event: 8.621 Thread 0x00000235b2aa41f0 flushing  nmethod 0x000002359f926a10
Event: 8.621 Thread 0x00000235b2aa41f0 flushing  nmethod 0x000002359f92f190
Event: 8.621 Thread 0x00000235b2aa41f0 flushing  nmethod 0x000002359f930490
Event: 8.621 Thread 0x00000235b2aa41f0 flushing  nmethod 0x000002359f9b4910
Event: 8.621 Thread 0x00000235b2aa41f0 flushing  nmethod 0x000002359fb11710
Event: 8.621 Thread 0x00000235b2aa41f0 flushing  nmethod 0x000002359f525390
Event: 8.621 Thread 0x00000235b2aa41f0 flushing  nmethod 0x000002359f526390
Event: 8.621 Thread 0x00000235b2aa41f0 flushing  nmethod 0x000002359f576a90
Event: 8.621 Thread 0x00000235b2aa41f0 flushing  nmethod 0x000002359f578f10
Event: 8.621 Thread 0x00000235b2aa41f0 flushing  nmethod 0x000002359f803190
Event: 8.621 Thread 0x00000235b2aa41f0 flushing  nmethod 0x000002359f86c710
Event: 8.621 Thread 0x00000235b2aa41f0 flushing  nmethod 0x000002359f86ed10
Event: 8.621 Thread 0x00000235b2aa41f0 flushing  nmethod 0x000002359f870410
Event: 8.621 Thread 0x00000235b2aa41f0 flushing  nmethod 0x000002359f871f10
Event: 8.621 Thread 0x00000235b2aa41f0 flushing  nmethod 0x000002359fa4c590
Event: 8.621 Thread 0x00000235b2aa41f0 flushing  nmethod 0x00000235a70fe890
Event: 8.621 Thread 0x00000235b2aa41f0 flushing  nmethod 0x000002359f54ab10

Events (20 events):
Event: 3.695 Thread 0x00000235b2c5c570 Thread added: 0x00000235b2c5cc00
Event: 3.755 Thread 0x00000235b2c5c570 Thread added: 0x00000235b2c5d290
Event: 3.765 Thread 0x00000235b2c5c570 Thread added: 0x00000235b89f88e0
Event: 3.777 Thread 0x00000235b89f88e0 Thread added: 0x00000235b89f8f70
Event: 3.782 Thread 0x00000235b89f88e0 Thread added: 0x00000235b89f9c90
Event: 3.785 Thread 0x00000235b89f88e0 Thread added: 0x00000235b89f7bc0
Event: 4.358 Thread 0x00000235b89f88e0 Thread added: 0x00000235b89f9600
Event: 4.369 Thread 0x00000235b89f88e0 Thread added: 0x00000235b89fa320
Event: 4.403 Thread 0x00000235b89f88e0 Thread added: 0x00000235b89fa9b0
Event: 5.478 Thread 0x00000235b89f88e0 Thread added: 0x00000235b89fb6d0
Event: 5.514 Thread 0x00000235b89f88e0 Thread added: 0x00000235b89f8250
Event: 5.713 Thread 0x00000235b89f88e0 Thread added: 0x00000235b89fd7a0
Event: 5.719 Thread 0x00000235b89f88e0 Thread added: 0x00000235b89ff1e0
Event: 6.015 Thread 0x00000235b89f88e0 Thread added: 0x00000235b89fc3f0
Event: 6.064 Thread 0x00000235b89f88e0 Thread added: 0x00000235b89fca80
Event: 6.658 Thread 0x00000235b89f88e0 Thread added: 0x00000235b89fbd60
Event: 6.699 Thread 0x00000235b89f88e0 Thread added: 0x00000235b89fe4c0
Event: 7.769 Thread 0x00000235b89f88e0 Thread added: 0x00000235b89fde30
Event: 8.148 Thread 0x00000235b89f88e0 Thread added: 0x00000235b89fd110
Event: 8.233 Thread 0x00000235b89f88e0 Thread added: 0x00000235bb77b0b0


Dynamic libraries:
0x00007ff69df60000 - 0x00007ff69df6a000 	C:\Program Files\Android\Android Studio1\jbr\bin\java.exe
0x00007fff66de0000 - 0x00007fff67047000 	C:\WINDOWS\SYSTEM32\ntdll.dll
0x00007fff66370000 - 0x00007fff66439000 	C:\WINDOWS\System32\KERNEL32.DLL
0x00007fff64200000 - 0x00007fff645ef000 	C:\WINDOWS\System32\KERNELBASE.dll
0x00007fff64a30000 - 0x00007fff64b7b000 	C:\WINDOWS\System32\ucrtbase.dll
0x00007fff5c4c0000 - 0x00007fff5c4db000 	C:\Program Files\Android\Android Studio1\jbr\bin\VCRUNTIME140.dll
0x00007fff4bfb0000 - 0x00007fff4bfc8000 	C:\Program Files\Android\Android Studio1\jbr\bin\jli.dll
0x00007fff65450000 - 0x00007fff65615000 	C:\WINDOWS\System32\USER32.dll
0x00007fff640a0000 - 0x00007fff640c7000 	C:\WINDOWS\System32\win32u.dll
0x00007fff63130000 - 0x00007fff633c3000 	C:\WINDOWS\WinSxS\amd64_microsoft.windows.common-controls_6595b64144ccf1df_6.0.26100.7309_none_3e05feeae336a044\COMCTL32.dll
0x00007fff658c0000 - 0x00007fff658eb000 	C:\WINDOWS\System32\GDI32.dll
0x00007fff65620000 - 0x00007fff656c9000 	C:\WINDOWS\System32\msvcrt.dll
0x00007fff640d0000 - 0x00007fff641fc000 	C:\WINDOWS\System32\gdi32full.dll
0x00007fff648f0000 - 0x00007fff64993000 	C:\WINDOWS\System32\msvcp_win.dll
0x00007fff65bc0000 - 0x00007fff65bf1000 	C:\WINDOWS\System32\IMM32.DLL
0x00007fff63640000 - 0x00007fff6364c000 	C:\Program Files\Android\Android Studio1\jbr\bin\vcruntime140_1.dll
0x00007fff48c50000 - 0x00007fff48cdd000 	C:\Program Files\Android\Android Studio1\jbr\bin\msvcp140.dll
0x00007fff49a40000 - 0x00007fff4a6d6000 	C:\Program Files\Android\Android Studio1\jbr\bin\server\jvm.dll
0x00007fff650b0000 - 0x00007fff65164000 	C:\WINDOWS\System32\ADVAPI32.dll
0x00007fff65810000 - 0x00007fff658b6000 	C:\WINDOWS\System32\sechost.dll
0x00007fff64f90000 - 0x00007fff650a8000 	C:\WINDOWS\System32\RPCRT4.dll
0x00007fff65ca0000 - 0x00007fff65d14000 	C:\WINDOWS\System32\WS2_32.dll
0x00007fff63db0000 - 0x00007fff63e0e000 	C:\WINDOWS\SYSTEM32\POWRPROF.dll
0x00007fff5ac90000 - 0x00007fff5acc5000 	C:\WINDOWS\SYSTEM32\WINMM.dll
0x00007fff5b300000 - 0x00007fff5b30b000 	C:\WINDOWS\SYSTEM32\VERSION.dll
0x00007fff63d90000 - 0x00007fff63da4000 	C:\WINDOWS\SYSTEM32\UMPDC.dll
0x00007fff623b0000 - 0x00007fff623cb000 	C:\WINDOWS\SYSTEM32\kernel.appcore.dll
0x00007fff5e630000 - 0x00007fff5e63a000 	C:\Program Files\Android\Android Studio1\jbr\bin\jimage.dll
0x00007fff63800000 - 0x00007fff63a42000 	C:\WINDOWS\SYSTEM32\DBGHELP.DLL
0x00007fff64b80000 - 0x00007fff64f05000 	C:\WINDOWS\System32\combase.dll
0x00007fff658f0000 - 0x00007fff659c6000 	C:\WINDOWS\System32\OLEAUT32.dll
0x00007fff635d0000 - 0x00007fff6360c000 	C:\WINDOWS\SYSTEM32\dbgcore.DLL
0x00007fff64780000 - 0x00007fff64825000 	C:\WINDOWS\System32\bcryptPrimitives.dll
0x00007fff54790000 - 0x00007fff5479e000 	C:\Program Files\Android\Android Studio1\jbr\bin\instrument.dll
0x00007fff5c4a0000 - 0x00007fff5c4c0000 	C:\Program Files\Android\Android Studio1\jbr\bin\java.dll
0x00007fff5b9f0000 - 0x00007fff5ba08000 	C:\Program Files\Android\Android Studio1\jbr\bin\zip.dll
0x00007fff66440000 - 0x00007fff66b93000 	C:\WINDOWS\System32\SHELL32.dll
0x00007fff63f30000 - 0x00007fff6409a000 	C:\WINDOWS\System32\wintypes.dll
0x00007fff61070000 - 0x00007fff618ce000 	C:\WINDOWS\SYSTEM32\windows.storage.dll
0x00007fff65d60000 - 0x00007fff65e55000 	C:\WINDOWS\System32\SHCORE.dll
0x00007fff66300000 - 0x00007fff66366000 	C:\WINDOWS\System32\shlwapi.dll
0x00007fff63e50000 - 0x00007fff63e79000 	C:\WINDOWS\SYSTEM32\profapi.dll
0x00007fff5de70000 - 0x00007fff5de80000 	C:\Program Files\Android\Android Studio1\jbr\bin\net.dll
0x00007fff5c650000 - 0x00007fff5c778000 	C:\WINDOWS\SYSTEM32\WINHTTP.dll
0x00007fff628e0000 - 0x00007fff6294b000 	C:\WINDOWS\system32\mswsock.dll
0x00007fff580c0000 - 0x00007fff580d6000 	C:\Program Files\Android\Android Studio1\jbr\bin\nio.dll
0x00007fff5b4e0000 - 0x00007fff5b4f0000 	C:\Program Files\Android\Android Studio1\jbr\bin\verify.dll
0x00007fff54820000 - 0x00007fff54847000 	C:\Users\LENOVO\.gradle\native\1def1411415f61bf3af743bc5b6707747c0891f09f0c88961ee8f79bc544acac\windows-amd64\native-platform.dll
0x00007fff49540000 - 0x00007fff495b8000 	C:\Users\LENOVO\.gradle\native\0.2.7\x86_64-windows-gnu\gradle-fileevents.dll
0x00007fff5c360000 - 0x00007fff5c369000 	C:\Program Files\Android\Android Studio1\jbr\bin\management.dll
0x00007fff5b9e0000 - 0x00007fff5b9eb000 	C:\Program Files\Android\Android Studio1\jbr\bin\management_ext.dll
0x00007fff65d20000 - 0x00007fff65d28000 	C:\WINDOWS\System32\PSAPI.DLL
0x00007fff61e60000 - 0x00007fff61e94000 	C:\WINDOWS\SYSTEM32\IPHLPAPI.DLL
0x00007fff65c90000 - 0x00007fff65c9a000 	C:\WINDOWS\System32\NSI.dll
0x00007fff5dd00000 - 0x00007fff5dd09000 	C:\Program Files\Android\Android Studio1\jbr\bin\extnet.dll
0x00007fff63a50000 - 0x00007fff63a6b000 	C:\WINDOWS\SYSTEM32\CRYPTSP.dll
0x00007fff62a00000 - 0x00007fff62a3a000 	C:\WINDOWS\system32\rsaenh.dll
0x00007fff62990000 - 0x00007fff629bb000 	C:\WINDOWS\SYSTEM32\USERENV.dll
0x00007fff63e20000 - 0x00007fff63e4a000 	C:\WINDOWS\SYSTEM32\bcrypt.dll
0x00007fff62c10000 - 0x00007fff62c1c000 	C:\WINDOWS\SYSTEM32\CRYPTBASE.dll
0x00007fff56c80000 - 0x00007fff56c88000 	C:\WINDOWS\system32\wshunix.dll

JVMTI agents:
C:\Users\LENOVO\.gradle\wrapper\dists\gradle-8.13-bin\5xuhj0ry160q40clulazy9h7d\gradle-8.13\lib\agents\gradle-instrumentation-agent-8.13.jar path:C:\Program Files\Android\Android Studio1\jbr\bin\instrument.dll, loaded, initialized, instrumentlib options:none

dbghelp: loaded successfully - version: 4.0.5 - missing functions: none
symbol engine: initialized successfully - sym options: 0x614 - pdb path: .;C:\Program Files\Android\Android Studio1\jbr\bin;C:\WINDOWS\SYSTEM32;C:\WINDOWS\WinSxS\amd64_microsoft.windows.common-controls_6595b64144ccf1df_6.0.26100.7309_none_3e05feeae336a044;C:\Program Files\Android\Android Studio1\jbr\bin\server;C:\Users\LENOVO\.gradle\native\1def1411415f61bf3af743bc5b6707747c0891f09f0c88961ee8f79bc544acac\windows-amd64;C:\Users\LENOVO\.gradle\native\0.2.7\x86_64-windows-gnu

VM Arguments:
jvm_args: --add-opens=java.base/java.lang=ALL-UNNAMED --add-opens=java.base/java.lang.invoke=ALL-UNNAMED --add-opens=java.base/java.util=ALL-UNNAMED --add-opens=java.prefs/java.util.prefs=ALL-UNNAMED --add-exports=jdk.compiler/com.sun.tools.javac.api=ALL-UNNAMED --add-exports=jdk.compiler/com.sun.tools.javac.util=ALL-UNNAMED --add-opens=java.base/java.util=ALL-UNNAMED --add-opens=java.prefs/java.util.prefs=ALL-UNNAMED --add-opens=java.base/java.nio.charset=ALL-UNNAMED --add-opens=java.base/java.net=ALL-UNNAMED --add-opens=java.base/java.util.concurrent.atomic=ALL-UNNAMED --add-opens=java.xml/javax.xml.namespace=ALL-UNNAMED -XX:MaxMetaspaceSize=256m -Xmx1024m -Dfile.encoding=UTF-8 -Duser.country=US -Duser.language=en -Duser.variant -javaagent:C:\Users\LENOVO\.gradle\wrapper\dists\gradle-8.13-bin\5xuhj0ry160q40clulazy9h7d\gradle-8.13\lib\agents\gradle-instrumentation-agent-8.13.jar 
java_command: org.gradle.launcher.daemon.bootstrap.GradleDaemon 8.13
java_class_path (initial): C:\Users\LENOVO\.gradle\wrapper\dists\gradle-8.13-bin\5xuhj0ry160q40clulazy9h7d\gradle-8.13\lib\gradle-daemon-main-8.13.jar
Launcher Type: SUN_STANDARD

[Global flags]
     intx CICompilerCount                          = 4                                         {product} {ergonomic}
   size_t CompressedClassSpaceSize                 = 218103808                                 {product} {ergonomic}
     uint ConcGCThreads                            = 3                                         {product} {ergonomic}
     uint G1ConcRefinementThreads                  = 10                                        {product} {ergonomic}
   size_t G1HeapRegionSize                         = 1048576                                   {product} {ergonomic}
    uintx GCDrainStackTargetSize                   = 64                                        {product} {ergonomic}
   size_t InitialHeapSize                          = 98566144                                  {product} {ergonomic}
   size_t MarkStackSize                            = 4194304                                   {product} {ergonomic}
   size_t MaxHeapSize                              = 1073741824                                {product} {command line}
   size_t MaxMetaspaceSize                         = 268435456                                 {product} {command line}
   size_t MaxNewSize                               = 643825664                                 {product} {ergonomic}
   size_t MinHeapDeltaBytes                        = 1048576                                   {product} {ergonomic}
   size_t MinHeapSize                              = 8388608                                   {product} {ergonomic}
    uintx NonNMethodCodeHeapSize                   = 5839372                                {pd product} {ergonomic}
    uintx NonProfiledCodeHeapSize                  = 122909434                              {pd product} {ergonomic}
    uintx ProfiledCodeHeapSize                     = 122909434                              {pd product} {ergonomic}
    uintx ReservedCodeCacheSize                    = 251658240                              {pd product} {ergonomic}
     bool SegmentedCodeCache                       = true                                      {product} {ergonomic}
   size_t SoftMaxHeapSize                          = 1073741824                             {manageable} {ergonomic}
     bool UseCompressedOops                        = true                           {product lp64_product} {ergonomic}
     bool UseG1GC                                  = true                                      {product} {ergonomic}
     bool UseLargePagesIndividualAllocation        = false                                  {pd product} {ergonomic}

Logging:
Log output configuration:
 #0: stdout all=warning uptime,level,tags foldmultilines=false
 #1: stderr all=off uptime,level,tags foldmultilines=false

Environment Variables:
JAVA_HOME=C:\Program Files\Android\Android Studio\jbr
PATH=C:\Program Files (x86)\VMware\VMware Workstation\bin\;C:\Program Files\Common Files\Oracle\Java\javapath;C:\WINDOWS\system32;C:\WINDOWS;C:\WINDOWS\System32\Wbem;C:\WINDOWS\System32\WindowsPowerShell\v1.0\;C:\WINDOWS\System32\OpenSSH\;C:\Program Files\dotnet\;C:\Program Files (x86)\Windows Kits\10\Windows Performance Toolkit\;C:\Program Files (x86)\HP\Common\HPDestPlgIn\;C:\Program Files (x86)\Microsoft SQL Server\160\Tools\Binn\;C:\Program Files\Microsoft SQL Server\160\Tools\Binn\;C:\Program Files\Microsoft SQL Server\Client SDK\ODBC\170\Tools\Binn\;C:\Program Files\Microsoft SQL Server\160\DTS\Binn\;C:\Program Files (x86)\Microsoft SQL Server\160\DTS\Binn\;C:\Program Files\Microsoft SQL Server\150\Tools\Binn\;C:\Git\Git_App\cmd;C:\ProgramData\chocolatey\bin;C:\Users\LENOVO\AppData\Local\nvm;C:\nvm4w\nodejs;%JAVA_HOME%\bin;C:\Program Files\Arduino PLC IDE Tools\;C:\Program Files\Git\cmd;C:\Users\LENOVO\AppData\Local\Programs\Python\Python314\Scripts\;C:\Users\LENOVO\AppData\Local\Programs\Python\Python314\;C:\Program Files\Git\bin;C:\Program Files\Git\cmd;C:\Visual Studio Code\Microsoft VS Code\bin;C:\Program Files\Android\Android Studio\jbr\bin;C:\JMeter\apache-jmeter-5.6.3\apache-jmeter-5.6.3\bin;C:\Users\LENOVO\AppData\Local\Python\bin;C:\development\flutter\bin;
USERNAME=LENOVO
OS=Windows_NT
PROCESSOR_IDENTIFIER=AMD64 Family 25 Model 80 Stepping 0, AuthenticAMD
TMP=C:\Users\LENOVO\AppData\Local\Temp
TEMP=C:\Users\LENOVO\AppData\Local\Temp




Periodic native trim disabled

JNI global refs:
JNI global refs: 25, weak refs: 0

JNI global refs memory usage: 835, weak refs: 833

Process memory usage:
Resident Set Size: 184684K (3% of 6139964K total physical memory with 140096K free physical memory)

OOME stack traces (most recent first):
Classloader memory used:
Loader org.gradle.internal.classloader.VisitableURLClassLoader                         : 31944K
Loader bootstrap                                                                       : 22402K
Loader org.gradle.initialization.MixInLegacyTypesClassLoader                           : 6186K
Loader jdk.internal.loader.ClassLoaders$PlatformClassLoader                            : 501K
Loader jdk.internal.loader.ClassLoaders$AppClassLoader                                 : 235K
Loader org.gradle.groovy.scripts.internal.DefaultScriptCompilationHandler$ScriptClassLoader: 36240B
Loader groovy.lang.GroovyClassLoader$InnerLoader                                       : 12312B
Loader org.codehaus.groovy.runtime.callsite.CallSiteClassLoader                        : 7232B
Loader jdk.internal.reflect.DelegatingClassLoader                                      : 3536B

Classes loaded by more than one classloader:
Class org.gradle.internal.classloader.FilteringClassLoader                            : loaded 2 times (x 105B)
Class org.gradle.internal.classloader.ClassLoaderHierarchy                            : loaded 2 times (x 70B)
Class org.gradle.api.internal.classpath.ManifestUtil                                  : loaded 2 times (x 71B)
Class org.gradle.internal.classloader.DefaultClassLoaderFactory                       : loaded 2 times (x 82B)
Class org.gradle.internal.classloader.ClassLoaderVisitor                              : loaded 2 times (x 76B)
Class org.gradle.api.internal.classpath.EffectiveClassPath                            : loaded 2 times (x 90B)
Class org.gradle.api.internal.DefaultClassPathProvider                                : loaded 2 times (x 76B)
Class [Lorg.gradle.api.internal.ClassPathProvider;                                    : loaded 2 times (x 69B)
Class org.gradle.api.internal.ClassPathProvider                                       : loaded 2 times (x 70B)
Class org.gradle.internal.service.UnknownServiceException                             : loaded 2 times (x 83B)
Class org.gradle.internal.classpath.TransformedClassPath                              : loaded 2 times (x 96B)
Class org.gradle.internal.classloader.InstrumentingClassLoader                        : loaded 2 times (x 70B)
Class org.gradle.internal.service.ServiceLocator                                      : loaded 2 times (x 70B)
Class org.gradle.internal.InternalTransformer                                         : loaded 2 times (x 70B)
Class org.gradle.internal.classloader.ClasspathUtil$1                                 : loaded 2 times (x 76B)
Class org.gradle.api.internal.classpath.DefaultModuleRegistry$DefaultModule           : loaded 2 times (x 86B)
Class org.gradle.api.internal.classpath.Module                                        : loaded 2 times (x 70B)
Class org.gradle.api.internal.classpath.UnknownModuleException                        : loaded 2 times (x 82B)
Class org.gradle.api.internal.DefaultClassPathRegistry                                : loaded 2 times (x 76B)
Class org.gradle.api.internal.ClassPathRegistry                                       : loaded 2 times (x 70B)
Class org.gradle.internal.classpath.DefaultClassPath$ImmutableUniqueList              : loaded 2 times (x 199B)
Class org.gradle.internal.classpath.ClassPath                                         : loaded 2 times (x 70B)
Class org.gradle.api.UncheckedIOException                                             : loaded 2 times (x 82B)
Class org.gradle.internal.installation.GradleInstallation$1                           : loaded 2 times (x 75B)
Class org.gradle.api.internal.classpath.ModuleRegistry                                : loaded 2 times (x 70B)
Class org.gradle.api.internal.classpath.DefaultModuleRegistry                         : loaded 2 times (x 86B)
Class org.gradle.internal.service.ServiceLookupException                              : loaded 2 times (x 82B)
Class org.gradle.internal.classloader.ClassLoaderFactory                              : loaded 2 times (x 70B)
Class org.gradle.internal.service.CachingServiceLocator                               : loaded 2 times (x 82B)
Class org.gradle.internal.classloader.ClasspathUtil                                   : loaded 2 times (x 71B)
Class org.gradle.api.specs.Spec                                                       : loaded 2 times (x 70B)
Class org.gradle.internal.classloader.VisitableURLClassLoader$InstrumentingVisitableURLClassLoader: loaded 2 times (x 123B)
Class org.gradle.internal.classloader.VisitableURLClassLoader$Spec                    : loaded 2 times (x 74B)
Class org.gradle.internal.classpath.DefaultClassPath                                  : loaded 2 times (x 90B)
Class org.gradle.internal.classloader.ClassLoaderSpec                                 : loaded 2 times (x 71B)
Class org.gradle.internal.classloader.VisitableURLClassLoader                         : loaded 2 times (x 117B)
Class org.gradle.internal.Cast                                                        : loaded 2 times (x 71B)
Class org.gradle.api.Action                                                           : loaded 2 times (x 70B)
Class org.gradle.internal.classpath.DefaultClassPath$ImmutableUniqueList$Builder      : loaded 2 times (x 75B)
Class org.gradle.api.GradleException                                                  : loaded 2 times (x 82B)
Class org.gradle.internal.IoActions                                                   : loaded 2 times (x 71B)
Class org.gradle.internal.classloader.SystemClassLoaderSpec                           : loaded 2 times (x 71B)
Class org.gradle.api.internal.classpath.GlobalCacheRootsProvider                      : loaded 2 times (x 70B)
Class org.gradle.internal.installation.CurrentGradleInstallationLocator               : loaded 2 times (x 71B)
Class org.gradle.internal.service.DefaultServiceLocator                               : loaded 2 times (x 83B)
Class org.gradle.internal.installation.CurrentGradleInstallation                      : loaded 2 times (x 73B)
Class org.gradle.util.internal.GUtil                                                  : loaded 2 times (x 71B)
Class org.gradle.internal.installation.GradleInstallation                             : loaded 2 times (x 75B)

---------------  S Y S T E M  ---------------

OS:
 Windows 11 , 64 bit Build 26100 (10.0.26100.7309)
OS uptime: 5 days 2:13 hours
Hyper-V role detected

CPU: total 12 (initial active 12) (12 cores per cpu, 2 threads per core) family 25 model 80 stepping 0 microcode 0xa50000c, cx8, cmov, fxsr, ht, mmx, 3dnowpref, sse, sse2, sse3, ssse3, sse4a, sse4.1, sse4.2, popcnt, lzcnt, tsc, tscinvbit, avx, avx2, aes, erms, clmul, bmi1, bmi2, adx, sha, fma, vzeroupper, clflush, clflushopt, hv, rdtscp, rdpid, fsrm, f16c, cet_ss
Processor Information for processor 0
  Max Mhz: 2301, Current Mhz: 1783, Mhz Limit: 2301
Processor Information for processor 1
  Max Mhz: 2301, Current Mhz: 1783, Mhz Limit: 2301
Processor Information for processor 2
  Max Mhz: 2301, Current Mhz: 2301, Mhz Limit: 2301
Processor Information for processor 3
  Max Mhz: 2301, Current Mhz: 2301, Mhz Limit: 2301
Processor Information for processor 4
  Max Mhz: 2301, Current Mhz: 2301, Mhz Limit: 2301
Processor Information for processor 5
  Max Mhz: 2301, Current Mhz: 2301, Mhz Limit: 2301
Processor Information for processor 6
  Max Mhz: 2301, Current Mhz: 2301, Mhz Limit: 2301
Processor Information for processor 7
  Max Mhz: 2301, Current Mhz: 2301, Mhz Limit: 2301
Processor Information for processor 8
  Max Mhz: 2301, Current Mhz: 1783, Mhz Limit: 2301
Processor Information for processor 9
  Max Mhz: 2301, Current Mhz: 1783, Mhz Limit: 2301
Processor Information for processor 10
  Max Mhz: 2301, Current Mhz: 2301, Mhz Limit: 2301
Processor Information for processor 11
  Max Mhz: 2301, Current Mhz: 2301, Mhz Limit: 2301

Memory: 4k page, system-wide physical 5996M (123M free)
TotalPageFile size 24428M (AvailPageFile size 20M)
current process WorkingSet (physical memory assigned to process): 183M, peak: 257M
current process commit charge ("private bytes"): 319M, peak: 330M

vm_info: OpenJDK 64-Bit Server VM (21.0.8+-14196175-b1038.72) for windows-amd64 JRE (21.0.8+-14196175-b1038.72), built on 2025-10-01T10:24:33Z by "builder" with MS VC++ 16.10 / 16.11 (VS2019)

END.
