#
# There is insufficient memory for the Java Runtime Environment to continue.
# Native memory allocation (malloc) failed to allocate 1673072 bytes. Error detail: Chunk::new
# Possible reasons:
#   The system is out of physical RAM or swap space
#   This process is running with CompressedOops enabled, and the Java Heap may be blocking the growth of the native heap
# Possible solutions:
#   Reduce memory load on the system
#   Increase physical memory or swap space
#   Check if swap backing store is full
#   Decrease Java heap size (-Xmx/-Xms)
#   Decrease number of Java threads
#   Decrease Java thread stack sizes (-Xss)
#   Set larger code cache with -XX:ReservedCodeCacheSize=
#   JVM is running with Unscaled Compressed Oops mode in which the Java heap is
#     placed in the first 4GB address space. The Java Heap base address is the
#     maximum limit for the native heap growth. Please use -XX:HeapBaseMinAddress
#     to set the Java Heap base and to place the Java Heap above 4GB virtual address.
# This output file may be truncated or incomplete.
#
#  Out of Memory Error (arena.cpp:150), pid=16656, tid=13004
#
# JRE version: Java(TM) SE Runtime Environment (22.0.1+8) (build 22.0.1+8-16)
# Java VM: Java HotSpot(TM) 64-Bit Server VM (22.0.1+8-16, mixed mode, sharing, tiered, compressed oops, compressed class ptrs, g1 gc, windows-amd64)
# No core dump will be written. Minidumps are not enabled by default on client versions of Windows
#

---------------  S U M M A R Y ------------

Command Line: --add-opens=java.base/java.lang=ALL-UNNAMED --add-opens=java.base/java.lang.invoke=ALL-UNNAMED --add-opens=java.base/java.util=ALL-UNNAMED --add-opens=java.prefs/java.util.prefs=ALL-UNNAMED --add-exports=jdk.compiler/com.sun.tools.javac.api=ALL-UNNAMED --add-exports=jdk.compiler/com.sun.tools.javac.util=ALL-UNNAMED --add-opens=java.base/java.util=ALL-UNNAMED --add-opens=java.prefs/java.util.prefs=ALL-UNNAMED --add-opens=java.base/java.nio.charset=ALL-UNNAMED --add-opens=java.base/java.net=ALL-UNNAMED --add-opens=java.base/java.util.concurrent.atomic=ALL-UNNAMED --add-opens=java.xml/javax.xml.namespace=ALL-UNNAMED -Xmx2048m -Dfile.encoding=UTF-8 -Duser.country=US -Duser.language=en -Duser.variant -javaagent:C:\Users\LENOVO\.gradle\wrapper\dists\gradle-8.13-bin\5xuhj0ry160q40clulazy9h7d\gradle-8.13\lib\agents\gradle-instrumentation-agent-8.13.jar org.gradle.launcher.daemon.bootstrap.GradleDaemon 8.13

Host: AMD Ryzen 5 5600U with Radeon Graphics         , 12 cores, 5G,  Windows 11 , 64 bit Build 26100 (10.0.26100.7309)
Time: Tue Dec 30 17:49:59 2025 SE Asia Standard Time elapsed time: 25.935060 seconds (0d 0h 0m 25s)

---------------  T H R E A D  ---------------

Current thread (0x000001faf0b63010):  JavaThread "C2 CompilerThread2" daemon [_thread_in_native, id=13004, stack(0x000000e46a200000,0x000000e46a300000) (1024K)]


Current CompileTask:
C2:25935 16542       4       org.jetbrains.org.objectweb.asm.ClassReader::accept (1380 bytes)

Stack: [0x000000e46a200000,0x000000e46a300000]
Native frames: (J=compiled Java code, j=interpreted, Vv=VM code, C=native code)
V  [jvm.dll+0x6e2279]  (no source info available)
V  [jvm.dll+0x874e33]  (no source info available)
V  [jvm.dll+0x87725e]  (no source info available)
V  [jvm.dll+0x877933]  (no source info available)
V  [jvm.dll+0x27fd76]  (no source info available)
V  [jvm.dll+0xc3d0f]  (no source info available)
V  [jvm.dll+0xc3f6b]  (no source info available)
V  [jvm.dll+0x3bb10c]  (no source info available)
V  [jvm.dll+0x1df67c]  (no source info available)
V  [jvm.dll+0x247a5c]  (no source info available)
V  [jvm.dll+0x246fbf]  (no source info available)
V  [jvm.dll+0x1c4e90]  (no source info available)
V  [jvm.dll+0x2569fe]  (no source info available)
V  [jvm.dll+0x254cba]  (no source info available)
V  [jvm.dll+0x3f5336]  (no source info available)
V  [jvm.dll+0x81d44b]  (no source info available)
V  [jvm.dll+0x6e0915]  (no source info available)
C  [ucrtbase.dll+0x37b0]  (no source info available)
C  [KERNEL32.DLL+0x2e8d7]  (no source info available)
C  [ntdll.dll+0x8c53c]  (no source info available)


---------------  P R O C E S S  ---------------

Threads class SMR info:
_java_thread_list=0x000001faefaaf1b0, length=69, elements={
0x000001faf86ef760, 0x000001fafe166bb0, 0x000001fafe169720, 0x000001fafe16ccd0,
0x000001fafe16da90, 0x000001fafe170630, 0x000001fafe1731b0, 0x000001fafe193e30,
0x000001fafe1948e0, 0x000001fafe1710e0, 0x000001fafe172490, 0x000001fafe174560,
0x000001fafe171770, 0x000001fafe173840, 0x000001fafe173ed0, 0x000001fade1b85e0,
0x000001fade1b8c70, 0x000001fade1b6ba0, 0x000001fade1b7230, 0x000001fade1b5e80,
0x000001fade1b9300, 0x000001fade1b78c0, 0x000001fade1b7f50, 0x000001fade1b9990,
0x000001fade1ba6b0, 0x000001fade1bc780, 0x000001fade1ba020, 0x000001fade1bc0f0,
0x000001faea6850d0, 0x000001faea6843b0, 0x000001faea685760, 0x000001faea686b10,
0x000001faef47a8a0, 0x000001faef4787d0, 0x000001faef477420, 0x000001faef47af30,
0x000001faef477ab0, 0x000001faef47c2e0, 0x000001faef47d000, 0x000001faef47d690,
0x000001faef47b5c0, 0x000001faef47c970, 0x000001faea686480, 0x000001faf0b7c980,
0x000001faf0b7bc60, 0x000001faf0b7c2f0, 0x000001faf0b7d010, 0x000001faf0b7d6a0,
0x000001faf0b7dd30, 0x000001faf0b7e3c0, 0x000001faf0b7af40, 0x000001faf0b7ea50,
0x000001faf0b7b5d0, 0x000001faf0b811b0, 0x000001faf0b7f0e0, 0x000001faf0b81ed0,
0x000001faf0b7f770, 0x000001faf0b7fe00, 0x000001faf0b80490, 0x000001faf0b80b20,
0x000001faf0b81840, 0x000001faf0b82560, 0x000001faf0d69ed0, 0x000001faf0d6abf0,
0x000001faf0d6a560, 0x000001faf0ecefc0, 0x000001faf0ed1090, 0x000001faf0b7a830,
0x000001faf0b63010
}

Java Threads: ( => current thread )
  0x000001faf86ef760 JavaThread "main"                              [_thread_blocked, id=9816, stack(0x000000e464d00000,0x000000e464e00000) (1024K)]
  0x000001fafe166bb0 JavaThread "Reference Handler"          daemon [_thread_blocked, id=25344, stack(0x000000e465500000,0x000000e465600000) (1024K)]
  0x000001fafe169720 JavaThread "Finalizer"                  daemon [_thread_blocked, id=4612, stack(0x000000e465600000,0x000000e465700000) (1024K)]
  0x000001fafe16ccd0 JavaThread "Signal Dispatcher"          daemon [_thread_blocked, id=8884, stack(0x000000e465700000,0x000000e465800000) (1024K)]
  0x000001fafe16da90 JavaThread "Attach Listener"            daemon [_thread_blocked, id=16848, stack(0x000000e465800000,0x000000e465900000) (1024K)]
  0x000001fafe170630 JavaThread "Service Thread"             daemon [_thread_blocked, id=28864, stack(0x000000e465900000,0x000000e465a00000) (1024K)]
  0x000001fafe1731b0 JavaThread "Monitor Deflation Thread"   daemon [_thread_blocked, id=19220, stack(0x000000e465a00000,0x000000e465b00000) (1024K)]
  0x000001fafe193e30 JavaThread "C2 CompilerThread0"         daemon [_thread_in_native, id=15324, stack(0x000000e465b00000,0x000000e465c00000) (1024K)]
  0x000001fafe1948e0 JavaThread "C1 CompilerThread0"         daemon [_thread_in_native, id=2772, stack(0x000000e465c00000,0x000000e465d00000) (1024K)]
  0x000001fafe1710e0 JavaThread "Common-Cleaner"             daemon [_thread_blocked, id=25812, stack(0x000000e465d00000,0x000000e465e00000) (1024K)]
  0x000001fafe172490 JavaThread "Notification Thread"        daemon [_thread_blocked, id=23148, stack(0x000000e465e00000,0x000000e465f00000) (1024K)]
  0x000001fafe174560 JavaThread "Daemon health stats"               [_thread_blocked, id=25236, stack(0x000000e466400000,0x000000e466500000) (1024K)]
  0x000001fafe171770 JavaThread "Incoming local TCP Connector on port 60685"        [_thread_in_native, id=28276, stack(0x000000e466500000,0x000000e466600000) (1024K)]
  0x000001fafe173840 JavaThread "Daemon periodic checks"            [_thread_blocked, id=15188, stack(0x000000e466600000,0x000000e466700000) (1024K)]
  0x000001fafe173ed0 JavaThread "Daemon"                            [_thread_blocked, id=12280, stack(0x000000e466700000,0x000000e466800000) (1024K)]
  0x000001fade1b85e0 JavaThread "Handler for socket connection from /127.0.0.1:60685 to /127.0.0.1:60686"        [_thread_in_native, id=13788, stack(0x000000e466800000,0x000000e466900000) (1024K)]
  0x000001fade1b8c70 JavaThread "Cancel handler"                    [_thread_blocked, id=12680, stack(0x000000e466900000,0x000000e466a00000) (1024K)]
  0x000001fade1b6ba0 JavaThread "Daemon worker"                     [_thread_in_Java, id=12168, stack(0x000000e466a00000,0x000000e466b00000) (1024K)]
  0x000001fade1b7230 JavaThread "Asynchronous log dispatcher for DefaultDaemonConnection: socket connection from /127.0.0.1:60685 to /127.0.0.1:60686"        [_thread_blocked, id=31316, stack(0x000000e466b00000,0x000000e466c00000) (1024K)]
  0x000001fade1b5e80 JavaThread "Stdin handler"                     [_thread_blocked, id=16724, stack(0x000000e466c00000,0x000000e466d00000) (1024K)]
  0x000001fade1b9300 JavaThread "Daemon client event forwarder"        [_thread_blocked, id=19388, stack(0x000000e466d00000,0x000000e466e00000) (1024K)]
  0x000001fade1b78c0 JavaThread "Cache worker for journal cache (C:\Users\LENOVO\.gradle\caches\journal-1)"        [_thread_blocked, id=23368, stack(0x000000e466e00000,0x000000e466f00000) (1024K)]
  0x000001fade1b7f50 JavaThread "File lock request listener"        [_thread_in_native, id=17264, stack(0x000000e466f00000,0x000000e467000000) (1024K)]
  0x000001fade1b9990 JavaThread "Cache worker for file hash cache (C:\Users\LENOVO\.gradle\caches\8.13\fileHashes)"        [_thread_blocked, id=17452, stack(0x000000e467000000,0x000000e467100000) (1024K)]
  0x000001fade1ba6b0 JavaThread "Cache worker for file hash cache (C:\DOANMONHOC\.gradle\8.13\fileHashes)"        [_thread_blocked, id=18192, stack(0x000000e467700000,0x000000e467800000) (1024K)]
  0x000001fade1bc780 JavaThread "Cache worker for Build Output Cleanup Cache (C:\DOANMONHOC\.gradle\buildOutputCleanup)"        [_thread_blocked, id=14696, stack(0x000000e467800000,0x000000e467900000) (1024K)]
  0x000001fade1ba020 JavaThread "File watcher server"        daemon [_thread_in_native, id=3432, stack(0x000000e467900000,0x000000e467a00000) (1024K)]
  0x000001fade1bc0f0 JavaThread "File watcher consumer"      daemon [_thread_blocked, id=18444, stack(0x000000e467a00000,0x000000e467b00000) (1024K)]
  0x000001faea6850d0 JavaThread "Cache worker for checksums cache (C:\DOANMONHOC\.gradle\8.13\checksums)"        [_thread_blocked, id=13268, stack(0x000000e467b00000,0x000000e467c00000) (1024K)]
  0x000001faea6843b0 JavaThread "Cache worker for file content cache (C:\Users\LENOVO\.gradle\caches\8.13\fileContent)"        [_thread_blocked, id=10072, stack(0x000000e467c00000,0x000000e467d00000) (1024K)]
  0x000001faea685760 JavaThread "Cache worker for cache directory md-supplier (C:\Users\LENOVO\.gradle\caches\8.13\md-supplier)"        [_thread_blocked, id=6884, stack(0x000000e467d00000,0x000000e467e00000) (1024K)]
  0x000001faea686b10 JavaThread "Cache worker for cache directory md-rule (C:\Users\LENOVO\.gradle\caches\8.13\md-rule)"        [_thread_blocked, id=4144, stack(0x000000e467e00000,0x000000e467f00000) (1024K)]
  0x000001faef47a8a0 JavaThread "Unconstrained build operations"        [_thread_blocked, id=27584, stack(0x000000e467f00000,0x000000e468000000) (1024K)]
  0x000001faef4787d0 JavaThread "Unconstrained build operations Thread 2"        [_thread_blocked, id=33172, stack(0x000000e468000000,0x000000e468100000) (1024K)]
  0x000001faef477420 JavaThread "Unconstrained build operations Thread 3"        [_thread_blocked, id=33444, stack(0x000000e468100000,0x000000e468200000) (1024K)]
  0x000001faef47af30 JavaThread "Unconstrained build operations Thread 4"        [_thread_blocked, id=17312, stack(0x000000e468200000,0x000000e468300000) (1024K)]
  0x000001faef477ab0 JavaThread "Unconstrained build operations Thread 5"        [_thread_blocked, id=19140, stack(0x000000e468300000,0x000000e468400000) (1024K)]
  0x000001faef47c2e0 JavaThread "Unconstrained build operations Thread 6"        [_thread_blocked, id=20672, stack(0x000000e468400000,0x000000e468500000) (1024K)]
  0x000001faef47d000 JavaThread "Unconstrained build operations Thread 7"        [_thread_blocked, id=6532, stack(0x000000e468500000,0x000000e468600000) (1024K)]
  0x000001faef47d690 JavaThread "Unconstrained build operations Thread 8"        [_thread_blocked, id=16648, stack(0x000000e468600000,0x000000e468700000) (1024K)]
  0x000001faef47b5c0 JavaThread "Unconstrained build operations Thread 9"        [_thread_blocked, id=31748, stack(0x000000e468700000,0x000000e468800000) (1024K)]
  0x000001faef47c970 JavaThread "Unconstrained build operations Thread 10"        [_thread_blocked, id=11448, stack(0x000000e468800000,0x000000e468900000) (1024K)]
  0x000001faea686480 JavaThread "Unconstrained build operations Thread 11"        [_thread_blocked, id=32208, stack(0x000000e468900000,0x000000e468a00000) (1024K)]
  0x000001faf0b7c980 JavaThread "Unconstrained build operations Thread 12"        [_thread_blocked, id=4904, stack(0x000000e468a00000,0x000000e468b00000) (1024K)]
  0x000001faf0b7bc60 JavaThread "Unconstrained build operations Thread 13"        [_thread_blocked, id=12396, stack(0x000000e468b00000,0x000000e468c00000) (1024K)]
  0x000001faf0b7c2f0 JavaThread "Unconstrained build operations Thread 14"        [_thread_blocked, id=32488, stack(0x000000e468c00000,0x000000e468d00000) (1024K)]
  0x000001faf0b7d010 JavaThread "Unconstrained build operations Thread 15"        [_thread_blocked, id=21340, stack(0x000000e468d00000,0x000000e468e00000) (1024K)]
  0x000001faf0b7d6a0 JavaThread "Unconstrained build operations Thread 16"        [_thread_blocked, id=19936, stack(0x000000e468e00000,0x000000e468f00000) (1024K)]
  0x000001faf0b7dd30 JavaThread "Unconstrained build operations Thread 17"        [_thread_blocked, id=29836, stack(0x000000e468f00000,0x000000e469000000) (1024K)]
  0x000001faf0b7e3c0 JavaThread "Unconstrained build operations Thread 18"        [_thread_blocked, id=27592, stack(0x000000e469000000,0x000000e469100000) (1024K)]
  0x000001faf0b7af40 JavaThread "Unconstrained build operations Thread 19"        [_thread_blocked, id=15108, stack(0x000000e469100000,0x000000e469200000) (1024K)]
  0x000001faf0b7ea50 JavaThread "Unconstrained build operations Thread 20"        [_thread_blocked, id=20364, stack(0x000000e469200000,0x000000e469300000) (1024K)]
  0x000001faf0b7b5d0 JavaThread "Unconstrained build operations Thread 21"        [_thread_blocked, id=15180, stack(0x000000e469300000,0x000000e469400000) (1024K)]
  0x000001faf0b811b0 JavaThread "Unconstrained build operations Thread 22"        [_thread_blocked, id=26544, stack(0x000000e469400000,0x000000e469500000) (1024K)]
  0x000001faf0b7f0e0 JavaThread "Unconstrained build operations Thread 23"        [_thread_blocked, id=10540, stack(0x000000e469500000,0x000000e469600000) (1024K)]
  0x000001faf0b81ed0 JavaThread "Unconstrained build operations Thread 24"        [_thread_blocked, id=26504, stack(0x000000e469600000,0x000000e469700000) (1024K)]
  0x000001faf0b7f770 JavaThread "Unconstrained build operations Thread 25"        [_thread_blocked, id=7480, stack(0x000000e469700000,0x000000e469800000) (1024K)]
  0x000001faf0b7fe00 JavaThread "Unconstrained build operations Thread 26"        [_thread_blocked, id=31880, stack(0x000000e469800000,0x000000e469900000) (1024K)]
  0x000001faf0b80490 JavaThread "Unconstrained build operations Thread 27"        [_thread_blocked, id=33560, stack(0x000000e469900000,0x000000e469a00000) (1024K)]
  0x000001faf0b80b20 JavaThread "Unconstrained build operations Thread 28"        [_thread_blocked, id=11072, stack(0x000000e469a00000,0x000000e469b00000) (1024K)]
  0x000001faf0b81840 JavaThread "Unconstrained build operations Thread 29"        [_thread_blocked, id=26248, stack(0x000000e469b00000,0x000000e469c00000) (1024K)]
  0x000001faf0b82560 JavaThread "Unconstrained build operations Thread 30"        [_thread_blocked, id=1844, stack(0x000000e469c00000,0x000000e469d00000) (1024K)]
  0x000001faf0d69ed0 JavaThread "Unconstrained build operations Thread 31"        [_thread_blocked, id=7260, stack(0x000000e469d00000,0x000000e469e00000) (1024K)]
  0x000001faf0d6abf0 JavaThread "Unconstrained build operations Thread 32"        [_thread_blocked, id=28960, stack(0x000000e469e00000,0x000000e469f00000) (1024K)]
  0x000001faf0d6a560 JavaThread "Unconstrained build operations Thread 33"        [_thread_blocked, id=18776, stack(0x000000e469f00000,0x000000e46a000000) (1024K)]
  0x000001faf0ecefc0 JavaThread "Memory manager"                    [_thread_blocked, id=13512, stack(0x000000e46a000000,0x000000e46a100000) (1024K)]
  0x000001faf0ed1090 JavaThread "build event listener"              [_thread_blocked, id=30052, stack(0x000000e46a300000,0x000000e46a400000) (1024K)]
  0x000001faf0b7a830 JavaThread "C2 CompilerThread1"         daemon [_thread_in_native, id=13688, stack(0x000000e46a100000,0x000000e46a200000) (1024K)]
=>0x000001faf0b63010 JavaThread "C2 CompilerThread2"         daemon [_thread_in_native, id=13004, stack(0x000000e46a200000,0x000000e46a300000) (1024K)]
Total: 69

Other Threads:
  0x000001fafe147fa0 VMThread "VM Thread"                           [id=30676, stack(0x000000e465400000,0x000000e465500000) (1024K)]
  0x000001fafe130c90 WatcherThread "VM Periodic Task Thread"        [id=23424, stack(0x000000e465300000,0x000000e465400000) (1024K)]
  0x000001faf8747a70 WorkerThread "GC Thread#0"                     [id=31780, stack(0x000000e464e00000,0x000000e464f00000) (1024K)]
  0x000001fa9770a180 WorkerThread "GC Thread#1"                     [id=13172, stack(0x000000e465f00000,0x000000e466000000) (1024K)]
  0x000001fa97a8d970 WorkerThread "GC Thread#2"                     [id=32176, stack(0x000000e466000000,0x000000e466100000) (1024K)]
  0x000001fa97a8dd20 WorkerThread "GC Thread#3"                     [id=8576, stack(0x000000e466100000,0x000000e466200000) (1024K)]
  0x000001fa97ebaa70 WorkerThread "GC Thread#4"                     [id=26468, stack(0x000000e466200000,0x000000e466300000) (1024K)]
  0x000001faddc5f620 WorkerThread "GC Thread#5"                     [id=29312, stack(0x000000e466300000,0x000000e466400000) (1024K)]
  0x000001fade163930 WorkerThread "GC Thread#6"                     [id=18772, stack(0x000000e467100000,0x000000e467200000) (1024K)]
  0x000001fade340b20 WorkerThread "GC Thread#7"                     [id=17088, stack(0x000000e467200000,0x000000e467300000) (1024K)]
  0x000001fade340ed0 WorkerThread "GC Thread#8"                     [id=33620, stack(0x000000e467300000,0x000000e467400000) (1024K)]
  0x000001fade4882b0 WorkerThread "GC Thread#9"                     [id=8220, stack(0x000000e467400000,0x000000e467500000) (1024K)]
  0x000001faf8758a10 ConcurrentGCThread "G1 Main Marker"            [id=14124, stack(0x000000e464f00000,0x000000e465000000) (1024K)]
  0x000001faf875a2b0 WorkerThread "G1 Conc#0"                       [id=28796, stack(0x000000e465000000,0x000000e465100000) (1024K)]
  0x000001fade811cf0 WorkerThread "G1 Conc#1"                       [id=1860, stack(0x000000e467500000,0x000000e467600000) (1024K)]
  0x000001fade80ff70 WorkerThread "G1 Conc#2"                       [id=5932, stack(0x000000e467600000,0x000000e467700000) (1024K)]
  0x000001faf87ae400 ConcurrentGCThread "G1 Refine#0"               [id=5660, stack(0x000000e465100000,0x000000e465200000) (1024K)]
  0x000001fafe003180 ConcurrentGCThread "G1 Service"                [id=1584, stack(0x000000e465200000,0x000000e465300000) (1024K)]
Total: 18

Threads with active compile tasks:
C2 CompilerThread0  26026 16688   !   4       org.jetbrains.kotlin.metadata.ProtoBuf$Package::<init> (656 bytes)
C2 CompilerThread1  26026 16690   !   4       org.jetbrains.kotlin.metadata.jvm.JvmProtoBuf$StringTableTypes$Record::<init> (759 bytes)
C2 CompilerThread2  26026 16542       4       org.jetbrains.org.objectweb.asm.ClassReader::accept (1380 bytes)
Total: 3

VM state: not at safepoint (normal execution)

VM Mutex/Monitor currently owned by a thread: None

Heap address: 0x0000000080000000, size: 2048 MB, Compressed Oops mode: 32-bit

CDS archive(s) mapped at: [0x000001fa98000000-0x000001fa98c60000-0x000001fa98c60000), size 12976128, SharedBaseAddress: 0x000001fa98000000, ArchiveRelocationMode: 1.
Compressed class space mapped at: 0x000001fa99000000-0x000001fad9000000, reserved size: 1073741824
Narrow klass base: 0x000001fa98000000, Narrow klass shift: 0, Narrow klass range: 0x41000000

GC Precious Log:
 CardTable entry size: 512
 Card Set container configuration: InlinePtr #cards 5 size 8 Array Of Cards #cards 12 size 40 Howl #buckets 4 coarsen threshold 1843 Howl Bitmap #cards 512 size 80 coarsen threshold 460 Card regions per heap region 1 cards per card region 2048
 CPUs: 12 total, 12 available
 Memory: 5996M
 Large Page Support: Disabled
 NUMA Support: Disabled
 Compressed Oops: Enabled (32-bit)
 Heap Region Size: 1M
 Heap Min Capacity: 8M
 Heap Initial Capacity: 94M
 Heap Max Capacity: 2G
 Pre-touch: Disabled
 Parallel Workers: 10
 Concurrent Workers: 3
 Concurrent Refinement Workers: 10
 Periodic GC: Disabled

Heap:
 garbage-first heap   total reserved 2097152K, committed 256000K, used 213230K [0x0000000080000000, 0x0000000100000000)
  region size 1024K, 67 young (68608K), 10 survivors (10240K)
 Metaspace       used 136432K, committed 139072K, reserved 1179648K
  class space    used 18054K, committed 19328K, reserved 1048576K

Heap Regions: E=young(eden), S=young(survivor), O=old, HS=humongous(starts), HC=humongous(continues), CS=collection set, F=free, TAMS=top-at-mark-start, PB=parsable bottom
|   0|0x0000000080000000, 0x0000000080100000, 0x0000000080100000|100%| O|  |TAMS 0x0000000080000000| PB 0x0000000080000000| Untracked |  0
|   1|0x0000000080100000, 0x0000000080200000, 0x0000000080200000|100%|HS|  |TAMS 0x0000000080100000| PB 0x0000000080100000| Complete |  0
|   2|0x0000000080200000, 0x0000000080300000, 0x0000000080300000|100%|HC|  |TAMS 0x0000000080200000| PB 0x0000000080200000| Complete |  0
|   3|0x0000000080300000, 0x0000000080400000, 0x0000000080400000|100%|HC|  |TAMS 0x0000000080300000| PB 0x0000000080300000| Complete |  0
|   4|0x0000000080400000, 0x0000000080500000, 0x0000000080500000|100%| O|  |TAMS 0x0000000080400000| PB 0x0000000080400000| Untracked |  0
|   5|0x0000000080500000, 0x0000000080600000, 0x0000000080600000|100%|HS|  |TAMS 0x0000000080500000| PB 0x0000000080500000| Complete |  0
|   6|0x0000000080600000, 0x0000000080700000, 0x0000000080700000|100%| O|  |TAMS 0x0000000080600000| PB 0x0000000080600000| Untracked |  0
|   7|0x0000000080700000, 0x0000000080800000, 0x0000000080800000|100%| O|  |TAMS 0x0000000080700000| PB 0x0000000080700000| Untracked |  0
|   8|0x0000000080800000, 0x0000000080900000, 0x0000000080900000|100%|HS|  |TAMS 0x0000000080800000| PB 0x0000000080800000| Complete |  0
|   9|0x0000000080900000, 0x0000000080a00000, 0x0000000080a00000|100%| O|  |TAMS 0x0000000080900000| PB 0x0000000080900000| Untracked |  0
|  10|0x0000000080a00000, 0x0000000080b00000, 0x0000000080b00000|100%| O|  |TAMS 0x0000000080a00000| PB 0x0000000080a00000| Untracked |  0
|  11|0x0000000080b00000, 0x0000000080c00000, 0x0000000080c00000|100%| O|  |TAMS 0x0000000080b00000| PB 0x0000000080b00000| Untracked |  0
|  12|0x0000000080c00000, 0x0000000080d00000, 0x0000000080d00000|100%| O|  |TAMS 0x0000000080c00000| PB 0x0000000080c00000| Untracked |  0
|  13|0x0000000080d00000, 0x0000000080e00000, 0x0000000080e00000|100%| O|  |TAMS 0x0000000080d00000| PB 0x0000000080d00000| Untracked |  0
|  14|0x0000000080e00000, 0x0000000080f00000, 0x0000000080f00000|100%| O|  |TAMS 0x0000000080e00000| PB 0x0000000080e00000| Untracked |  0
|  15|0x0000000080f00000, 0x0000000081000000, 0x0000000081000000|100%| O|  |TAMS 0x0000000080f00000| PB 0x0000000080f00000| Untracked |  0
|  16|0x0000000081000000, 0x0000000081100000, 0x0000000081100000|100%| O|  |TAMS 0x0000000081000000| PB 0x0000000081000000| Untracked |  0
|  17|0x0000000081100000, 0x0000000081200000, 0x0000000081200000|100%| O|  |TAMS 0x0000000081100000| PB 0x0000000081100000| Untracked |  0
|  18|0x0000000081200000, 0x0000000081300000, 0x0000000081300000|100%| O|  |TAMS 0x0000000081200000| PB 0x0000000081200000| Untracked |  0
|  19|0x0000000081300000, 0x0000000081400000, 0x0000000081400000|100%| O|  |TAMS 0x0000000081300000| PB 0x0000000081300000| Untracked |  0
|  20|0x0000000081400000, 0x0000000081500000, 0x0000000081500000|100%| O|  |TAMS 0x0000000081400000| PB 0x0000000081400000| Untracked |  0
|  21|0x0000000081500000, 0x0000000081600000, 0x0000000081600000|100%| O|  |TAMS 0x0000000081500000| PB 0x0000000081500000| Untracked |  0
|  22|0x0000000081600000, 0x0000000081700000, 0x0000000081700000|100%| O|  |TAMS 0x0000000081600000| PB 0x0000000081600000| Untracked |  0
|  23|0x0000000081700000, 0x0000000081800000, 0x0000000081800000|100%|HS|  |TAMS 0x0000000081700000| PB 0x0000000081700000| Complete |  0
|  24|0x0000000081800000, 0x0000000081900000, 0x0000000081900000|100%| O|  |TAMS 0x0000000081800000| PB 0x0000000081800000| Untracked |  0
|  25|0x0000000081900000, 0x0000000081a00000, 0x0000000081a00000|100%| O|  |TAMS 0x0000000081900000| PB 0x0000000081900000| Untracked |  0
|  26|0x0000000081a00000, 0x0000000081b00000, 0x0000000081b00000|100%| O|  |TAMS 0x0000000081a00000| PB 0x0000000081a00000| Untracked |  0
|  27|0x0000000081b00000, 0x0000000081c00000, 0x0000000081c00000|100%| O|  |TAMS 0x0000000081b00000| PB 0x0000000081b00000| Untracked |  0
|  28|0x0000000081c00000, 0x0000000081d00000, 0x0000000081d00000|100%| O|  |TAMS 0x0000000081c00000| PB 0x0000000081c00000| Untracked |  0
|  29|0x0000000081d00000, 0x0000000081e00000, 0x0000000081e00000|100%| O|  |TAMS 0x0000000081d00000| PB 0x0000000081d00000| Untracked |  0
|  30|0x0000000081e00000, 0x0000000081f00000, 0x0000000081f00000|100%| O|  |TAMS 0x0000000081e00000| PB 0x0000000081e00000| Untracked |  0
|  31|0x0000000081f00000, 0x0000000082000000, 0x0000000082000000|100%| O|  |TAMS 0x0000000081f00000| PB 0x0000000081f00000| Untracked |  0
|  32|0x0000000082000000, 0x0000000082100000, 0x0000000082100000|100%| O|  |TAMS 0x0000000082000000| PB 0x0000000082000000| Untracked |  0
|  33|0x0000000082100000, 0x0000000082200000, 0x0000000082200000|100%|HS|  |TAMS 0x0000000082100000| PB 0x0000000082100000| Complete |  0
|  34|0x0000000082200000, 0x0000000082300000, 0x0000000082300000|100%|HC|  |TAMS 0x0000000082200000| PB 0x0000000082200000| Complete |  0
|  35|0x0000000082300000, 0x0000000082400000, 0x0000000082400000|100%|HC|  |TAMS 0x0000000082300000| PB 0x0000000082300000| Complete |  0
|  36|0x0000000082400000, 0x0000000082500000, 0x0000000082500000|100%|HC|  |TAMS 0x0000000082400000| PB 0x0000000082400000| Complete |  0
|  37|0x0000000082500000, 0x0000000082600000, 0x0000000082600000|100%|HC|  |TAMS 0x0000000082500000| PB 0x0000000082500000| Complete |  0
|  38|0x0000000082600000, 0x0000000082700000, 0x0000000082700000|100%|HC|  |TAMS 0x0000000082600000| PB 0x0000000082600000| Complete |  0
|  39|0x0000000082700000, 0x0000000082800000, 0x0000000082800000|100%| O|  |TAMS 0x0000000082700000| PB 0x0000000082700000| Untracked |  0
|  40|0x0000000082800000, 0x0000000082900000, 0x0000000082900000|100%| O|  |TAMS 0x0000000082800000| PB 0x0000000082800000| Untracked |  0
|  41|0x0000000082900000, 0x0000000082a00000, 0x0000000082a00000|100%| O|  |TAMS 0x0000000082900000| PB 0x0000000082900000| Untracked |  0
|  42|0x0000000082a00000, 0x0000000082b00000, 0x0000000082b00000|100%| O|  |TAMS 0x0000000082a00000| PB 0x0000000082a00000| Untracked |  0
|  43|0x0000000082b00000, 0x0000000082c00000, 0x0000000082c00000|100%| O|  |TAMS 0x0000000082b00000| PB 0x0000000082b00000| Untracked |  0
|  44|0x0000000082c00000, 0x0000000082d00000, 0x0000000082d00000|100%| O|  |TAMS 0x0000000082c00000| PB 0x0000000082c00000| Untracked |  0
|  45|0x0000000082d00000, 0x0000000082e00000, 0x0000000082e00000|100%| O|  |TAMS 0x0000000082d00000| PB 0x0000000082d00000| Untracked |  0
|  46|0x0000000082e00000, 0x0000000082f00000, 0x0000000082f00000|100%| O|  |TAMS 0x0000000082e00000| PB 0x0000000082e00000| Untracked |  0
|  47|0x0000000082f00000, 0x0000000083000000, 0x0000000083000000|100%| O|  |TAMS 0x0000000082f00000| PB 0x0000000082f00000| Untracked |  0
|  48|0x0000000083000000, 0x0000000083100000, 0x0000000083100000|100%| O|  |TAMS 0x0000000083000000| PB 0x0000000083000000| Untracked |  0
|  49|0x0000000083100000, 0x0000000083200000, 0x0000000083200000|100%| O|  |TAMS 0x0000000083100000| PB 0x0000000083100000| Untracked |  0
|  50|0x0000000083200000, 0x0000000083300000, 0x0000000083300000|100%| O|  |TAMS 0x0000000083200000| PB 0x0000000083200000| Untracked |  0
|  51|0x0000000083300000, 0x0000000083400000, 0x0000000083400000|100%| O|  |TAMS 0x0000000083300000| PB 0x0000000083300000| Untracked |  0
|  52|0x0000000083400000, 0x0000000083500000, 0x0000000083500000|100%| O|  |TAMS 0x0000000083400000| PB 0x0000000083400000| Untracked |  0
|  53|0x0000000083500000, 0x0000000083600000, 0x0000000083600000|100%| O|  |TAMS 0x0000000083500000| PB 0x0000000083500000| Untracked |  0
|  54|0x0000000083600000, 0x0000000083700000, 0x0000000083700000|100%| O|  |TAMS 0x0000000083600000| PB 0x0000000083600000| Untracked |  0
|  55|0x0000000083700000, 0x0000000083800000, 0x0000000083800000|100%| O|  |TAMS 0x0000000083700000| PB 0x0000000083700000| Untracked |  0
|  56|0x0000000083800000, 0x0000000083900000, 0x0000000083900000|100%|HS|  |TAMS 0x0000000083800000| PB 0x0000000083800000| Complete |  0
|  57|0x0000000083900000, 0x0000000083a00000, 0x0000000083a00000|100%|HC|  |TAMS 0x0000000083900000| PB 0x0000000083900000| Complete |  0
|  58|0x0000000083a00000, 0x0000000083a00000, 0x0000000083b00000|  0%| F|  |TAMS 0x0000000083a00000| PB 0x0000000083a00000| Untracked |  0
|  59|0x0000000083b00000, 0x0000000083c00000, 0x0000000083c00000|100%|HS|  |TAMS 0x0000000083b00000| PB 0x0000000083b00000| Complete |  0
|  60|0x0000000083c00000, 0x0000000083d00000, 0x0000000083d00000|100%| O|  |TAMS 0x0000000083c00000| PB 0x0000000083c00000| Untracked |  0
|  61|0x0000000083d00000, 0x0000000083e00000, 0x0000000083e00000|100%| O|  |TAMS 0x0000000083d00000| PB 0x0000000083d00000| Untracked |  0
|  62|0x0000000083e00000, 0x0000000083f00000, 0x0000000083f00000|100%| O|  |TAMS 0x0000000083e00000| PB 0x0000000083e00000| Untracked |  0
|  63|0x0000000083f00000, 0x0000000084000000, 0x0000000084000000|100%| O|  |TAMS 0x0000000083f00000| PB 0x0000000083f00000| Untracked |  0
|  64|0x0000000084000000, 0x0000000084100000, 0x0000000084100000|100%| O|  |TAMS 0x0000000084000000| PB 0x0000000084000000| Untracked |  0
|  65|0x0000000084100000, 0x0000000084200000, 0x0000000084200000|100%|HS|  |TAMS 0x0000000084100000| PB 0x0000000084100000| Complete |  0
|  66|0x0000000084200000, 0x0000000084300000, 0x0000000084300000|100%|HS|  |TAMS 0x0000000084200000| PB 0x0000000084200000| Complete |  0
|  67|0x0000000084300000, 0x0000000084400000, 0x0000000084400000|100%| O|  |TAMS 0x0000000084300000| PB 0x0000000084300000| Untracked |  0
|  68|0x0000000084400000, 0x0000000084500000, 0x0000000084500000|100%| O|  |TAMS 0x0000000084400000| PB 0x0000000084400000| Untracked |  0
|  69|0x0000000084500000, 0x0000000084600000, 0x0000000084600000|100%| O|  |TAMS 0x0000000084500000| PB 0x0000000084500000| Untracked |  0
|  70|0x0000000084600000, 0x0000000084700000, 0x0000000084700000|100%| O|  |TAMS 0x0000000084600000| PB 0x0000000084600000| Untracked |  0
|  71|0x0000000084700000, 0x0000000084800000, 0x0000000084800000|100%| O|  |TAMS 0x0000000084700000| PB 0x0000000084700000| Untracked |  0
|  72|0x0000000084800000, 0x0000000084900000, 0x0000000084900000|100%| O|  |TAMS 0x0000000084800000| PB 0x0000000084800000| Untracked |  0
|  73|0x0000000084900000, 0x0000000084a00000, 0x0000000084a00000|100%| O|  |TAMS 0x0000000084900000| PB 0x0000000084900000| Untracked |  0
|  74|0x0000000084a00000, 0x0000000084b00000, 0x0000000084b00000|100%| O|  |TAMS 0x0000000084a00000| PB 0x0000000084a00000| Untracked |  0
|  75|0x0000000084b00000, 0x0000000084c00000, 0x0000000084c00000|100%| O|  |TAMS 0x0000000084b00000| PB 0x0000000084b00000| Untracked |  0
|  76|0x0000000084c00000, 0x0000000084d00000, 0x0000000084d00000|100%| O|  |TAMS 0x0000000084c00000| PB 0x0000000084c00000| Untracked |  0
|  77|0x0000000084d00000, 0x0000000084e00000, 0x0000000084e00000|100%|HS|  |TAMS 0x0000000084d00000| PB 0x0000000084d00000| Complete |  0
|  78|0x0000000084e00000, 0x0000000084f00000, 0x0000000084f00000|100%|HS|  |TAMS 0x0000000084e00000| PB 0x0000000084e00000| Complete |  0
|  79|0x0000000084f00000, 0x0000000085000000, 0x0000000085000000|100%|HC|  |TAMS 0x0000000084f00000| PB 0x0000000084f00000| Complete |  0
|  80|0x0000000085000000, 0x0000000085100000, 0x0000000085100000|100%|HS|  |TAMS 0x0000000085000000| PB 0x0000000085000000| Complete |  0
|  81|0x0000000085100000, 0x0000000085200000, 0x0000000085200000|100%|HC|  |TAMS 0x0000000085100000| PB 0x0000000085100000| Complete |  0
|  82|0x0000000085200000, 0x0000000085300000, 0x0000000085300000|100%|HC|  |TAMS 0x0000000085200000| PB 0x0000000085200000| Complete |  0
|  83|0x0000000085300000, 0x0000000085400000, 0x0000000085400000|100%| O|  |TAMS 0x0000000085300000| PB 0x0000000085300000| Untracked |  0
|  84|0x0000000085400000, 0x0000000085400000, 0x0000000085500000|  0%| F|  |TAMS 0x0000000085400000| PB 0x0000000085400000| Untracked |  0
|  85|0x0000000085500000, 0x0000000085600000, 0x0000000085600000|100%|HS|  |TAMS 0x0000000085500000| PB 0x0000000085500000| Complete |  0
|  86|0x0000000085600000, 0x0000000085700000, 0x0000000085700000|100%| O|  |TAMS 0x0000000085600000| PB 0x0000000085600000| Untracked |  0
|  87|0x0000000085700000, 0x0000000085800000, 0x0000000085800000|100%| O|  |TAMS 0x0000000085700000| PB 0x0000000085700000| Untracked |  0
|  88|0x0000000085800000, 0x0000000085800000, 0x0000000085900000|  0%| F|  |TAMS 0x0000000085800000| PB 0x0000000085800000| Untracked |  0
|  89|0x0000000085900000, 0x0000000085a00000, 0x0000000085a00000|100%| O|  |TAMS 0x0000000085900000| PB 0x0000000085900000| Untracked |  0
|  90|0x0000000085a00000, 0x0000000085b00000, 0x0000000085b00000|100%| O|  |TAMS 0x0000000085a00000| PB 0x0000000085a00000| Untracked |  0
|  91|0x0000000085b00000, 0x0000000085c00000, 0x0000000085c00000|100%| O|  |TAMS 0x0000000085b00000| PB 0x0000000085b00000| Untracked |  0
|  92|0x0000000085c00000, 0x0000000085d00000, 0x0000000085d00000|100%| O|  |TAMS 0x0000000085c00000| PB 0x0000000085c00000| Untracked |  0
|  93|0x0000000085d00000, 0x0000000085e00000, 0x0000000085e00000|100%| O|  |TAMS 0x0000000085d00000| PB 0x0000000085d00000| Untracked |  0
|  94|0x0000000085e00000, 0x0000000085f00000, 0x0000000085f00000|100%| O|  |TAMS 0x0000000085e00000| PB 0x0000000085e00000| Untracked |  0
|  95|0x0000000085f00000, 0x0000000085f00000, 0x0000000086000000|  0%| F|  |TAMS 0x0000000085f00000| PB 0x0000000085f00000| Untracked |  0
|  96|0x0000000086000000, 0x0000000086000000, 0x0000000086100000|  0%| F|  |TAMS 0x0000000086000000| PB 0x0000000086000000| Untracked |  0
|  97|0x0000000086100000, 0x0000000086200000, 0x0000000086200000|100%|HS|  |TAMS 0x0000000086100000| PB 0x0000000086100000| Complete |  0
|  98|0x0000000086200000, 0x0000000086300000, 0x0000000086300000|100%| O|  |TAMS 0x0000000086200000| PB 0x0000000086200000| Untracked |  0
|  99|0x0000000086300000, 0x0000000086400000, 0x0000000086400000|100%| O|  |TAMS 0x0000000086300000| PB 0x0000000086300000| Untracked |  0
| 100|0x0000000086400000, 0x0000000086500000, 0x0000000086500000|100%| O|  |TAMS 0x0000000086400000| PB 0x0000000086400000| Untracked |  0
| 101|0x0000000086500000, 0x0000000086600000, 0x0000000086600000|100%| O|  |TAMS 0x0000000086500000| PB 0x0000000086500000| Untracked |  0
| 102|0x0000000086600000, 0x0000000086700000, 0x0000000086700000|100%| O|  |TAMS 0x0000000086600000| PB 0x0000000086600000| Untracked |  0
| 103|0x0000000086700000, 0x0000000086800000, 0x0000000086800000|100%| O|  |TAMS 0x0000000086700000| PB 0x0000000086700000| Untracked |  0
| 104|0x0000000086800000, 0x0000000086900000, 0x0000000086900000|100%| O|  |TAMS 0x0000000086800000| PB 0x0000000086800000| Untracked |  0
| 105|0x0000000086900000, 0x0000000086a00000, 0x0000000086a00000|100%| O|  |TAMS 0x0000000086900000| PB 0x0000000086900000| Untracked |  0
| 106|0x0000000086a00000, 0x0000000086a00000, 0x0000000086b00000|  0%| F|  |TAMS 0x0000000086a00000| PB 0x0000000086a00000| Untracked |  0
| 107|0x0000000086b00000, 0x0000000086c00000, 0x0000000086c00000|100%| O|  |TAMS 0x0000000086b00000| PB 0x0000000086b00000| Untracked |  0
| 108|0x0000000086c00000, 0x0000000086d00000, 0x0000000086d00000|100%| O|  |TAMS 0x0000000086c00000| PB 0x0000000086c00000| Untracked |  0
| 109|0x0000000086d00000, 0x0000000086e00000, 0x0000000086e00000|100%| O|  |TAMS 0x0000000086d00000| PB 0x0000000086d00000| Untracked |  0
| 110|0x0000000086e00000, 0x0000000086f00000, 0x0000000086f00000|100%| O|  |TAMS 0x0000000086e00000| PB 0x0000000086e00000| Untracked |  0
| 111|0x0000000086f00000, 0x0000000087000000, 0x0000000087000000|100%| O|  |TAMS 0x0000000086f00000| PB 0x0000000086f00000| Untracked |  0
| 112|0x0000000087000000, 0x0000000087100000, 0x0000000087100000|100%| O|  |TAMS 0x0000000087000000| PB 0x0000000087000000| Untracked |  0
| 113|0x0000000087100000, 0x0000000087200000, 0x0000000087200000|100%| O|  |TAMS 0x0000000087100000| PB 0x0000000087100000| Untracked |  0
| 114|0x0000000087200000, 0x0000000087200000, 0x0000000087300000|  0%| F|  |TAMS 0x0000000087200000| PB 0x0000000087200000| Untracked |  0
| 115|0x0000000087300000, 0x0000000087400000, 0x0000000087400000|100%| O|  |TAMS 0x0000000087300000| PB 0x0000000087300000| Untracked |  0
| 116|0x0000000087400000, 0x0000000087500000, 0x0000000087500000|100%| O|  |TAMS 0x0000000087400000| PB 0x0000000087400000| Untracked |  0
| 117|0x0000000087500000, 0x0000000087500000, 0x0000000087600000|  0%| F|  |TAMS 0x0000000087500000| PB 0x0000000087500000| Untracked |  0
| 118|0x0000000087600000, 0x0000000087600000, 0x0000000087700000|  0%| F|  |TAMS 0x0000000087600000| PB 0x0000000087600000| Untracked |  0
| 119|0x0000000087700000, 0x0000000087800000, 0x0000000087800000|100%| O|  |TAMS 0x0000000087700000| PB 0x0000000087700000| Untracked |  0
| 120|0x0000000087800000, 0x0000000087800000, 0x0000000087900000|  0%| F|  |TAMS 0x0000000087800000| PB 0x0000000087800000| Untracked |  0
| 121|0x0000000087900000, 0x0000000087a00000, 0x0000000087a00000|100%| O|  |TAMS 0x0000000087900000| PB 0x0000000087900000| Untracked |  0
| 122|0x0000000087a00000, 0x0000000087b00000, 0x0000000087b00000|100%| O|  |TAMS 0x0000000087a00000| PB 0x0000000087a00000| Untracked |  0
| 123|0x0000000087b00000, 0x0000000087b00000, 0x0000000087c00000|  0%| F|  |TAMS 0x0000000087b00000| PB 0x0000000087b00000| Untracked |  0
| 124|0x0000000087c00000, 0x0000000087d00000, 0x0000000087d00000|100%| O|  |TAMS 0x0000000087c00000| PB 0x0000000087c00000| Untracked |  0
| 125|0x0000000087d00000, 0x0000000087e00000, 0x0000000087e00000|100%| O|  |TAMS 0x0000000087d00000| PB 0x0000000087d00000| Untracked |  0
| 126|0x0000000087e00000, 0x0000000087f00000, 0x0000000087f00000|100%| O|  |TAMS 0x0000000087e00000| PB 0x0000000087e00000| Untracked |  0
| 127|0x0000000087f00000, 0x0000000088000000, 0x0000000088000000|100%| O|  |TAMS 0x0000000087f00000| PB 0x0000000087f00000| Untracked |  0
| 128|0x0000000088000000, 0x0000000088100000, 0x0000000088100000|100%| O|  |TAMS 0x0000000088000000| PB 0x0000000088000000| Untracked |  0
| 129|0x0000000088100000, 0x0000000088100000, 0x0000000088200000|  0%| F|  |TAMS 0x0000000088100000| PB 0x0000000088100000| Untracked |  0
| 130|0x0000000088200000, 0x0000000088200000, 0x0000000088300000|  0%| F|  |TAMS 0x0000000088200000| PB 0x0000000088200000| Untracked |  0
| 131|0x0000000088300000, 0x0000000088400000, 0x0000000088400000|100%| O|  |TAMS 0x0000000088300000| PB 0x0000000088300000| Untracked |  0
| 132|0x0000000088400000, 0x0000000088400000, 0x0000000088500000|  0%| F|  |TAMS 0x0000000088400000| PB 0x0000000088400000| Untracked |  0
| 133|0x0000000088500000, 0x0000000088500000, 0x0000000088600000|  0%| F|  |TAMS 0x0000000088500000| PB 0x0000000088500000| Untracked |  0
| 134|0x0000000088600000, 0x0000000088700000, 0x0000000088700000|100%| O|  |TAMS 0x0000000088600000| PB 0x0000000088600000| Untracked |  0
| 135|0x0000000088700000, 0x0000000088700000, 0x0000000088800000|  0%| F|  |TAMS 0x0000000088700000| PB 0x0000000088700000| Untracked |  0
| 136|0x0000000088800000, 0x0000000088900000, 0x0000000088900000|100%| O|  |TAMS 0x0000000088800000| PB 0x0000000088800000| Untracked |  0
| 137|0x0000000088900000, 0x0000000088a00000, 0x0000000088a00000|100%|HS|  |TAMS 0x0000000088900000| PB 0x0000000088900000| Complete |  0
| 138|0x0000000088a00000, 0x0000000088b00000, 0x0000000088b00000|100%|HC|  |TAMS 0x0000000088a00000| PB 0x0000000088a00000| Complete |  0
| 139|0x0000000088b00000, 0x0000000088c00000, 0x0000000088c00000|100%|HC|  |TAMS 0x0000000088b00000| PB 0x0000000088b00000| Complete |  0
| 140|0x0000000088c00000, 0x0000000088d00000, 0x0000000088d00000|100%| O|  |TAMS 0x0000000088c00000| PB 0x0000000088c00000| Untracked |  0
| 141|0x0000000088d00000, 0x0000000088e00000, 0x0000000088e00000|100%| O|  |TAMS 0x0000000088d00000| PB 0x0000000088d00000| Untracked |  0
| 142|0x0000000088e00000, 0x0000000088f00000, 0x0000000088f00000|100%| O|  |TAMS 0x0000000088e00000| PB 0x0000000088e00000| Untracked |  0
| 143|0x0000000088f00000, 0x0000000089000000, 0x0000000089000000|100%| O|  |TAMS 0x0000000088f00000| PB 0x0000000088f00000| Untracked |  0
| 144|0x0000000089000000, 0x0000000089100000, 0x0000000089100000|100%| O|  |TAMS 0x0000000089000000| PB 0x0000000089000000| Untracked |  0
| 145|0x0000000089100000, 0x0000000089200000, 0x0000000089200000|100%| O|  |TAMS 0x0000000089100000| PB 0x0000000089100000| Untracked |  0
| 146|0x0000000089200000, 0x0000000089300000, 0x0000000089300000|100%| O|  |TAMS 0x0000000089200000| PB 0x0000000089200000| Untracked |  0
| 147|0x0000000089300000, 0x0000000089400000, 0x0000000089400000|100%| O|  |TAMS 0x0000000089300000| PB 0x0000000089300000| Untracked |  0
| 148|0x0000000089400000, 0x0000000089500000, 0x0000000089500000|100%| O|  |TAMS 0x0000000089400000| PB 0x0000000089400000| Untracked |  0
| 149|0x0000000089500000, 0x0000000089600000, 0x0000000089600000|100%| O|  |TAMS 0x0000000089500000| PB 0x0000000089500000| Untracked |  0
| 150|0x0000000089600000, 0x000000008963b900, 0x0000000089700000| 23%| O|  |TAMS 0x0000000089600000| PB 0x0000000089600000| Untracked |  0
| 151|0x0000000089700000, 0x0000000089700000, 0x0000000089800000|  0%| F|  |TAMS 0x0000000089700000| PB 0x0000000089700000| Untracked |  0
| 152|0x0000000089800000, 0x0000000089800000, 0x0000000089900000|  0%| F|  |TAMS 0x0000000089800000| PB 0x0000000089800000| Untracked |  0
| 153|0x0000000089900000, 0x0000000089a00000, 0x0000000089a00000|100%| S|CS|TAMS 0x0000000089900000| PB 0x0000000089900000| Complete |  0
| 154|0x0000000089a00000, 0x0000000089b00000, 0x0000000089b00000|100%| S|CS|TAMS 0x0000000089a00000| PB 0x0000000089a00000| Complete |  0
| 155|0x0000000089b00000, 0x0000000089c00000, 0x0000000089c00000|100%| S|CS|TAMS 0x0000000089b00000| PB 0x0000000089b00000| Complete |  0
| 156|0x0000000089c00000, 0x0000000089d00000, 0x0000000089d00000|100%| S|CS|TAMS 0x0000000089c00000| PB 0x0000000089c00000| Complete |  0
| 157|0x0000000089d00000, 0x0000000089e00000, 0x0000000089e00000|100%| S|CS|TAMS 0x0000000089d00000| PB 0x0000000089d00000| Complete |  0
| 158|0x0000000089e00000, 0x0000000089f00000, 0x0000000089f00000|100%| S|CS|TAMS 0x0000000089e00000| PB 0x0000000089e00000| Complete |  0
| 159|0x0000000089f00000, 0x000000008a000000, 0x000000008a000000|100%| S|CS|TAMS 0x0000000089f00000| PB 0x0000000089f00000| Complete |  0
| 160|0x000000008a000000, 0x000000008a100000, 0x000000008a100000|100%| S|CS|TAMS 0x000000008a000000| PB 0x000000008a000000| Complete |  0
| 161|0x000000008a100000, 0x000000008a200000, 0x000000008a200000|100%| S|CS|TAMS 0x000000008a100000| PB 0x000000008a100000| Complete |  0
| 162|0x000000008a200000, 0x000000008a300000, 0x000000008a300000|100%| S|CS|TAMS 0x000000008a200000| PB 0x000000008a200000| Complete |  0
| 163|0x000000008a300000, 0x000000008a300000, 0x000000008a400000|  0%| F|  |TAMS 0x000000008a300000| PB 0x000000008a300000| Untracked |  0
| 164|0x000000008a400000, 0x000000008a400000, 0x000000008a500000|  0%| F|  |TAMS 0x000000008a400000| PB 0x000000008a400000| Untracked |  0
| 165|0x000000008a500000, 0x000000008a500000, 0x000000008a600000|  0%| F|  |TAMS 0x000000008a500000| PB 0x000000008a500000| Untracked |  0
| 166|0x000000008a600000, 0x000000008a600000, 0x000000008a700000|  0%| F|  |TAMS 0x000000008a600000| PB 0x000000008a600000| Untracked |  0
| 167|0x000000008a700000, 0x000000008a700000, 0x000000008a800000|  0%| F|  |TAMS 0x000000008a700000| PB 0x000000008a700000| Untracked |  0
| 168|0x000000008a800000, 0x000000008a800000, 0x000000008a900000|  0%| F|  |TAMS 0x000000008a800000| PB 0x000000008a800000| Untracked |  0
| 169|0x000000008a900000, 0x000000008a900000, 0x000000008aa00000|  0%| F|  |TAMS 0x000000008a900000| PB 0x000000008a900000| Untracked |  0
| 170|0x000000008aa00000, 0x000000008aa00000, 0x000000008ab00000|  0%| F|  |TAMS 0x000000008aa00000| PB 0x000000008aa00000| Untracked |  0
| 171|0x000000008ab00000, 0x000000008ab00000, 0x000000008ac00000|  0%| F|  |TAMS 0x000000008ab00000| PB 0x000000008ab00000| Untracked |  0
| 172|0x000000008ac00000, 0x000000008ac00000, 0x000000008ad00000|  0%| F|  |TAMS 0x000000008ac00000| PB 0x000000008ac00000| Untracked |  0
| 173|0x000000008ad00000, 0x000000008ad00000, 0x000000008ae00000|  0%| F|  |TAMS 0x000000008ad00000| PB 0x000000008ad00000| Untracked |  0
| 174|0x000000008ae00000, 0x000000008ae00000, 0x000000008af00000|  0%| F|  |TAMS 0x000000008ae00000| PB 0x000000008ae00000| Untracked |  0
| 175|0x000000008af00000, 0x000000008af00000, 0x000000008b000000|  0%| F|  |TAMS 0x000000008af00000| PB 0x000000008af00000| Untracked |  0
| 176|0x000000008b000000, 0x000000008b000000, 0x000000008b100000|  0%| F|  |TAMS 0x000000008b000000| PB 0x000000008b000000| Untracked |  0
| 177|0x000000008b100000, 0x000000008b100000, 0x000000008b200000|  0%| F|  |TAMS 0x000000008b100000| PB 0x000000008b100000| Untracked |  0
| 178|0x000000008b200000, 0x000000008b200000, 0x000000008b300000|  0%| F|  |TAMS 0x000000008b200000| PB 0x000000008b200000| Untracked |  0
| 179|0x000000008b300000, 0x000000008b300000, 0x000000008b400000|  0%| F|  |TAMS 0x000000008b300000| PB 0x000000008b300000| Untracked |  0
| 180|0x000000008b400000, 0x000000008b400000, 0x000000008b500000|  0%| F|  |TAMS 0x000000008b400000| PB 0x000000008b400000| Untracked |  0
| 181|0x000000008b500000, 0x000000008b500000, 0x000000008b600000|  0%| F|  |TAMS 0x000000008b500000| PB 0x000000008b500000| Untracked |  0
| 182|0x000000008b600000, 0x000000008b600000, 0x000000008b700000|  0%| F|  |TAMS 0x000000008b600000| PB 0x000000008b600000| Untracked |  0
| 183|0x000000008b700000, 0x000000008b700000, 0x000000008b800000|  0%| F|  |TAMS 0x000000008b700000| PB 0x000000008b700000| Untracked |  0
| 184|0x000000008b800000, 0x000000008b892e90, 0x000000008b900000| 57%| E|  |TAMS 0x000000008b800000| PB 0x000000008b800000| Complete |  0
| 185|0x000000008b900000, 0x000000008ba00000, 0x000000008ba00000|100%| E|CS|TAMS 0x000000008b900000| PB 0x000000008b900000| Complete |  0
| 186|0x000000008ba00000, 0x000000008bb00000, 0x000000008bb00000|100%| E|CS|TAMS 0x000000008ba00000| PB 0x000000008ba00000| Complete |  0
| 187|0x000000008bb00000, 0x000000008bc00000, 0x000000008bc00000|100%| E|CS|TAMS 0x000000008bb00000| PB 0x000000008bb00000| Complete |  0
| 188|0x000000008bc00000, 0x000000008bd00000, 0x000000008bd00000|100%| E|CS|TAMS 0x000000008bc00000| PB 0x000000008bc00000| Complete |  0
| 189|0x000000008bd00000, 0x000000008be00000, 0x000000008be00000|100%| E|CS|TAMS 0x000000008bd00000| PB 0x000000008bd00000| Complete |  0
| 190|0x000000008be00000, 0x000000008bf00000, 0x000000008bf00000|100%| E|CS|TAMS 0x000000008be00000| PB 0x000000008be00000| Complete |  0
| 191|0x000000008bf00000, 0x000000008c000000, 0x000000008c000000|100%| E|CS|TAMS 0x000000008bf00000| PB 0x000000008bf00000| Complete |  0
| 192|0x000000008c000000, 0x000000008c100000, 0x000000008c100000|100%| E|CS|TAMS 0x000000008c000000| PB 0x000000008c000000| Complete |  0
| 193|0x000000008c100000, 0x000000008c200000, 0x000000008c200000|100%| E|CS|TAMS 0x000000008c100000| PB 0x000000008c100000| Complete |  0
| 194|0x000000008c200000, 0x000000008c300000, 0x000000008c300000|100%| E|CS|TAMS 0x000000008c200000| PB 0x000000008c200000| Complete |  0
| 195|0x000000008c300000, 0x000000008c400000, 0x000000008c400000|100%| E|CS|TAMS 0x000000008c300000| PB 0x000000008c300000| Complete |  0
| 196|0x000000008c400000, 0x000000008c500000, 0x000000008c500000|100%| E|CS|TAMS 0x000000008c400000| PB 0x000000008c400000| Complete |  0
| 197|0x000000008c500000, 0x000000008c600000, 0x000000008c600000|100%| E|CS|TAMS 0x000000008c500000| PB 0x000000008c500000| Complete |  0
| 198|0x000000008c600000, 0x000000008c700000, 0x000000008c700000|100%| E|CS|TAMS 0x000000008c600000| PB 0x000000008c600000| Complete |  0
| 199|0x000000008c700000, 0x000000008c800000, 0x000000008c800000|100%| E|CS|TAMS 0x000000008c700000| PB 0x000000008c700000| Complete |  0
| 200|0x000000008c800000, 0x000000008c900000, 0x000000008c900000|100%| E|CS|TAMS 0x000000008c800000| PB 0x000000008c800000| Complete |  0
| 201|0x000000008c900000, 0x000000008ca00000, 0x000000008ca00000|100%| E|CS|TAMS 0x000000008c900000| PB 0x000000008c900000| Complete |  0
| 202|0x000000008ca00000, 0x000000008cb00000, 0x000000008cb00000|100%| E|CS|TAMS 0x000000008ca00000| PB 0x000000008ca00000| Complete |  0
| 203|0x000000008cb00000, 0x000000008cc00000, 0x000000008cc00000|100%| E|CS|TAMS 0x000000008cb00000| PB 0x000000008cb00000| Complete |  0
| 204|0x000000008cc00000, 0x000000008cd00000, 0x000000008cd00000|100%| E|CS|TAMS 0x000000008cc00000| PB 0x000000008cc00000| Complete |  0
| 205|0x000000008cd00000, 0x000000008ce00000, 0x000000008ce00000|100%| E|CS|TAMS 0x000000008cd00000| PB 0x000000008cd00000| Complete |  0
| 206|0x000000008ce00000, 0x000000008cf00000, 0x000000008cf00000|100%| E|CS|TAMS 0x000000008ce00000| PB 0x000000008ce00000| Complete |  0
| 207|0x000000008cf00000, 0x000000008d000000, 0x000000008d000000|100%| E|CS|TAMS 0x000000008cf00000| PB 0x000000008cf00000| Complete |  0
| 208|0x000000008d000000, 0x000000008d100000, 0x000000008d100000|100%| E|CS|TAMS 0x000000008d000000| PB 0x000000008d000000| Complete |  0
| 209|0x000000008d100000, 0x000000008d200000, 0x000000008d200000|100%| E|CS|TAMS 0x000000008d100000| PB 0x000000008d100000| Complete |  0
| 210|0x000000008d200000, 0x000000008d300000, 0x000000008d300000|100%| E|CS|TAMS 0x000000008d200000| PB 0x000000008d200000| Complete |  0
| 211|0x000000008d300000, 0x000000008d400000, 0x000000008d400000|100%| E|CS|TAMS 0x000000008d300000| PB 0x000000008d300000| Complete |  0
| 212|0x000000008d400000, 0x000000008d500000, 0x000000008d500000|100%| E|CS|TAMS 0x000000008d400000| PB 0x000000008d400000| Complete |  0
| 213|0x000000008d500000, 0x000000008d600000, 0x000000008d600000|100%| E|CS|TAMS 0x000000008d500000| PB 0x000000008d500000| Complete |  0
| 214|0x000000008d600000, 0x000000008d700000, 0x000000008d700000|100%| E|CS|TAMS 0x000000008d600000| PB 0x000000008d600000| Complete |  0
| 215|0x000000008d700000, 0x000000008d800000, 0x000000008d800000|100%| E|CS|TAMS 0x000000008d700000| PB 0x000000008d700000| Complete |  0
| 216|0x000000008d800000, 0x000000008d900000, 0x000000008d900000|100%| E|CS|TAMS 0x000000008d800000| PB 0x000000008d800000| Complete |  0
| 217|0x000000008d900000, 0x000000008da00000, 0x000000008da00000|100%| E|CS|TAMS 0x000000008d900000| PB 0x000000008d900000| Complete |  0
| 218|0x000000008da00000, 0x000000008db00000, 0x000000008db00000|100%| E|CS|TAMS 0x000000008da00000| PB 0x000000008da00000| Complete |  0
| 219|0x000000008db00000, 0x000000008dc00000, 0x000000008dc00000|100%| E|CS|TAMS 0x000000008db00000| PB 0x000000008db00000| Complete |  0
| 220|0x000000008dc00000, 0x000000008dd00000, 0x000000008dd00000|100%| E|CS|TAMS 0x000000008dc00000| PB 0x000000008dc00000| Complete |  0
| 221|0x000000008dd00000, 0x000000008de00000, 0x000000008de00000|100%| E|CS|TAMS 0x000000008dd00000| PB 0x000000008dd00000| Complete |  0
| 222|0x000000008de00000, 0x000000008df00000, 0x000000008df00000|100%| E|CS|TAMS 0x000000008de00000| PB 0x000000008de00000| Complete |  0
| 223|0x000000008df00000, 0x000000008e000000, 0x000000008e000000|100%| E|CS|TAMS 0x000000008df00000| PB 0x000000008df00000| Complete |  0
| 224|0x000000008e000000, 0x000000008e100000, 0x000000008e100000|100%| E|CS|TAMS 0x000000008e000000| PB 0x000000008e000000| Complete |  0
| 225|0x000000008e100000, 0x000000008e200000, 0x000000008e200000|100%| E|CS|TAMS 0x000000008e100000| PB 0x000000008e100000| Complete |  0
| 226|0x000000008e200000, 0x000000008e300000, 0x000000008e300000|100%| E|CS|TAMS 0x000000008e200000| PB 0x000000008e200000| Complete |  0
| 227|0x000000008e300000, 0x000000008e400000, 0x000000008e400000|100%| E|CS|TAMS 0x000000008e300000| PB 0x000000008e300000| Complete |  0
| 228|0x000000008e400000, 0x000000008e500000, 0x000000008e500000|100%| E|CS|TAMS 0x000000008e400000| PB 0x000000008e400000| Complete |  0
| 229|0x000000008e500000, 0x000000008e600000, 0x000000008e600000|100%| E|CS|TAMS 0x000000008e500000| PB 0x000000008e500000| Complete |  0
| 230|0x000000008e600000, 0x000000008e700000, 0x000000008e700000|100%| E|CS|TAMS 0x000000008e600000| PB 0x000000008e600000| Complete |  0
| 231|0x000000008e700000, 0x000000008e800000, 0x000000008e800000|100%| E|CS|TAMS 0x000000008e700000| PB 0x000000008e700000| Complete |  0
| 232|0x000000008e800000, 0x000000008e900000, 0x000000008e900000|100%| E|CS|TAMS 0x000000008e800000| PB 0x000000008e800000| Complete |  0
| 233|0x000000008e900000, 0x000000008ea00000, 0x000000008ea00000|100%| E|CS|TAMS 0x000000008e900000| PB 0x000000008e900000| Complete |  0
| 234|0x000000008ea00000, 0x000000008eb00000, 0x000000008eb00000|100%| E|CS|TAMS 0x000000008ea00000| PB 0x000000008ea00000| Complete |  0
| 235|0x000000008eb00000, 0x000000008ec00000, 0x000000008ec00000|100%| E|CS|TAMS 0x000000008eb00000| PB 0x000000008eb00000| Complete |  0
| 236|0x000000008ec00000, 0x000000008ed00000, 0x000000008ed00000|100%| E|CS|TAMS 0x000000008ec00000| PB 0x000000008ec00000| Complete |  0
| 237|0x000000008ed00000, 0x000000008ee00000, 0x000000008ee00000|100%| E|CS|TAMS 0x000000008ed00000| PB 0x000000008ed00000| Complete |  0
|2036|0x00000000ff400000, 0x00000000ff500000, 0x00000000ff500000|100%| O|  |TAMS 0x00000000ff400000| PB 0x00000000ff400000| Untracked |  0
|2037|0x00000000ff500000, 0x00000000ff600000, 0x00000000ff600000|100%| O|  |TAMS 0x00000000ff500000| PB 0x00000000ff500000| Untracked |  0
|2038|0x00000000ff600000, 0x00000000ff700000, 0x00000000ff700000|100%| O|  |TAMS 0x00000000ff600000| PB 0x00000000ff600000| Untracked |  0
|2039|0x00000000ff700000, 0x00000000ff800000, 0x00000000ff800000|100%| O|  |TAMS 0x00000000ff700000| PB 0x00000000ff700000| Untracked |  0
|2040|0x00000000ff800000, 0x00000000ff900000, 0x00000000ff900000|100%| E|CS|TAMS 0x00000000ff800000| PB 0x00000000ff800000| Complete |  0
|2041|0x00000000ff900000, 0x00000000ffa00000, 0x00000000ffa00000|100%| E|CS|TAMS 0x00000000ff900000| PB 0x00000000ff900000| Complete |  0
|2042|0x00000000ffa00000, 0x00000000ffb00000, 0x00000000ffb00000|100%| E|CS|TAMS 0x00000000ffa00000| PB 0x00000000ffa00000| Complete |  0
|2043|0x00000000ffb00000, 0x00000000ffc00000, 0x00000000ffc00000|100%| O|  |TAMS 0x00000000ffb00000| PB 0x00000000ffb00000| Untracked |  0
|2044|0x00000000ffc00000, 0x00000000ffd00000, 0x00000000ffd00000|100%| E|CS|TAMS 0x00000000ffc00000| PB 0x00000000ffc00000| Complete |  0
|2045|0x00000000ffd00000, 0x00000000ffe00000, 0x00000000ffe00000|100%| O|  |TAMS 0x00000000ffd00000| PB 0x00000000ffd00000| Untracked |  0
|2046|0x00000000ffe00000, 0x00000000fff00000, 0x00000000fff00000|100%| O|  |TAMS 0x00000000ffe00000| PB 0x00000000ffe00000| Untracked |  0
|2047|0x00000000fff00000, 0x0000000100000000, 0x0000000100000000|100%| O|  |TAMS 0x00000000fff00000| PB 0x00000000fff00000| Untracked |  0

Card table byte_map: [0x000001faf9100000,0x000001faf9500000] _byte_map_base: 0x000001faf8d00000

Marking Bits: (CMBitMap*) 0x000001faf8748090
 Bits: [0x000001faf9500000, 0x000001fafb500000)

Polling page: 0x000001faf6690000

Metaspace:

Usage:
  Non-class:    115.61 MB used.
      Class:     17.63 MB used.
       Both:    133.24 MB used.

Virtual space:
  Non-class space:      128.00 MB reserved,     116.94 MB ( 91%) committed,  2 nodes.
      Class space:        1.00 GB reserved,      18.88 MB (  2%) committed,  1 nodes.
             Both:        1.12 GB reserved,     135.81 MB ( 12%) committed. 

Chunk freelists:
   Non-Class:  11.08 MB
       Class:  12.95 MB
        Both:  24.03 MB

MaxMetaspaceSize: unlimited
CompressedClassSpaceSize: 1.00 GB
Initial GC threshold: 21.00 MB
Current GC threshold: 219.00 MB
CDS: on
 - commit_granule_bytes: 65536.
 - commit_granule_words: 8192.
 - virtual_space_node_default_size: 8388608.
 - enlarge_chunks_in_place: 1.
 - use_allocation_guard: 0.


Internal statistics:

num_allocs_failed_limit: 9.
num_arena_births: 4582.
num_arena_deaths: 0.
num_vsnodes_births: 3.
num_vsnodes_deaths: 0.
num_space_committed: 2172.
num_space_uncommitted: 0.
num_chunks_returned_to_freelist: 9.
num_chunks_taken_from_freelist: 10163.
num_chunk_merges: 9.
num_chunk_splits: 7145.
num_chunks_enlarged: 4977.
num_inconsistent_stats: 0.

CodeHeap 'non-profiled nmethods': size=120000Kb used=7787Kb max_used=7787Kb free=112212Kb
 bounds [0x000001fa8fd50000, 0x000001fa904f0000, 0x000001fa97280000]
CodeHeap 'profiled nmethods': size=120000Kb used=26578Kb max_used=26578Kb free=93421Kb
 bounds [0x000001fa88280000, 0x000001fa89c80000, 0x000001fa8f7b0000]
CodeHeap 'non-nmethods': size=5760Kb used=2381Kb max_used=2449Kb free=3378Kb
 bounds [0x000001fa8f7b0000, 0x000001fa8fa30000, 0x000001fa8fd50000]
 total_blobs=15382 nmethods=14343 adapters=941
 compilation: enabled
              stopped_count=0, restarted_count=0
 full_count=0

Compilation events (20 events):
Event: 24.894 Thread 0x000001fafe1948e0 16657       3       sun.nio.ch.Util$BufferCache::get (164 bytes)
Event: 24.895 Thread 0x000001fafe1948e0 nmethod 16657 0x000001fa89c5a510 code [0x000001fa89c5a740, 0x000001fa89c5b0e0]
Event: 24.895 Thread 0x000001fafe1948e0 16658       3       sun.nio.ch.Util::offerFirstTemporaryDirectBuffer (53 bytes)
Event: 24.895 Thread 0x000001fafe1948e0 nmethod 16658 0x000001fa89c5b410 code [0x000001fa89c5b680, 0x000001fa89c5c130]
Event: 24.895 Thread 0x000001fafe1948e0 16659       3       java.nio.MappedByteBuffer::flip (5 bytes)
Event: 24.895 Thread 0x000001fafe1948e0 nmethod 16659 0x000001fa89c5c410 code [0x000001fa89c5c5c0, 0x000001fa89c5c800]
Event: 24.899 Thread 0x000001faf0b7a830 16660       4       org.jetbrains.kotlin.name.ClassId$Companion::topLevel (34 bytes)
Event: 24.900 Thread 0x000001fafe1948e0 16662   !   3       sun.nio.ch.IOUtil::readIntoNativeBuffer (169 bytes)
Event: 24.901 Thread 0x000001fafe1948e0 nmethod 16662 0x000001fa89c5c910 code [0x000001fa89c5cc60, 0x000001fa89c5e038]
Event: 24.901 Thread 0x000001fafe1948e0 16661   !   3       sun.nio.ch.IOUtil::read (133 bytes)
Event: 24.901 Thread 0x000001fafe1948e0 nmethod 16661 0x000001fa89c5e910 code [0x000001fa89c5eb80, 0x000001fa89c5f490]
Event: 24.901 Thread 0x000001fafe1948e0 16663       3       sun.nio.ch.IOUtil::read (14 bytes)
Event: 24.901 Thread 0x000001fafe1948e0 nmethod 16663 0x000001fa89c5f890 code [0x000001fa89c5fa40, 0x000001fa89c5fb68]
Event: 24.902 Thread 0x000001fafe1948e0 16665       3       java.nio.MappedByteBuffer::rewind (5 bytes)
Event: 24.903 Thread 0x000001fafe1948e0 nmethod 16665 0x000001fa89c5fc10 code [0x000001fa89c5fdc0, 0x000001fa89c5fff8]
Event: 24.908 Thread 0x000001faf0b7a830 nmethod 16660 0x000001fa904de310 code [0x000001fa904de500, 0x000001fa904dee28]
Event: 24.908 Thread 0x000001faf0b7a830 16664       4       sun.nio.ch.FileDispatcherImpl::read (8 bytes)
Event: 24.908 Thread 0x000001faf0b7a830 nmethod 16664 0x000001fa904df290 code [0x000001fa904df420, 0x000001fa904df4d8]
Event: 24.916 Thread 0x000001faf0b7a830 16666       4       org.jetbrains.kotlin.com.intellij.util.containers.FastUtilCaseInsensitiveStringHashingStrategy::equals (13 bytes)
Event: 24.937 Thread 0x000001fafe1948e0 16667       3       sun.nio.ch.Util$BufferCache::offerFirst (73 bytes)

GC Heap History (20 events):
Event: 18.223 GC heap before
{Heap before GC invocations=37 (full 0):
 garbage-first heap   total reserved 2097152K, committed 195584K, used 181864K [0x0000000080000000, 0x0000000100000000)
  region size 1024K, 81 young (82944K), 6 survivors (6144K)
 Metaspace       used 113561K, committed 115968K, reserved 1179648K
  class space    used 15163K, committed 16320K, reserved 1048576K
}
Event: 18.232 GC heap after
{Heap after GC invocations=38 (full 0):
 garbage-first heap   total reserved 2097152K, committed 199680K, used 114411K [0x0000000080000000, 0x0000000100000000)
  region size 1024K, 11 young (11264K), 11 survivors (11264K)
 Metaspace       used 113561K, committed 115968K, reserved 1179648K
  class space    used 15163K, committed 16320K, reserved 1048576K
}
Event: 18.260 GC heap before
{Heap before GC invocations=38 (full 0):
 garbage-first heap   total reserved 2097152K, committed 199680K, used 120555K [0x0000000080000000, 0x0000000100000000)
  region size 1024K, 18 young (18432K), 11 survivors (11264K)
 Metaspace       used 113561K, committed 115968K, reserved 1179648K
  class space    used 15163K, committed 16320K, reserved 1048576K
}
Event: 18.266 GC heap after
{Heap after GC invocations=39 (full 0):
 garbage-first heap   total reserved 2097152K, committed 199680K, used 117433K [0x0000000080000000, 0x0000000100000000)
  region size 1024K, 3 young (3072K), 3 survivors (3072K)
 Metaspace       used 113561K, committed 115968K, reserved 1179648K
  class space    used 15163K, committed 16320K, reserved 1048576K
}
Event: 18.686 GC heap before
{Heap before GC invocations=40 (full 0):
 garbage-first heap   total reserved 2097152K, committed 199680K, used 178873K [0x0000000080000000, 0x0000000100000000)
  region size 1024K, 56 young (57344K), 3 survivors (3072K)
 Metaspace       used 113672K, committed 116096K, reserved 1179648K
  class space    used 15163K, committed 16320K, reserved 1048576K
}
Event: 18.694 GC heap after
{Heap after GC invocations=41 (full 0):
 garbage-first heap   total reserved 2097152K, committed 199680K, used 130565K [0x0000000080000000, 0x0000000100000000)
  region size 1024K, 7 young (7168K), 7 survivors (7168K)
 Metaspace       used 113672K, committed 116096K, reserved 1179648K
  class space    used 15163K, committed 16320K, reserved 1048576K
}
Event: 18.890 GC heap before
{Heap before GC invocations=41 (full 0):
 garbage-first heap   total reserved 2097152K, committed 199680K, used 174597K [0x0000000080000000, 0x0000000100000000)
  region size 1024K, 50 young (51200K), 7 survivors (7168K)
 Metaspace       used 113892K, committed 116288K, reserved 1179648K
  class space    used 15163K, committed 16320K, reserved 1048576K
}
Event: 18.898 GC heap after
{Heap after GC invocations=42 (full 0):
 garbage-first heap   total reserved 2097152K, committed 239616K, used 127593K [0x0000000080000000, 0x0000000100000000)
  region size 1024K, 5 young (5120K), 5 survivors (5120K)
 Metaspace       used 113892K, committed 116288K, reserved 1179648K
  class space    used 15163K, committed 16320K, reserved 1048576K
}
Event: 19.037 GC heap before
{Heap before GC invocations=42 (full 0):
 garbage-first heap   total reserved 2097152K, committed 239616K, used 134761K [0x0000000080000000, 0x0000000100000000)
  region size 1024K, 13 young (13312K), 5 survivors (5120K)
 Metaspace       used 114110K, committed 116544K, reserved 1179648K
  class space    used 15170K, committed 16320K, reserved 1048576K
}
Event: 19.041 GC heap after
{Heap after GC invocations=43 (full 0):
 garbage-first heap   total reserved 2097152K, committed 239616K, used 129161K [0x0000000080000000, 0x0000000100000000)
  region size 1024K, 6 young (6144K), 6 survivors (6144K)
 Metaspace       used 114110K, committed 116544K, reserved 1179648K
  class space    used 15170K, committed 16320K, reserved 1048576K
}
Event: 20.187 GC heap before
{Heap before GC invocations=44 (full 0):
 garbage-first heap   total reserved 2097152K, committed 239616K, used 203913K [0x0000000080000000, 0x0000000100000000)
  region size 1024K, 74 young (75776K), 6 survivors (6144K)
 Metaspace       used 119589K, committed 122048K, reserved 1179648K
  class space    used 15802K, committed 16960K, reserved 1048576K
}
Event: 20.196 GC heap after
{Heap after GC invocations=45 (full 0):
 garbage-first heap   total reserved 2097152K, committed 239616K, used 140288K [0x0000000080000000, 0x0000000100000000)
  region size 1024K, 10 young (10240K), 10 survivors (10240K)
 Metaspace       used 119589K, committed 122048K, reserved 1179648K
  class space    used 15802K, committed 16960K, reserved 1048576K
}
Event: 21.817 GC heap before
{Heap before GC invocations=45 (full 0):
 garbage-first heap   total reserved 2097152K, committed 239616K, used 209920K [0x0000000080000000, 0x0000000100000000)
  region size 1024K, 74 young (75776K), 10 survivors (10240K)
 Metaspace       used 126267K, committed 128832K, reserved 1179648K
  class space    used 16680K, committed 17920K, reserved 1048576K
}
Event: 21.829 GC heap after
{Heap after GC invocations=46 (full 0):
 garbage-first heap   total reserved 2097152K, committed 239616K, used 145412K [0x0000000080000000, 0x0000000100000000)
  region size 1024K, 7 young (7168K), 7 survivors (7168K)
 Metaspace       used 126267K, committed 128832K, reserved 1179648K
  class space    used 16680K, committed 17920K, reserved 1048576K
}
Event: 22.917 GC heap before
{Heap before GC invocations=46 (full 0):
 garbage-first heap   total reserved 2097152K, committed 239616K, used 208900K [0x0000000080000000, 0x0000000100000000)
  region size 1024K, 69 young (70656K), 7 survivors (7168K)
 Metaspace       used 131687K, committed 134272K, reserved 1179648K
  class space    used 17360K, committed 18560K, reserved 1048576K
}
Event: 22.924 GC heap after
{Heap after GC invocations=47 (full 0):
 garbage-first heap   total reserved 2097152K, committed 239616K, used 149304K [0x0000000080000000, 0x0000000100000000)
  region size 1024K, 4 young (4096K), 4 survivors (4096K)
 Metaspace       used 131687K, committed 134272K, reserved 1179648K
  class space    used 17360K, committed 18560K, reserved 1048576K
}
Event: 24.044 GC heap before
{Heap before GC invocations=48 (full 0):
 garbage-first heap   total reserved 2097152K, committed 256000K, used 215864K [0x0000000080000000, 0x0000000100000000)
  region size 1024K, 66 young (67584K), 4 survivors (4096K)
 Metaspace       used 135887K, committed 138560K, reserved 1179648K
  class space    used 18009K, committed 19328K, reserved 1048576K
}
Event: 24.049 GC heap after
{Heap after GC invocations=49 (full 0):
 garbage-first heap   total reserved 2097152K, committed 256000K, used 155230K [0x0000000080000000, 0x0000000100000000)
  region size 1024K, 7 young (7168K), 7 survivors (7168K)
 Metaspace       used 135887K, committed 138560K, reserved 1179648K
  class space    used 18009K, committed 19328K, reserved 1048576K
}
Event: 24.675 GC heap before
{Heap before GC invocations=49 (full 0):
 garbage-first heap   total reserved 2097152K, committed 256000K, used 229982K [0x0000000080000000, 0x0000000100000000)
  region size 1024K, 79 young (80896K), 7 survivors (7168K)
 Metaspace       used 136346K, committed 139008K, reserved 1179648K
  class space    used 18051K, committed 19328K, reserved 1048576K
}
Event: 24.686 GC heap after
{Heap after GC invocations=50 (full 0):
 garbage-first heap   total reserved 2097152K, committed 256000K, used 155886K [0x0000000080000000, 0x0000000100000000)
  region size 1024K, 10 young (10240K), 10 survivors (10240K)
 Metaspace       used 136346K, committed 139008K, reserved 1179648K
  class space    used 18051K, committed 19328K, reserved 1048576K
}

Dll operation events (15 events):
Event: 0.011 Loaded shared library C:\Program Files\Java\jdk-22\bin\java.dll
Event: 0.043 Loaded shared library C:\Program Files\Java\jdk-22\bin\jsvml.dll
Event: 0.088 Loaded shared library C:\Program Files\Java\jdk-22\bin\zip.dll
Event: 0.092 Loaded shared library C:\Program Files\Java\jdk-22\bin\instrument.dll
Event: 0.095 Loaded shared library C:\Program Files\Java\jdk-22\bin\net.dll
Event: 0.097 Loaded shared library C:\Program Files\Java\jdk-22\bin\nio.dll
Event: 0.100 Loaded shared library C:\Program Files\Java\jdk-22\bin\zip.dll
Event: 0.389 Loaded shared library C:\Program Files\Java\jdk-22\bin\jimage.dll
Event: 0.510 Loaded shared library C:\Program Files\Java\jdk-22\bin\verify.dll
Event: 0.595 Loaded shared library C:\Users\LENOVO\.gradle\native\1def1411415f61bf3af743bc5b6707747c0891f09f0c88961ee8f79bc544acac\windows-amd64\native-platform.dll
Event: 0.612 Loaded shared library C:\Users\LENOVO\.gradle\native\0.2.7\x86_64-windows-gnu\gradle-fileevents.dll
Event: 1.921 Loaded shared library C:\Program Files\Java\jdk-22\bin\management.dll
Event: 1.926 Loaded shared library C:\Program Files\Java\jdk-22\bin\management_ext.dll
Event: 2.106 Loaded shared library C:\Program Files\Java\jdk-22\bin\extnet.dll
Event: 2.362 Loaded shared library C:\Program Files\Java\jdk-22\bin\sunmscapi.dll

Deoptimization events (20 events):
Event: 23.980 Thread 0x000001fade1b6ba0 Uncommon trap: trap_request=0xffffffc6 fr.pc=0x000001fa90410a34 relative=0x0000000000000774
Event: 23.980 Thread 0x000001fade1b6ba0 Uncommon trap: reason=bimorphic_or_optimized_type_check action=maybe_recompile pc=0x000001fa90410a34 method=kotlin.text.StringsKt__AppendableKt.appendElement(Ljava/lang/Appendable;Ljava/lang/Object;Lkotlin/jvm/functions/Function1;)V @ 15 c2
Event: 23.980 Thread 0x000001fade1b6ba0 DEOPT PACKING pc=0x000001fa90410a34 sp=0x000000e466af8560
Event: 23.980 Thread 0x000001fade1b6ba0 DEOPT UNPACKING pc=0x000001fa8f8046a2 sp=0x000000e466af8530 mode 2
Event: 24.161 Thread 0x000001fade1b6ba0 Uncommon trap: trap_request=0xffffff45 fr.pc=0x000001fa904227cc relative=0x000000000000224c
Event: 24.161 Thread 0x000001fade1b6ba0 Uncommon trap: reason=unstable_if action=reinterpret pc=0x000001fa904227cc method=kotlin.collections.CollectionsKt___CollectionsKt.joinToString$default(Ljava/lang/Iterable;Ljava/lang/CharSequence;Ljava/lang/CharSequence;Ljava/lang/CharSequence;ILjava/lang
Event: 24.161 Thread 0x000001fade1b6ba0 DEOPT PACKING pc=0x000001fa904227cc sp=0x000000e466af9690
Event: 24.161 Thread 0x000001fade1b6ba0 DEOPT UNPACKING pc=0x000001fa8f8046a2 sp=0x000000e466af96a0 mode 2
Event: 24.161 Thread 0x000001fade1b6ba0 Uncommon trap: trap_request=0xffffff76 fr.pc=0x000001fa904172d0 relative=0x0000000000001ab0
Event: 24.161 Thread 0x000001fade1b6ba0 Uncommon trap: reason=predicate action=maybe_recompile pc=0x000001fa904172d0 method=kotlin.collections.CollectionsKt___CollectionsKt.joinTo(Ljava/lang/Iterable;Ljava/lang/Appendable;Ljava/lang/CharSequence;Ljava/lang/CharSequence;Ljava/lang/CharSequence;I
Event: 24.161 Thread 0x000001fade1b6ba0 DEOPT PACKING pc=0x000001fa904172d0 sp=0x000000e466af9530
Event: 24.161 Thread 0x000001fade1b6ba0 DEOPT UNPACKING pc=0x000001fa8f8046a2 sp=0x000000e466af9508 mode 2
Event: 24.620 Thread 0x000001fade1b6ba0 DEOPT PACKING pc=0x000001fa885f604a sp=0x000000e466af25c0
Event: 24.620 Thread 0x000001fade1b6ba0 DEOPT UNPACKING pc=0x000001fa8f804e42 sp=0x000000e466af1b18 mode 0
Event: 24.743 Thread 0x000001fade1b6ba0 Uncommon trap: trap_request=0xffffff6e fr.pc=0x000001fa90282afc relative=0x0000000000003bfc
Event: 24.743 Thread 0x000001fade1b6ba0 Uncommon trap: reason=loop_limit_check action=maybe_recompile pc=0x000001fa90282afc method=org.jetbrains.kotlin.resolve.QualifiedExpressionResolver.recordPackageViews(Ljava/util/List;Lorg/jetbrains/kotlin/descriptors/PackageViewDescriptor;Lorg/jetbrains/k
Event: 24.743 Thread 0x000001fade1b6ba0 DEOPT PACKING pc=0x000001fa90282afc sp=0x000000e466af3810
Event: 24.743 Thread 0x000001fade1b6ba0 DEOPT UNPACKING pc=0x000001fa8f8046a2 sp=0x000000e466af3738 mode 2
Event: 25.931 Thread 0x000001fade1b6ba0 DEOPT PACKING pc=0x000001fa883f0610 sp=0x000000e466af3790
Event: 25.931 Thread 0x000001fade1b6ba0 DEOPT UNPACKING pc=0x000001fa8f804e42 sp=0x000000e466af2c78 mode 0

Classes loaded (20 events):
Event: 22.915 Loading class jdk/jfr/FlightRecorderListener done
Event: 22.915 Loading class jdk/management/jfr/FlightRecorderMXBeanImpl$MXBeanListener done
Event: 22.915 Loading class javax/management/ListenerNotFoundException
Event: 22.915 Loading class javax/management/OperationsException
Event: 22.915 Loading class javax/management/JMException
Event: 22.915 Loading class javax/management/JMException done
Event: 22.915 Loading class javax/management/OperationsException done
Event: 22.915 Loading class javax/management/ListenerNotFoundException done
Event: 22.969 Loading class com/sun/jmx/mbeanserver/StandardMBeanSupport
Event: 22.970 Loading class com/sun/jmx/mbeanserver/StandardMBeanSupport done
Event: 22.970 Loading class com/sun/jmx/mbeanserver/StandardMBeanIntrospector
Event: 22.970 Loading class com/sun/jmx/mbeanserver/StandardMBeanIntrospector done
Event: 23.805 Loading class com/sun/beans/finder/MethodFinder
Event: 23.806 Loading class com/sun/beans/finder/AbstractFinder
Event: 23.806 Loading class com/sun/beans/finder/AbstractFinder done
Event: 23.806 Loading class com/sun/beans/finder/MethodFinder done
Event: 23.806 Loading class com/sun/beans/finder/MethodFinder$1
Event: 23.806 Loading class com/sun/beans/finder/MethodFinder$1 done
Event: 23.806 Loading class com/sun/beans/finder/FinderUtils
Event: 23.807 Loading class com/sun/beans/finder/FinderUtils done

Classes unloaded (0 events):
No events

Classes redefined (0 events):
No events

Internal exceptions (20 events):
Event: 23.686 Thread 0x000001fade1b6ba0 Exception <a 'java/lang/NoSuchMethodError'{0x000000008c4f2230}: 'java.lang.Object java.lang.invoke.DelegatingMethodHandle$Holder.reinvoke_L(java.lang.Object, java.lang.Object, java.lang.Object, java.lang.Object, java.lang.Object, java.lang.Object, java.lang.Object, java.lang.Object, java.lang.Object, java.lang.Object, java.lang.Object, java.lang.Object, java.lang.Object, java.lang.Object, java.lang.Object, java.lang.Object, java.lang.Object, java.lang.Object, java.lang.Object, java.lang.Object, java.lang.O
Event: 23.797 Thread 0x000001fade1b6ba0 Exception <a 'java/lang/ClassNotFoundException'{0x000000008bf69d18}: groovy/lang/Closure$1BeanInfo> (0x000000008bf69d18) 
thrown [s\open\src\hotspot\share\classfile\systemDictionary.cpp, line 313]
Event: 23.798 Thread 0x000001fade1b6ba0 Exception <a 'java/lang/ClassNotFoundException'{0x000000008bf7dbc0}: groovy/lang/ClosureBeanInfo> (0x000000008bf7dbc0) 
thrown [s\open\src\hotspot\share\classfile\systemDictionary.cpp, line 313]
Event: 23.799 Thread 0x000001fade1b6ba0 Exception <a 'java/lang/ClassNotFoundException'{0x000000008bf91510}: groovy/lang/ClosureCustomizer> (0x000000008bf91510) 
thrown [s\open\src\hotspot\share\classfile\systemDictionary.cpp, line 313]
Event: 23.805 Thread 0x000001fade1b6ba0 Exception <a 'java/lang/ClassNotFoundException'{0x000000008bfca0a0}: groovy/lang/Closure$1Customizer> (0x000000008bfca0a0) 
thrown [s\open\src\hotspot\share\classfile\systemDictionary.cpp, line 313]
Event: 23.816 Thread 0x000001fade1b6ba0 Exception <a 'java/lang/ClassNotFoundException'{0x000000008be3b990}: org/jetbrains/kotlin/gradle/targets/js/npm/DefaultNpmDependencyExtensionBeanInfo> (0x000000008be3b990) 
thrown [s\open\src\hotspot\share\classfile\systemDictionary.cpp, line 313]
Event: 23.817 Thread 0x000001fade1b6ba0 Exception <a 'java/lang/ClassNotFoundException'{0x000000008be48ac0}: org/jetbrains/kotlin/gradle/targets/js/npm/DefaultNpmDependencyExtensionCustomizer> (0x000000008be48ac0) 
thrown [s\open\src\hotspot\share\classfile\systemDictionary.cpp, line 313]
Event: 23.847 Thread 0x000001fade1b6ba0 Exception <a 'java/lang/ClassNotFoundException'{0x000000008bee1b68}: org/jetbrains/kotlin/gradle/targets/js/npm/NpmDependencyExtensionKt$defaultNpmDependencyDelegate$1BeanInfo> (0x000000008bee1b68) 
thrown [s\open\src\hotspot\share\classfile\systemDictionary.cpp, line 313]
Event: 23.848 Thread 0x000001fade1b6ba0 Exception <a 'java/lang/ClassNotFoundException'{0x000000008bef0258}: org/jetbrains/kotlin/gradle/targets/js/npm/NpmDependencyExtensionDelegateBeanInfo> (0x000000008bef0258) 
thrown [s\open\src\hotspot\share\classfile\systemDictionary.cpp, line 313]
Event: 23.848 Thread 0x000001fade1b6ba0 Exception <a 'java/lang/ClassNotFoundException'{0x000000008befebf8}: org/jetbrains/kotlin/gradle/targets/js/npm/NpmDependencyExtensionDelegateCustomizer> (0x000000008befebf8) 
thrown [s\open\src\hotspot\share\classfile\systemDictionary.cpp, line 313]
Event: 23.851 Thread 0x000001fade1b6ba0 Exception <a 'java/lang/ClassNotFoundException'{0x000000008bd2e238}: org/jetbrains/kotlin/gradle/targets/js/npm/NpmDependencyExtensionKt$defaultNpmDependencyDelegate$1Customizer> (0x000000008bd2e238) 
thrown [s\open\src\hotspot\share\classfile\systemDictionary.cpp, line 313]
Event: 23.859 Thread 0x000001fade1b6ba0 Exception <a 'java/lang/ClassNotFoundException'{0x000000008bd72528}: org/jetbrains/kotlin/gradle/targets/js/npm/DefaultDevNpmDependencyExtensionBeanInfo> (0x000000008bd72528) 
thrown [s\open\src\hotspot\share\classfile\systemDictionary.cpp, line 313]
Event: 23.860 Thread 0x000001fade1b6ba0 Exception <a 'java/lang/ClassNotFoundException'{0x000000008bd7f6a0}: org/jetbrains/kotlin/gradle/targets/js/npm/DefaultDevNpmDependencyExtensionCustomizer> (0x000000008bd7f6a0) 
thrown [s\open\src\hotspot\share\classfile\systemDictionary.cpp, line 313]
Event: 23.869 Thread 0x000001fade1b6ba0 Exception <a 'java/lang/ClassNotFoundException'{0x000000008bdcc3b0}: org/jetbrains/kotlin/gradle/targets/js/npm/DefaultPeerNpmDependencyExtensionBeanInfo> (0x000000008bdcc3b0) 
thrown [s\open\src\hotspot\share\classfile\systemDictionary.cpp, line 313]
Event: 23.870 Thread 0x000001fade1b6ba0 Exception <a 'java/lang/ClassNotFoundException'{0x000000008bdd9570}: org/jetbrains/kotlin/gradle/targets/js/npm/DefaultPeerNpmDependencyExtensionCustomizer> (0x000000008bdd9570) 
thrown [s\open\src\hotspot\share\classfile\systemDictionary.cpp, line 313]
Event: 23.876 Thread 0x000001fade1b6ba0 Exception <a 'java/lang/ClassNotFoundException'{0x000000008bc34c18}: org/jetbrains/kotlin/gradle/targets/js/npm/DefaultPeerNpmDependencyExtension$delegate$1BeanInfo> (0x000000008bc34c18) 
thrown [s\open\src\hotspot\share\classfile\systemDictionary.cpp, line 313]
Event: 23.877 Thread 0x000001fade1b6ba0 Exception <a 'java/lang/ClassNotFoundException'{0x000000008bc423a8}: org/jetbrains/kotlin/gradle/targets/js/npm/DefaultPeerNpmDependencyExtension$delegate$1Customizer> (0x000000008bc423a8) 
thrown [s\open\src\hotspot\share\classfile\systemDictionary.cpp, line 313]
Event: 23.891 Thread 0x000001fade1b6ba0 Exception <a 'java/lang/NoSuchMethodError'{0x000000008bceb3d0}: static Lorg/jetbrains/kotlin/gradle/plugin/internal/DefaultIdeaSyncDetector$createIdeaPropertiesEvaluator$1;.<clinit>()V> (0x000000008bceb3d0) 
thrown [s\open\src\hotspot\share\prims\jni.cpp, line 1111]
Event: 24.427 Thread 0x000001fade1b6ba0 Exception <a 'sun/nio/fs/WindowsException'{0x000000008d454678}> (0x000000008d454678) 
thrown [s\open\src\hotspot\share\prims\jni.cpp, line 520]
Event: 24.427 Thread 0x000001fade1b6ba0 Exception <a 'sun/nio/fs/WindowsException'{0x000000008d456178}> (0x000000008d456178) 
thrown [s\open\src\hotspot\share\prims\jni.cpp, line 520]

ZGC Phase Switch (0 events):
No events

VM Operations (20 events):
Event: 22.652 Executing VM operation: HandshakeAllThreads (Deoptimize) done
Event: 22.851 Executing VM operation: HandshakeAllThreads (Deoptimize)
Event: 22.851 Executing VM operation: HandshakeAllThreads (Deoptimize) done
Event: 22.917 Executing VM operation: G1CollectForAllocation (G1 Evacuation Pause)
Event: 22.924 Executing VM operation: G1CollectForAllocation (G1 Evacuation Pause) done
Event: 23.011 Executing VM operation: G1PauseRemark
Event: 23.027 Executing VM operation: G1PauseRemark done
Event: 23.069 Executing VM operation: G1PauseCleanup
Event: 23.069 Executing VM operation: G1PauseCleanup done
Event: 23.224 Executing VM operation: HandshakeAllThreads (Deoptimize)
Event: 23.224 Executing VM operation: HandshakeAllThreads (Deoptimize) done
Event: 24.044 Executing VM operation: G1CollectForAllocation (G1 Evacuation Pause)
Event: 24.049 Executing VM operation: G1CollectForAllocation (G1 Evacuation Pause) done
Event: 24.381 Executing VM operation: ICBufferFull
Event: 24.382 Executing VM operation: ICBufferFull done
Event: 24.641 Executing VM operation: ICBufferFull
Event: 24.642 Executing VM operation: ICBufferFull done
Event: 24.675 Executing VM operation: G1CollectForAllocation (G1 Evacuation Pause)
Event: 24.686 Executing VM operation: G1CollectForAllocation (G1 Evacuation Pause) done
Event: 25.694 Executing VM operation: Cleanup

Events (20 events):
Event: 23.025 Thread 0x000001fafe147fa0 flushing nmethod 0x000001fa88d86210
Event: 23.025 Thread 0x000001fafe147fa0 flushing nmethod 0x000001fa89034e10
Event: 23.025 Thread 0x000001fafe147fa0 flushing nmethod 0x000001fa89120510
Event: 23.025 Thread 0x000001fafe147fa0 flushing nmethod 0x000001fa89883310
Event: 23.025 Thread 0x000001fafe147fa0 flushing nmethod 0x000001fa88413d10
Event: 23.025 Thread 0x000001fafe147fa0 flushing nmethod 0x000001fa8875c590
Event: 23.025 Thread 0x000001fafe147fa0 flushing nmethod 0x000001fa88954a90
Event: 23.025 Thread 0x000001fafe147fa0 flushing nmethod 0x000001fa88a58290
Event: 23.025 Thread 0x000001fafe147fa0 flushing nmethod 0x000001fa88d41210
Event: 23.025 Thread 0x000001fafe147fa0 flushing nmethod 0x000001fa88d41810
Event: 23.025 Thread 0x000001fafe147fa0 flushing nmethod 0x000001fa88d42410
Event: 23.025 Thread 0x000001fafe147fa0 flushing nmethod 0x000001fa88d46410
Event: 23.025 Thread 0x000001fafe147fa0 flushing nmethod 0x000001fa8930ca10
Event: 23.046 Thread 0x000001faf0ed1090 Thread added: 0x000001faf0ed1090
Event: 23.098 Thread 0x000001faf0b63010 Thread exited: 0x000001faf0b63010
Event: 23.098 Thread 0x000001faf0b7a830 Thread exited: 0x000001faf0b7a830
Event: 23.239 Thread 0x000001faf0b7a830 Thread added: 0x000001faf0b7a830
Event: 23.483 Thread 0x000001faf0b7a830 Thread exited: 0x000001faf0b7a830
Event: 23.627 Thread 0x000001faf0b7a830 Thread added: 0x000001faf0b7a830
Event: 23.719 Thread 0x000001faf0b63010 Thread added: 0x000001faf0b63010


Dynamic libraries:
0x00007ff70a1e0000 - 0x00007ff70a1f0000 	C:\Program Files\Java\jdk-22\bin\java.exe
0x00007fff66de0000 - 0x00007fff67047000 	C:\WINDOWS\SYSTEM32\ntdll.dll
0x00007fff66370000 - 0x00007fff66439000 	C:\WINDOWS\System32\KERNEL32.DLL
0x00007fff64200000 - 0x00007fff645ef000 	C:\WINDOWS\System32\KERNELBASE.dll
0x00007fff64a30000 - 0x00007fff64b7b000 	C:\WINDOWS\System32\ucrtbase.dll
0x00007ffef3390000 - 0x00007ffef33ab000 	C:\Program Files\Java\jdk-22\bin\VCRUNTIME140.dll
0x00007ffefa740000 - 0x00007ffefa757000 	C:\Program Files\Java\jdk-22\bin\jli.dll
0x00007fff650b0000 - 0x00007fff65164000 	C:\WINDOWS\System32\ADVAPI32.dll
0x00007fff65620000 - 0x00007fff656c9000 	C:\WINDOWS\System32\msvcrt.dll
0x00007fff65810000 - 0x00007fff658b6000 	C:\WINDOWS\System32\sechost.dll
0x00007fff64f90000 - 0x00007fff650a8000 	C:\WINDOWS\System32\RPCRT4.dll
0x00007fff65450000 - 0x00007fff65615000 	C:\WINDOWS\System32\USER32.dll
0x00007fff63130000 - 0x00007fff633c3000 	C:\WINDOWS\WinSxS\amd64_microsoft.windows.common-controls_6595b64144ccf1df_6.0.26100.7309_none_3e05feeae336a044\COMCTL32.dll
0x00007fff640a0000 - 0x00007fff640c7000 	C:\WINDOWS\System32\win32u.dll
0x00007fff658c0000 - 0x00007fff658eb000 	C:\WINDOWS\System32\GDI32.dll
0x00007fff640d0000 - 0x00007fff641fc000 	C:\WINDOWS\System32\gdi32full.dll
0x00007fff648f0000 - 0x00007fff64993000 	C:\WINDOWS\System32\msvcp_win.dll
0x00007fff5b300000 - 0x00007fff5b30b000 	C:\WINDOWS\SYSTEM32\VERSION.dll
0x00007fff65bc0000 - 0x00007fff65bf1000 	C:\WINDOWS\System32\IMM32.DLL
0x00007fff15ca0000 - 0x00007fff15cac000 	C:\Program Files\Java\jdk-22\bin\vcruntime140_1.dll
0x00007ffed8e20000 - 0x00007ffed8eae000 	C:\Program Files\Java\jdk-22\bin\msvcp140.dll
0x00007ffe9ad20000 - 0x00007ffe9ba67000 	C:\Program Files\Java\jdk-22\bin\server\jvm.dll
0x00007fff65ca0000 - 0x00007fff65d14000 	C:\WINDOWS\System32\WS2_32.dll
0x00007fff63db0000 - 0x00007fff63e0e000 	C:\WINDOWS\SYSTEM32\POWRPROF.dll
0x00007fff5ac90000 - 0x00007fff5acc5000 	C:\WINDOWS\SYSTEM32\WINMM.dll
0x00007fff63d90000 - 0x00007fff63da4000 	C:\WINDOWS\SYSTEM32\UMPDC.dll
0x00007fff623b0000 - 0x00007fff623cb000 	C:\WINDOWS\SYSTEM32\kernel.appcore.dll
0x00007ffefdae0000 - 0x00007ffefdaea000 	C:\Program Files\Java\jdk-22\bin\jimage.dll
0x00007fff63800000 - 0x00007fff63a42000 	C:\WINDOWS\SYSTEM32\DBGHELP.DLL
0x00007fff64b80000 - 0x00007fff64f05000 	C:\WINDOWS\System32\combase.dll
0x00007fff658f0000 - 0x00007fff659c6000 	C:\WINDOWS\System32\OLEAUT32.dll
0x00007fff635d0000 - 0x00007fff6360c000 	C:\WINDOWS\SYSTEM32\dbgcore.DLL
0x00007fff64780000 - 0x00007fff64825000 	C:\WINDOWS\System32\bcryptPrimitives.dll
0x00007ffeedb20000 - 0x00007ffeedb2f000 	C:\Program Files\Java\jdk-22\bin\instrument.dll
0x00007ffef3340000 - 0x00007ffef335e000 	C:\Program Files\Java\jdk-22\bin\java.dll
0x00007fff66440000 - 0x00007fff66b93000 	C:\WINDOWS\System32\SHELL32.dll
0x00007fff63f30000 - 0x00007fff6409a000 	C:\WINDOWS\System32\wintypes.dll
0x00007fff66ba0000 - 0x00007fff66d37000 	C:\WINDOWS\System32\ole32.dll
0x00007fff61070000 - 0x00007fff618ce000 	C:\WINDOWS\SYSTEM32\windows.storage.dll
0x00007fff65d60000 - 0x00007fff65e55000 	C:\WINDOWS\System32\SHCORE.dll
0x00007fff66300000 - 0x00007fff66366000 	C:\WINDOWS\System32\shlwapi.dll
0x00007fff63e50000 - 0x00007fff63e79000 	C:\WINDOWS\SYSTEM32\profapi.dll
0x00007ffebd220000 - 0x00007ffebd2f7000 	C:\Program Files\Java\jdk-22\bin\jsvml.dll
0x00007ffee1c40000 - 0x00007ffee1c57000 	C:\Program Files\Java\jdk-22\bin\zip.dll
0x00007ffefcfd0000 - 0x00007ffefcfe0000 	C:\Program Files\Java\jdk-22\bin\net.dll
0x00007fff628e0000 - 0x00007fff6294b000 	C:\WINDOWS\system32\mswsock.dll
0x00007ffeed8d0000 - 0x00007ffeed8e6000 	C:\Program Files\Java\jdk-22\bin\nio.dll
0x00007ffef3e50000 - 0x00007ffef3e60000 	C:\Program Files\Java\jdk-22\bin\verify.dll
0x00007fff57e40000 - 0x00007fff57e67000 	C:\Users\LENOVO\.gradle\native\1def1411415f61bf3af743bc5b6707747c0891f09f0c88961ee8f79bc544acac\windows-amd64\native-platform.dll
0x00007ffebe1e0000 - 0x00007ffebe258000 	C:\Users\LENOVO\.gradle\native\0.2.7\x86_64-windows-gnu\gradle-fileevents.dll
0x00007ffef3c80000 - 0x00007ffef3c8a000 	C:\Program Files\Java\jdk-22\bin\management.dll
0x00007ffef3850000 - 0x00007ffef385b000 	C:\Program Files\Java\jdk-22\bin\management_ext.dll
0x00007fff65d20000 - 0x00007fff65d28000 	C:\WINDOWS\System32\PSAPI.DLL
0x00007fff61e60000 - 0x00007fff61e94000 	C:\WINDOWS\SYSTEM32\IPHLPAPI.DLL
0x00007fff65c90000 - 0x00007fff65c9a000 	C:\WINDOWS\System32\NSI.dll
0x00007ffef0070000 - 0x00007ffef0079000 	C:\Program Files\Java\jdk-22\bin\extnet.dll
0x00007fff63a50000 - 0x00007fff63a6b000 	C:\WINDOWS\SYSTEM32\CRYPTSP.dll
0x00007fff62a00000 - 0x00007fff62a3a000 	C:\WINDOWS\system32\rsaenh.dll
0x00007fff62990000 - 0x00007fff629bb000 	C:\WINDOWS\SYSTEM32\USERENV.dll
0x00007fff63e20000 - 0x00007fff63e4a000 	C:\WINDOWS\SYSTEM32\bcrypt.dll
0x00007fff62c10000 - 0x00007fff62c1c000 	C:\WINDOWS\SYSTEM32\CRYPTBASE.dll
0x00007ffeeda60000 - 0x00007ffeeda6e000 	C:\Program Files\Java\jdk-22\bin\sunmscapi.dll
0x00007fff64600000 - 0x00007fff64777000 	C:\WINDOWS\System32\CRYPT32.dll
0x00007fff62f30000 - 0x00007fff62f60000 	C:\WINDOWS\SYSTEM32\ncrypt.dll
0x00007fff62ee0000 - 0x00007fff62f1f000 	C:\WINDOWS\SYSTEM32\NTASN1.dll
0x00007fff56c80000 - 0x00007fff56c88000 	C:\WINDOWS\system32\wshunix.dll

dbghelp: loaded successfully - version: 4.0.5 - missing functions: none
symbol engine: initialized successfully - sym options: 0x614 - pdb path: .;C:\Program Files\Java\jdk-22\bin;C:\WINDOWS\SYSTEM32;C:\WINDOWS\WinSxS\amd64_microsoft.windows.common-controls_6595b64144ccf1df_6.0.26100.7309_none_3e05feeae336a044;C:\Program Files\Java\jdk-22\bin\server;C:\Users\LENOVO\.gradle\native\1def1411415f61bf3af743bc5b6707747c0891f09f0c88961ee8f79bc544acac\windows-amd64;C:\Users\LENOVO\.gradle\native\0.2.7\x86_64-windows-gnu

VM Arguments:
jvm_args: --add-opens=java.base/java.lang=ALL-UNNAMED --add-opens=java.base/java.lang.invoke=ALL-UNNAMED --add-opens=java.base/java.util=ALL-UNNAMED --add-opens=java.prefs/java.util.prefs=ALL-UNNAMED --add-exports=jdk.compiler/com.sun.tools.javac.api=ALL-UNNAMED --add-exports=jdk.compiler/com.sun.tools.javac.util=ALL-UNNAMED --add-opens=java.base/java.util=ALL-UNNAMED --add-opens=java.prefs/java.util.prefs=ALL-UNNAMED --add-opens=java.base/java.nio.charset=ALL-UNNAMED --add-opens=java.base/java.net=ALL-UNNAMED --add-opens=java.base/java.util.concurrent.atomic=ALL-UNNAMED --add-opens=java.xml/javax.xml.namespace=ALL-UNNAMED -Xmx2048m -Dfile.encoding=UTF-8 -Duser.country=US -Duser.language=en -Duser.variant -javaagent:C:\Users\LENOVO\.gradle\wrapper\dists\gradle-8.13-bin\5xuhj0ry160q40clulazy9h7d\gradle-8.13\lib\agents\gradle-instrumentation-agent-8.13.jar 
java_command: org.gradle.launcher.daemon.bootstrap.GradleDaemon 8.13
java_class_path (initial): C:\Users\LENOVO\.gradle\wrapper\dists\gradle-8.13-bin\5xuhj0ry160q40clulazy9h7d\gradle-8.13\lib\gradle-daemon-main-8.13.jar
Launcher Type: SUN_STANDARD

[Global flags]
     intx CICompilerCount                          = 4                                         {product} {ergonomic}
     uint ConcGCThreads                            = 3                                         {product} {ergonomic}
     uint G1ConcRefinementThreads                  = 10                                        {product} {ergonomic}
   size_t G1HeapRegionSize                         = 1048576                                   {product} {ergonomic}
   size_t InitialHeapSize                          = 98566144                                  {product} {ergonomic}
   size_t MarkStackSize                            = 4194304                                   {product} {ergonomic}
   size_t MaxHeapSize                              = 2147483648                                {product} {command line}
   size_t MaxNewSize                               = 1287651328                                {product} {ergonomic}
   size_t MinHeapDeltaBytes                        = 1048576                                   {product} {ergonomic}
   size_t MinHeapSize                              = 8388608                                   {product} {ergonomic}
    uintx NonNMethodCodeHeapSize                   = 5839372                                {pd product} {ergonomic}
    uintx NonProfiledCodeHeapSize                  = 122909434                              {pd product} {ergonomic}
    uintx ProfiledCodeHeapSize                     = 122909434                              {pd product} {ergonomic}
    uintx ReservedCodeCacheSize                    = 251658240                              {pd product} {ergonomic}
     bool SegmentedCodeCache                       = true                                      {product} {ergonomic}
   size_t SoftMaxHeapSize                          = 2147483648                             {manageable} {ergonomic}
     bool UseCompressedOops                        = true                           {product lp64_product} {ergonomic}
     bool UseG1GC                                  = true                                      {product} {ergonomic}
     bool UseLargePagesIndividualAllocation        = false                                  {pd product} {ergonomic}

Logging:
Log output configuration:
 #0: stdout all=warning uptime,level,tags foldmultilines=false
 #1: stderr all=off uptime,level,tags foldmultilines=false

Environment Variables:
JAVA_HOME=C:\Program Files\Java\jdk-22
PATH=C:\Program Files (x86)\VMware\VMware Workstation\bin\;C:\Program Files\Common Files\Oracle\Java\javapath;C:\WINDOWS\system32;C:\WINDOWS;C:\WINDOWS\System32\Wbem;C:\WINDOWS\System32\WindowsPowerShell\v1.0\;C:\WINDOWS\System32\OpenSSH\;C:\Program Files\dotnet\;C:\Program Files (x86)\Windows Kits\10\Windows Performance Toolkit\;C:\Program Files (x86)\HP\Common\HPDestPlgIn\;C:\Program Files (x86)\Microsoft SQL Server\160\Tools\Binn\;C:\Program Files\Microsoft SQL Server\160\Tools\Binn\;C:\Program Files\Microsoft SQL Server\Client SDK\ODBC\170\Tools\Binn\;C:\Program Files\Microsoft SQL Server\160\DTS\Binn\;C:\Program Files (x86)\Microsoft SQL Server\160\DTS\Binn\;C:\Program Files\Microsoft SQL Server\150\Tools\Binn\;C:\Git\Git_App\cmd;C:\ProgramData\chocolatey\bin;C:\Users\LENOVO\AppData\Local\nvm;C:\nvm4w\nodejs;%JAVA_HOME%\bin;C:\Program Files\Arduino PLC IDE Tools\;C:\Program Files\Git\cmd;C:\Users\LENOVO\AppData\Local\Programs\Python\Python314\Scripts\;C:\Users\LENOVO\AppData\Local\Programs\Python\Python314\;C:\Program Files\Git\bin;C:\Program Files\Git\cmd;C:\Visual Studio Code\Microsoft VS Code\bin;C:\Program Files\Java\jdk-22\bin;C:\JMeter\apache-jmeter-5.6.3\apache-jmeter-5.6.3\bin;C:\Users\LENOVO\AppData\Local\Python\bin;C:\development\flutter\bin;
USERNAME=LENOVO
OS=Windows_NT
PROCESSOR_IDENTIFIER=AMD64 Family 25 Model 80 Stepping 0, AuthenticAMD
TMP=C:\Users\LENOVO\AppData\Local\Temp
TEMP=C:\Users\LENOVO\AppData\Local\Temp




Periodic native trim disabled

---------------  S Y S T E M  ---------------

OS:
 Windows 11 , 64 bit Build 26100 (10.0.26100.7309)
OS uptime: 4 days 12:34 hours
Hyper-V role detected

CPU: total 12 (initial active 12) (12 cores per cpu, 2 threads per core) family 25 model 80 stepping 0 microcode 0xa50000c, cx8, cmov, fxsr, ht, mmx, 3dnowpref, sse, sse2, sse3, ssse3, sse4a, sse4.1, sse4.2, popcnt, lzcnt, tsc, tscinvbit, avx, avx2, aes, erms, clmul, bmi1, bmi2, adx, sha, fma, vzeroupper, clflush, clflushopt, hv, rdtscp, rdpid, fsrm, f16c, cet_ss
Processor Information for processor 0
  Max Mhz: 2301, Current Mhz: 2301, Mhz Limit: 2301
Processor Information for processor 1
  Max Mhz: 2301, Current Mhz: 2301, Mhz Limit: 2301
Processor Information for processor 2
  Max Mhz: 2301, Current Mhz: 2301, Mhz Limit: 2301
Processor Information for processor 3
  Max Mhz: 2301, Current Mhz: 2301, Mhz Limit: 2301
Processor Information for processor 4
  Max Mhz: 2301, Current Mhz: 2301, Mhz Limit: 2301
Processor Information for processor 5
  Max Mhz: 2301, Current Mhz: 2301, Mhz Limit: 2301
Processor Information for processor 6
  Max Mhz: 2301, Current Mhz: 2301, Mhz Limit: 2301
Processor Information for processor 7
  Max Mhz: 2301, Current Mhz: 1990, Mhz Limit: 2301
Processor Information for processor 8
  Max Mhz: 2301, Current Mhz: 2301, Mhz Limit: 2301
Processor Information for processor 9
  Max Mhz: 2301, Current Mhz: 1990, Mhz Limit: 2301
Processor Information for processor 10
  Max Mhz: 2301, Current Mhz: 2301, Mhz Limit: 2301
Processor Information for processor 11
  Max Mhz: 2301, Current Mhz: 2301, Mhz Limit: 2301

Memory: 4k page, system-wide physical 5996M (723M free)
TotalPageFile size 24428M (AvailPageFile size 14M)
current process WorkingSet (physical memory assigned to process): 507M, peak: 515M
current process commit charge ("private bytes"): 656M, peak: 663M

vm_info: Java HotSpot(TM) 64-Bit Server VM (22.0.1+8-16) for windows-amd64 JRE (22.0.1+8-16), built on 2024-03-12T10:33:16Z by "mach5one" with MS VC++ 17.6 (VS2022)

END.
