#
# There is insufficient memory for the Java Runtime Environment to continue.
# Native memory allocation (malloc) failed to allocate 1394736 bytes. Error detail: Chunk::new
# Possible reasons:
#   The system is out of physical RAM or swap space
#   This process is running with CompressedOops enabled, and the Java Heap may be blocking the growth of the native heap
# Possible solutions:
#   Reduce memory load on the system
#   Increase physical memory or swap space
#   Check if swap backing store is full
#   Decrease Java heap size (-Xmx/-Xms)
#   Decrease number of Java threads
#   Decrease Java thread stack sizes (-Xss)
#   Set larger code cache with -XX:ReservedCodeCacheSize=
#   JVM is running with Unscaled Compressed Oops mode in which the Java heap is
#     placed in the first 4GB address space. The Java Heap base address is the
#     maximum limit for the native heap growth. Please use -XX:HeapBaseMinAddress
#     to set the Java Heap base and to place the Java Heap above 4GB virtual address.
# This output file may be truncated or incomplete.
#
#  Out of Memory Error (arena.cpp:150), pid=33456, tid=25400
#
# JRE version: Java(TM) SE Runtime Environment (22.0.1+8) (build 22.0.1+8-16)
# Java VM: Java HotSpot(TM) 64-Bit Server VM (22.0.1+8-16, mixed mode, sharing, tiered, compressed oops, compressed class ptrs, g1 gc, windows-amd64)
# No core dump will be written. Minidumps are not enabled by default on client versions of Windows
#

---------------  S U M M A R Y ------------

Command Line: --add-opens=java.base/java.lang=ALL-UNNAMED --add-opens=java.base/java.lang.invoke=ALL-UNNAMED --add-opens=java.base/java.util=ALL-UNNAMED --add-opens=java.prefs/java.util.prefs=ALL-UNNAMED --add-exports=jdk.compiler/com.sun.tools.javac.api=ALL-UNNAMED --add-exports=jdk.compiler/com.sun.tools.javac.util=ALL-UNNAMED --add-opens=java.base/java.util=ALL-UNNAMED --add-opens=java.prefs/java.util.prefs=ALL-UNNAMED --add-opens=java.base/java.nio.charset=ALL-UNNAMED --add-opens=java.base/java.net=ALL-UNNAMED --add-opens=java.base/java.util.concurrent.atomic=ALL-UNNAMED --add-opens=java.xml/javax.xml.namespace=ALL-UNNAMED -XX:MaxMetaspaceSize=512m -XX:+HeapDumpOnOutOfMemoryError -Xmx2048m -Dfile.encoding=UTF-8 -Duser.country=US -Duser.language=en -Duser.variant -javaagent:C:\Users\LENOVO\.gradle\wrapper\dists\gradle-8.13-bin\5xuhj0ry160q40clulazy9h7d\gradle-8.13\lib\agents\gradle-instrumentation-agent-8.13.jar org.gradle.launcher.daemon.bootstrap.GradleDaemon 8.13

Host: AMD Ryzen 5 5600U with Radeon Graphics         , 12 cores, 5G,  Windows 11 , 64 bit Build 26100 (10.0.26100.7309)
Time: Tue Dec 30 21:01:55 2025 SE Asia Standard Time elapsed time: 21.889849 seconds (0d 0h 0m 21s)

---------------  T H R E A D  ---------------

Current thread (0x000001af31ddf200):  JavaThread "C2 CompilerThread0" daemon [_thread_in_native, id=25400, stack(0x0000005210e00000,0x0000005210f00000) (1024K)]


Current CompileTask:
C2:21890 14694   !   4       com.google.common.reflect.TypeVisitor::visit (225 bytes)

Stack: [0x0000005210e00000,0x0000005210f00000]
Native frames: (J=compiled Java code, j=interpreted, Vv=VM code, C=native code)
V  [jvm.dll+0x6e2279]  (no source info available)
V  [jvm.dll+0x874e33]  (no source info available)
V  [jvm.dll+0x87725e]  (no source info available)
V  [jvm.dll+0x877933]  (no source info available)
V  [jvm.dll+0x27fd76]  (no source info available)
V  [jvm.dll+0xc3d0f]  (no source info available)
V  [jvm.dll+0xc3f6b]  (no source info available)
V  [jvm.dll+0x3bb0d2]  (no source info available)
V  [jvm.dll+0x387b6b]  (no source info available)
V  [jvm.dll+0x386fda]  (no source info available)
V  [jvm.dll+0x247918]  (no source info available)
V  [jvm.dll+0x246fbf]  (no source info available)
V  [jvm.dll+0x1c4e90]  (no source info available)
V  [jvm.dll+0x2569fe]  (no source info available)
V  [jvm.dll+0x254cba]  (no source info available)
V  [jvm.dll+0x3f5336]  (no source info available)
V  [jvm.dll+0x81d44b]  (no source info available)
V  [jvm.dll+0x6e0915]  (no source info available)
C  [ucrtbase.dll+0x37b0]  (no source info available)
C  [KERNEL32.DLL+0x2e8d7]  (no source info available)
C  [ntdll.dll+0x8c53c]  (no source info available)


---------------  P R O C E S S  ---------------

Threads class SMR info:
_java_thread_list=0x000001af53e12430, length=67, elements={
0x000001af1359a8e0, 0x000001af31dc94b0, 0x000001af31dc9b20, 0x000001af31dca6d0,
0x000001af31dcb4f0, 0x000001af31dd0230, 0x000001af31dd28b0, 0x000001af31ddf200,
0x000001af31de1660, 0x000001af32788c40, 0x000001af32787890, 0x000001af327892d0,
0x000001af32789960, 0x000001af3278a680, 0x000001af32787f20, 0x000001af327885b0,
0x000001af5382f100, 0x000001af538311d0, 0x000001af53831860, 0x000001af538304b0,
0x000001af5382fe20, 0x000001af53830b40, 0x000001af5382ea70, 0x000001af53831ef0,
0x000001af53835a00, 0x000001af53834ce0, 0x000001af53835370, 0x000001af53833fc0,
0x000001af603f2f30, 0x000001af603f5000, 0x000001af603f7760, 0x000001af603f8b10,
0x000001af57216f30, 0x000001af572175c0, 0x000001af57217c50, 0x000001af57218970,
0x000001af572182e0, 0x000001af603f6a40, 0x000001af603f8480, 0x000001af603f91a0,
0x000001af603f9830, 0x000001af603f9ec0, 0x000001af603fa550, 0x000001af603f7df0,
0x000001af56e55680, 0x000001af658fcc70, 0x000001af658fbf50, 0x000001af658f9e80,
0x000001af658fa510, 0x000001af658fb8c0, 0x000001af658fd300, 0x000001af658fb230,
0x000001af658fd990, 0x000001af658fe020, 0x000001af658fe6b0, 0x000001af658fed40,
0x000001af658ff3d0, 0x000001af658ffa60, 0x000001af658fc5e0, 0x000001af659000f0,
0x000001af659014a0, 0x000001af65900780, 0x000001af65900e10, 0x000001af5499b420,
0x000001af5499a070, 0x000001af576de8c0, 0x000001af5fd6f910
}

Java Threads: ( => current thread )
  0x000001af1359a8e0 JavaThread "main"                              [_thread_blocked, id=20160, stack(0x0000005210000000,0x0000005210100000) (1024K)]
  0x000001af31dc94b0 JavaThread "Reference Handler"          daemon [_thread_blocked, id=24212, stack(0x0000005210800000,0x0000005210900000) (1024K)]
  0x000001af31dc9b20 JavaThread "Finalizer"                  daemon [_thread_blocked, id=3168, stack(0x0000005210900000,0x0000005210a00000) (1024K)]
  0x000001af31dca6d0 JavaThread "Signal Dispatcher"          daemon [_thread_blocked, id=25152, stack(0x0000005210a00000,0x0000005210b00000) (1024K)]
  0x000001af31dcb4f0 JavaThread "Attach Listener"            daemon [_thread_blocked, id=30784, stack(0x0000005210b00000,0x0000005210c00000) (1024K)]
  0x000001af31dd0230 JavaThread "Service Thread"             daemon [_thread_blocked, id=22188, stack(0x0000005210c00000,0x0000005210d00000) (1024K)]
  0x000001af31dd28b0 JavaThread "Monitor Deflation Thread"   daemon [_thread_blocked, id=28728, stack(0x0000005210d00000,0x0000005210e00000) (1024K)]
=>0x000001af31ddf200 JavaThread "C2 CompilerThread0"         daemon [_thread_in_native, id=25400, stack(0x0000005210e00000,0x0000005210f00000) (1024K)]
  0x000001af31de1660 JavaThread "C1 CompilerThread0"         daemon [_thread_blocked, id=24008, stack(0x0000005210f00000,0x0000005211000000) (1024K)]
  0x000001af32788c40 JavaThread "Common-Cleaner"             daemon [_thread_blocked, id=33540, stack(0x0000005211000000,0x0000005211100000) (1024K)]
  0x000001af32787890 JavaThread "Notification Thread"        daemon [_thread_blocked, id=14088, stack(0x0000005211100000,0x0000005211200000) (1024K)]
  0x000001af327892d0 JavaThread "Daemon health stats"               [_thread_blocked, id=27744, stack(0x0000005211800000,0x0000005211900000) (1024K)]
  0x000001af32789960 JavaThread "Incoming local TCP Connector on port 64650"        [_thread_in_native, id=2240, stack(0x0000005211900000,0x0000005211a00000) (1024K)]
  0x000001af3278a680 JavaThread "Daemon periodic checks"            [_thread_blocked, id=4640, stack(0x0000005211a00000,0x0000005211b00000) (1024K)]
  0x000001af32787f20 JavaThread "Daemon"                            [_thread_blocked, id=24832, stack(0x0000005211b00000,0x0000005211c00000) (1024K)]
  0x000001af327885b0 JavaThread "Handler for socket connection from /127.0.0.1:64650 to /127.0.0.1:64651"        [_thread_in_native, id=29184, stack(0x0000005211c00000,0x0000005211d00000) (1024K)]
  0x000001af5382f100 JavaThread "Cancel handler"                    [_thread_blocked, id=20984, stack(0x0000005211d00000,0x0000005211e00000) (1024K)]
  0x000001af538311d0 JavaThread "Daemon worker"                     [_thread_in_Java, id=21188, stack(0x0000005211e00000,0x0000005211f00000) (1024K)]
  0x000001af53831860 JavaThread "Asynchronous log dispatcher for DefaultDaemonConnection: socket connection from /127.0.0.1:64650 to /127.0.0.1:64651"        [_thread_blocked, id=5924, stack(0x0000005211f00000,0x0000005212000000) (1024K)]
  0x000001af538304b0 JavaThread "Stdin handler"                     [_thread_blocked, id=13288, stack(0x0000005212000000,0x0000005212100000) (1024K)]
  0x000001af5382fe20 JavaThread "Daemon client event forwarder"        [_thread_blocked, id=8948, stack(0x0000005212100000,0x0000005212200000) (1024K)]
  0x000001af53830b40 JavaThread "Cache worker for journal cache (C:\Users\LENOVO\.gradle\caches\journal-1)"        [_thread_blocked, id=14200, stack(0x0000005212200000,0x0000005212300000) (1024K)]
  0x000001af5382ea70 JavaThread "File lock request listener"        [_thread_in_native, id=11288, stack(0x0000005212300000,0x0000005212400000) (1024K)]
  0x000001af53831ef0 JavaThread "Cache worker for file hash cache (C:\Users\LENOVO\.gradle\caches\8.13\fileHashes)"        [_thread_blocked, id=4920, stack(0x0000005212400000,0x0000005212500000) (1024K)]
  0x000001af53835a00 JavaThread "Cache worker for file hash cache (C:\Projects_1_Android\DOANMONHOC\.gradle\8.13\fileHashes)"        [_thread_blocked, id=28720, stack(0x0000005212b00000,0x0000005212c00000) (1024K)]
  0x000001af53834ce0 JavaThread "Cache worker for Build Output Cleanup Cache (C:\Projects_1_Android\DOANMONHOC\.gradle\buildOutputCleanup)"        [_thread_blocked, id=6344, stack(0x0000005212c00000,0x0000005212d00000) (1024K)]
  0x000001af53835370 JavaThread "File watcher server"        daemon [_thread_in_native, id=23092, stack(0x0000005212d00000,0x0000005212e00000) (1024K)]
  0x000001af53833fc0 JavaThread "File watcher consumer"      daemon [_thread_blocked, id=22868, stack(0x0000005212e00000,0x0000005212f00000) (1024K)]
  0x000001af603f2f30 JavaThread "Cache worker for checksums cache (C:\Projects_1_Android\DOANMONHOC\.gradle\8.13\checksums)"        [_thread_blocked, id=20448, stack(0x0000005212f00000,0x0000005213000000) (1024K)]
  0x000001af603f5000 JavaThread "Cache worker for file content cache (C:\Users\LENOVO\.gradle\caches\8.13\fileContent)"        [_thread_blocked, id=4680, stack(0x0000005213000000,0x0000005213100000) (1024K)]
  0x000001af603f7760 JavaThread "Cache worker for cache directory md-supplier (C:\Users\LENOVO\.gradle\caches\8.13\md-supplier)"        [_thread_blocked, id=22276, stack(0x0000005213100000,0x0000005213200000) (1024K)]
  0x000001af603f8b10 JavaThread "Cache worker for cache directory md-rule (C:\Users\LENOVO\.gradle\caches\8.13\md-rule)"        [_thread_blocked, id=21412, stack(0x0000005213200000,0x0000005213300000) (1024K)]
  0x000001af57216f30 JavaThread "Unconstrained build operations"        [_thread_blocked, id=22892, stack(0x0000005213300000,0x0000005213400000) (1024K)]
  0x000001af572175c0 JavaThread "Unconstrained build operations Thread 2"        [_thread_blocked, id=30004, stack(0x0000005213400000,0x0000005213500000) (1024K)]
  0x000001af57217c50 JavaThread "Unconstrained build operations Thread 3"        [_thread_blocked, id=29160, stack(0x0000005213500000,0x0000005213600000) (1024K)]
  0x000001af57218970 JavaThread "Unconstrained build operations Thread 4"        [_thread_blocked, id=30644, stack(0x0000005213600000,0x0000005213700000) (1024K)]
  0x000001af572182e0 JavaThread "Unconstrained build operations Thread 5"        [_thread_blocked, id=15180, stack(0x0000005213700000,0x0000005213800000) (1024K)]
  0x000001af603f6a40 JavaThread "Unconstrained build operations Thread 6"        [_thread_blocked, id=29128, stack(0x0000005213800000,0x0000005213900000) (1024K)]
  0x000001af603f8480 JavaThread "Unconstrained build operations Thread 7"        [_thread_blocked, id=10596, stack(0x0000005213900000,0x0000005213a00000) (1024K)]
  0x000001af603f91a0 JavaThread "Unconstrained build operations Thread 8"        [_thread_blocked, id=24844, stack(0x0000005213a00000,0x0000005213b00000) (1024K)]
  0x000001af603f9830 JavaThread "Unconstrained build operations Thread 9"        [_thread_blocked, id=21544, stack(0x0000005213b00000,0x0000005213c00000) (1024K)]
  0x000001af603f9ec0 JavaThread "Unconstrained build operations Thread 10"        [_thread_blocked, id=18716, stack(0x0000005213c00000,0x0000005213d00000) (1024K)]
  0x000001af603fa550 JavaThread "Unconstrained build operations Thread 11"        [_thread_blocked, id=3408, stack(0x0000005213d00000,0x0000005213e00000) (1024K)]
  0x000001af603f7df0 JavaThread "Unconstrained build operations Thread 12"        [_thread_blocked, id=9612, stack(0x0000005213e00000,0x0000005213f00000) (1024K)]
  0x000001af56e55680 JavaThread "Unconstrained build operations Thread 13"        [_thread_blocked, id=15224, stack(0x0000005213f00000,0x0000005214000000) (1024K)]
  0x000001af658fcc70 JavaThread "Unconstrained build operations Thread 14"        [_thread_blocked, id=2244, stack(0x0000005214000000,0x0000005214100000) (1024K)]
  0x000001af658fbf50 JavaThread "Unconstrained build operations Thread 15"        [_thread_blocked, id=21640, stack(0x0000005214100000,0x0000005214200000) (1024K)]
  0x000001af658f9e80 JavaThread "Unconstrained build operations Thread 16"        [_thread_blocked, id=33256, stack(0x0000005214200000,0x0000005214300000) (1024K)]
  0x000001af658fa510 JavaThread "Unconstrained build operations Thread 17"        [_thread_blocked, id=24088, stack(0x0000005214300000,0x0000005214400000) (1024K)]
  0x000001af658fb8c0 JavaThread "Unconstrained build operations Thread 18"        [_thread_blocked, id=30636, stack(0x0000005214400000,0x0000005214500000) (1024K)]
  0x000001af658fd300 JavaThread "Unconstrained build operations Thread 19"        [_thread_blocked, id=21856, stack(0x0000005214500000,0x0000005214600000) (1024K)]
  0x000001af658fb230 JavaThread "Unconstrained build operations Thread 20"        [_thread_blocked, id=12704, stack(0x0000005214600000,0x0000005214700000) (1024K)]
  0x000001af658fd990 JavaThread "Unconstrained build operations Thread 21"        [_thread_blocked, id=20948, stack(0x0000005214700000,0x0000005214800000) (1024K)]
  0x000001af658fe020 JavaThread "Unconstrained build operations Thread 22"        [_thread_blocked, id=19324, stack(0x0000005214800000,0x0000005214900000) (1024K)]
  0x000001af658fe6b0 JavaThread "Unconstrained build operations Thread 23"        [_thread_blocked, id=28076, stack(0x0000005214900000,0x0000005214a00000) (1024K)]
  0x000001af658fed40 JavaThread "Unconstrained build operations Thread 24"        [_thread_blocked, id=20916, stack(0x0000005214a00000,0x0000005214b00000) (1024K)]
  0x000001af658ff3d0 JavaThread "Unconstrained build operations Thread 25"        [_thread_blocked, id=24728, stack(0x0000005214b00000,0x0000005214c00000) (1024K)]
  0x000001af658ffa60 JavaThread "Unconstrained build operations Thread 26"        [_thread_blocked, id=30320, stack(0x0000005214c00000,0x0000005214d00000) (1024K)]
  0x000001af658fc5e0 JavaThread "Unconstrained build operations Thread 27"        [_thread_blocked, id=31856, stack(0x0000005214d00000,0x0000005214e00000) (1024K)]
  0x000001af659000f0 JavaThread "Unconstrained build operations Thread 28"        [_thread_blocked, id=22064, stack(0x0000005214e00000,0x0000005214f00000) (1024K)]
  0x000001af659014a0 JavaThread "Unconstrained build operations Thread 29"        [_thread_blocked, id=25652, stack(0x0000005214f00000,0x0000005215000000) (1024K)]
  0x000001af65900780 JavaThread "Unconstrained build operations Thread 30"        [_thread_blocked, id=19944, stack(0x0000005215000000,0x0000005215100000) (1024K)]
  0x000001af65900e10 JavaThread "Unconstrained build operations Thread 31"        [_thread_blocked, id=19444, stack(0x0000005215100000,0x0000005215200000) (1024K)]
  0x000001af5499b420 JavaThread "Unconstrained build operations Thread 32"        [_thread_blocked, id=30908, stack(0x0000005215200000,0x0000005215300000) (1024K)]
  0x000001af5499a070 JavaThread "Unconstrained build operations Thread 33"        [_thread_blocked, id=24484, stack(0x0000005215300000,0x0000005215400000) (1024K)]
  0x000001af576de8c0 JavaThread "Memory manager"                    [_thread_blocked, id=30432, stack(0x0000005211600000,0x0000005211700000) (1024K)]
  0x000001af5fd6f910 JavaThread "C2 CompilerThread1"         daemon [_thread_in_native, id=17348, stack(0x0000005215400000,0x0000005215500000) (1024K)]
Total: 67

Other Threads:
  0x000001af31da7a40 VMThread "VM Thread"                           [id=13792, stack(0x0000005210700000,0x0000005210800000) (1024K)]
  0x000001af31d929d0 WatcherThread "VM Periodic Task Thread"        [id=27320, stack(0x0000005210600000,0x0000005210700000) (1024K)]
  0x000001af13ae8d50 WorkerThread "GC Thread#0"                     [id=4932, stack(0x0000005210100000,0x0000005210200000) (1024K)]
  0x000001af5248a620 WorkerThread "GC Thread#1"                     [id=29628, stack(0x0000005211200000,0x0000005211300000) (1024K)]
  0x000001af523fee20 WorkerThread "GC Thread#2"                     [id=31960, stack(0x0000005211300000,0x0000005211400000) (1024K)]
  0x000001af5236a340 WorkerThread "GC Thread#3"                     [id=32016, stack(0x0000005211400000,0x0000005211500000) (1024K)]
  0x000001af529eeb20 WorkerThread "GC Thread#4"                     [id=9424, stack(0x0000005211500000,0x0000005211600000) (1024K)]
  0x000001af529d5060 WorkerThread "GC Thread#5"                     [id=22660, stack(0x0000005211700000,0x0000005211800000) (1024K)]
  0x000001af53b1a8b0 WorkerThread "GC Thread#6"                     [id=15596, stack(0x0000005212500000,0x0000005212600000) (1024K)]
  0x000001af53b1ccc0 WorkerThread "GC Thread#7"                     [id=29716, stack(0x0000005212600000,0x0000005212700000) (1024K)]
  0x000001af5427e190 WorkerThread "GC Thread#8"                     [id=1528, stack(0x0000005212700000,0x0000005212800000) (1024K)]
  0x000001af5427da30 WorkerThread "GC Thread#9"                     [id=24460, stack(0x0000005212800000,0x0000005212900000) (1024K)]
  0x000001af13afa500 ConcurrentGCThread "G1 Main Marker"            [id=12208, stack(0x0000005210200000,0x0000005210300000) (1024K)]
  0x000001af13afcc50 WorkerThread "G1 Conc#0"                       [id=9640, stack(0x0000005210300000,0x0000005210400000) (1024K)]
  0x000001af55534f90 WorkerThread "G1 Conc#1"                       [id=32824, stack(0x0000005212900000,0x0000005212a00000) (1024K)]
  0x000001af555356f0 WorkerThread "G1 Conc#2"                       [id=17896, stack(0x0000005212a00000,0x0000005212b00000) (1024K)]
  0x000001af31c5f0c0 ConcurrentGCThread "G1 Refine#0"               [id=28968, stack(0x0000005210400000,0x0000005210500000) (1024K)]
  0x000001af31c5f500 ConcurrentGCThread "G1 Service"                [id=21240, stack(0x0000005210500000,0x0000005210600000) (1024K)]
Total: 18

Threads with active compile tasks:
C2 CompilerThread0  22969 14694   !   4       com.google.common.reflect.TypeVisitor::visit (225 bytes)
C2 CompilerThread1  22969 14703   !   4       java.util.jar.Attributes::read (494 bytes)
Total: 2

VM state: not at safepoint (normal execution)

VM Mutex/Monitor currently owned by a thread: None

Heap address: 0x0000000080000000, size: 2048 MB, Compressed Oops mode: 32-bit

CDS archive(s) mapped at: [0x000001af33000000-0x000001af33c60000-0x000001af33c60000), size 12976128, SharedBaseAddress: 0x000001af33000000, ArchiveRelocationMode: 1.
Compressed class space mapped at: 0x000001af34000000-0x000001af4e000000, reserved size: 436207616
Narrow klass base: 0x000001af33000000, Narrow klass shift: 0, Narrow klass range: 0x1b000000

GC Precious Log:
 CardTable entry size: 512
 Card Set container configuration: InlinePtr #cards 5 size 8 Array Of Cards #cards 12 size 40 Howl #buckets 4 coarsen threshold 1843 Howl Bitmap #cards 512 size 80 coarsen threshold 460 Card regions per heap region 1 cards per card region 2048
 CPUs: 12 total, 12 available
 Memory: 5996M
 Large Page Support: Disabled
 NUMA Support: Disabled
 Compressed Oops: Enabled (32-bit)
 Heap Region Size: 1M
 Heap Min Capacity: 8M
 Heap Initial Capacity: 94M
 Heap Max Capacity: 2G
 Pre-touch: Disabled
 Parallel Workers: 10
 Concurrent Workers: 3
 Concurrent Refinement Workers: 10
 Periodic GC: Disabled

Heap:
 garbage-first heap   total reserved 2097152K, committed 230400K, used 182147K [0x0000000080000000, 0x0000000100000000)
  region size 1024K, 47 young (48128K), 6 survivors (6144K)
 Metaspace       used 125102K, committed 127616K, reserved 557056K
  class space    used 16490K, committed 17664K, reserved 425984K

Heap Regions: E=young(eden), S=young(survivor), O=old, HS=humongous(starts), HC=humongous(continues), CS=collection set, F=free, TAMS=top-at-mark-start, PB=parsable bottom
|   0|0x0000000080000000, 0x0000000080100000, 0x0000000080100000|100%| O|  |TAMS 0x0000000080000000| PB 0x0000000080000000| Untracked |  0
|   1|0x0000000080100000, 0x0000000080200000, 0x0000000080200000|100%|HS|  |TAMS 0x0000000080100000| PB 0x0000000080100000| Complete |  0
|   2|0x0000000080200000, 0x0000000080300000, 0x0000000080300000|100%|HC|  |TAMS 0x0000000080200000| PB 0x0000000080200000| Complete |  0
|   3|0x0000000080300000, 0x0000000080400000, 0x0000000080400000|100%|HC|  |TAMS 0x0000000080300000| PB 0x0000000080300000| Complete |  0
|   4|0x0000000080400000, 0x0000000080500000, 0x0000000080500000|100%| O|  |TAMS 0x0000000080400000| PB 0x0000000080400000| Untracked |  0
|   5|0x0000000080500000, 0x0000000080600000, 0x0000000080600000|100%| O|  |TAMS 0x0000000080500000| PB 0x0000000080500000| Untracked |  0
|   6|0x0000000080600000, 0x0000000080700000, 0x0000000080700000|100%| O|  |TAMS 0x0000000080600000| PB 0x0000000080600000| Untracked |  0
|   7|0x0000000080700000, 0x0000000080800000, 0x0000000080800000|100%|HS|  |TAMS 0x0000000080700000| PB 0x0000000080700000| Complete |  0
|   8|0x0000000080800000, 0x0000000080900000, 0x0000000080900000|100%| O|  |TAMS 0x0000000080800000| PB 0x0000000080800000| Untracked |  0
|   9|0x0000000080900000, 0x0000000080a00000, 0x0000000080a00000|100%| O|  |TAMS 0x0000000080900000| PB 0x0000000080900000| Untracked |  0
|  10|0x0000000080a00000, 0x0000000080b00000, 0x0000000080b00000|100%| O|  |TAMS 0x0000000080a00000| PB 0x0000000080a00000| Untracked |  0
|  11|0x0000000080b00000, 0x0000000080c00000, 0x0000000080c00000|100%| O|  |TAMS 0x0000000080b00000| PB 0x0000000080b00000| Untracked |  0
|  12|0x0000000080c00000, 0x0000000080d00000, 0x0000000080d00000|100%| O|  |TAMS 0x0000000080c00000| PB 0x0000000080c00000| Untracked |  0
|  13|0x0000000080d00000, 0x0000000080e00000, 0x0000000080e00000|100%|HS|  |TAMS 0x0000000080d00000| PB 0x0000000080d00000| Complete |  0
|  14|0x0000000080e00000, 0x0000000080f00000, 0x0000000080f00000|100%| O|  |TAMS 0x0000000080e00000| PB 0x0000000080e00000| Untracked |  0
|  15|0x0000000080f00000, 0x0000000081000000, 0x0000000081000000|100%| O|  |TAMS 0x0000000080f00000| PB 0x0000000080f00000| Untracked |  0
|  16|0x0000000081000000, 0x0000000081100000, 0x0000000081100000|100%| O|  |TAMS 0x0000000081000000| PB 0x0000000081000000| Untracked |  0
|  17|0x0000000081100000, 0x0000000081200000, 0x0000000081200000|100%| O|  |TAMS 0x0000000081100000| PB 0x0000000081100000| Untracked |  0
|  18|0x0000000081200000, 0x0000000081300000, 0x0000000081300000|100%| O|  |TAMS 0x0000000081200000| PB 0x0000000081200000| Untracked |  0
|  19|0x0000000081300000, 0x0000000081400000, 0x0000000081400000|100%| O|  |TAMS 0x0000000081300000| PB 0x0000000081300000| Untracked |  0
|  20|0x0000000081400000, 0x0000000081500000, 0x0000000081500000|100%| O|  |TAMS 0x0000000081400000| PB 0x0000000081400000| Untracked |  0
|  21|0x0000000081500000, 0x0000000081600000, 0x0000000081600000|100%| O|  |TAMS 0x0000000081500000| PB 0x0000000081500000| Untracked |  0
|  22|0x0000000081600000, 0x0000000081700000, 0x0000000081700000|100%| O|  |TAMS 0x0000000081600000| PB 0x0000000081600000| Untracked |  0
|  23|0x0000000081700000, 0x0000000081800000, 0x0000000081800000|100%| O|  |TAMS 0x0000000081700000| PB 0x0000000081700000| Untracked |  0
|  24|0x0000000081800000, 0x0000000081900000, 0x0000000081900000|100%| O|  |TAMS 0x0000000081800000| PB 0x0000000081800000| Untracked |  0
|  25|0x0000000081900000, 0x0000000081a00000, 0x0000000081a00000|100%| O|  |TAMS 0x0000000081900000| PB 0x0000000081900000| Untracked |  0
|  26|0x0000000081a00000, 0x0000000081b00000, 0x0000000081b00000|100%| O|  |TAMS 0x0000000081a00000| PB 0x0000000081a00000| Untracked |  0
|  27|0x0000000081b00000, 0x0000000081c00000, 0x0000000081c00000|100%| O|  |TAMS 0x0000000081b00000| PB 0x0000000081b00000| Untracked |  0
|  28|0x0000000081c00000, 0x0000000081d00000, 0x0000000081d00000|100%| O|  |TAMS 0x0000000081c00000| PB 0x0000000081c00000| Untracked |  0
|  29|0x0000000081d00000, 0x0000000081e00000, 0x0000000081e00000|100%| O|  |TAMS 0x0000000081d00000| PB 0x0000000081d00000| Untracked |  0
|  30|0x0000000081e00000, 0x0000000081f00000, 0x0000000081f00000|100%| O|  |TAMS 0x0000000081e00000| PB 0x0000000081e00000| Untracked |  0
|  31|0x0000000081f00000, 0x0000000082000000, 0x0000000082000000|100%| O|  |TAMS 0x0000000081f00000| PB 0x0000000081f00000| Untracked |  0
|  32|0x0000000082000000, 0x0000000082100000, 0x0000000082100000|100%| O|  |TAMS 0x0000000082000000| PB 0x0000000082000000| Untracked |  0
|  33|0x0000000082100000, 0x0000000082200000, 0x0000000082200000|100%| O|  |TAMS 0x0000000082100000| PB 0x0000000082100000| Untracked |  0
|  34|0x0000000082200000, 0x0000000082300000, 0x0000000082300000|100%| O|  |TAMS 0x0000000082200000| PB 0x0000000082200000| Untracked |  0
|  35|0x0000000082300000, 0x0000000082400000, 0x0000000082400000|100%|HS|  |TAMS 0x0000000082300000| PB 0x0000000082300000| Complete |  0
|  36|0x0000000082400000, 0x0000000082500000, 0x0000000082500000|100%|HC|  |TAMS 0x0000000082400000| PB 0x0000000082400000| Complete |  0
|  37|0x0000000082500000, 0x0000000082600000, 0x0000000082600000|100%|HC|  |TAMS 0x0000000082500000| PB 0x0000000082500000| Complete |  0
|  38|0x0000000082600000, 0x0000000082700000, 0x0000000082700000|100%|HC|  |TAMS 0x0000000082600000| PB 0x0000000082600000| Complete |  0
|  39|0x0000000082700000, 0x0000000082800000, 0x0000000082800000|100%|HC|  |TAMS 0x0000000082700000| PB 0x0000000082700000| Complete |  0
|  40|0x0000000082800000, 0x0000000082900000, 0x0000000082900000|100%|HC|  |TAMS 0x0000000082800000| PB 0x0000000082800000| Complete |  0
|  41|0x0000000082900000, 0x0000000082a00000, 0x0000000082a00000|100%| O|  |TAMS 0x0000000082900000| PB 0x0000000082900000| Untracked |  0
|  42|0x0000000082a00000, 0x0000000082b00000, 0x0000000082b00000|100%| O|  |TAMS 0x0000000082a00000| PB 0x0000000082a00000| Untracked |  0
|  43|0x0000000082b00000, 0x0000000082c00000, 0x0000000082c00000|100%| O|  |TAMS 0x0000000082b00000| PB 0x0000000082b00000| Untracked |  0
|  44|0x0000000082c00000, 0x0000000082d00000, 0x0000000082d00000|100%| O|  |TAMS 0x0000000082c00000| PB 0x0000000082c00000| Untracked |  0
|  45|0x0000000082d00000, 0x0000000082e00000, 0x0000000082e00000|100%| O|  |TAMS 0x0000000082d00000| PB 0x0000000082d00000| Untracked |  0
|  46|0x0000000082e00000, 0x0000000082f00000, 0x0000000082f00000|100%| O|  |TAMS 0x0000000082e00000| PB 0x0000000082e00000| Untracked |  0
|  47|0x0000000082f00000, 0x0000000083000000, 0x0000000083000000|100%| O|  |TAMS 0x0000000082f00000| PB 0x0000000082f00000| Untracked |  0
|  48|0x0000000083000000, 0x0000000083100000, 0x0000000083100000|100%| O|  |TAMS 0x0000000083000000| PB 0x0000000083000000| Untracked |  0
|  49|0x0000000083100000, 0x0000000083200000, 0x0000000083200000|100%| O|  |TAMS 0x0000000083100000| PB 0x0000000083100000| Untracked |  0
|  50|0x0000000083200000, 0x0000000083300000, 0x0000000083300000|100%| O|  |TAMS 0x0000000083200000| PB 0x0000000083200000| Untracked |  0
|  51|0x0000000083300000, 0x0000000083400000, 0x0000000083400000|100%| O|  |TAMS 0x0000000083300000| PB 0x0000000083300000| Untracked |  0
|  52|0x0000000083400000, 0x0000000083500000, 0x0000000083500000|100%| O|  |TAMS 0x0000000083400000| PB 0x0000000083400000| Untracked |  0
|  53|0x0000000083500000, 0x0000000083600000, 0x0000000083600000|100%| O|  |TAMS 0x0000000083500000| PB 0x0000000083500000| Untracked |  0
|  54|0x0000000083600000, 0x0000000083700000, 0x0000000083700000|100%| O|  |TAMS 0x0000000083600000| PB 0x0000000083600000| Untracked |  0
|  55|0x0000000083700000, 0x0000000083800000, 0x0000000083800000|100%| O|  |TAMS 0x0000000083700000| PB 0x0000000083700000| Untracked |  0
|  56|0x0000000083800000, 0x0000000083900000, 0x0000000083900000|100%| O|  |TAMS 0x0000000083800000| PB 0x0000000083800000| Untracked |  0
|  57|0x0000000083900000, 0x0000000083a00000, 0x0000000083a00000|100%| O|  |TAMS 0x0000000083900000| PB 0x0000000083900000| Untracked |  0
|  58|0x0000000083a00000, 0x0000000083b00000, 0x0000000083b00000|100%| O|  |TAMS 0x0000000083a00000| PB 0x0000000083a00000| Untracked |  0
|  59|0x0000000083b00000, 0x0000000083c00000, 0x0000000083c00000|100%| O|  |TAMS 0x0000000083b00000| PB 0x0000000083b00000| Untracked |  0
|  60|0x0000000083c00000, 0x0000000083d00000, 0x0000000083d00000|100%| O|  |TAMS 0x0000000083c00000| PB 0x0000000083c00000| Untracked |  0
|  61|0x0000000083d00000, 0x0000000083e00000, 0x0000000083e00000|100%| O|  |TAMS 0x0000000083d00000| PB 0x0000000083d00000| Untracked |  0
|  62|0x0000000083e00000, 0x0000000083f00000, 0x0000000083f00000|100%| O|  |TAMS 0x0000000083e00000| PB 0x0000000083e00000| Untracked |  0
|  63|0x0000000083f00000, 0x0000000084000000, 0x0000000084000000|100%| O|  |TAMS 0x0000000083f00000| PB 0x0000000083f00000| Untracked |  0
|  64|0x0000000084000000, 0x0000000084100000, 0x0000000084100000|100%| O|Cm|TAMS 0x0000000084000000| PB 0x0000000084000000| Complete |  0
|  65|0x0000000084100000, 0x0000000084200000, 0x0000000084200000|100%| O|Cm|TAMS 0x0000000084100000| PB 0x0000000084100000| Complete |  0
|  66|0x0000000084200000, 0x00000000842ff3e0, 0x0000000084300000| 99%| O|  |TAMS 0x0000000084200000| PB 0x0000000084200000| Untracked |  0
|  67|0x0000000084300000, 0x0000000084400000, 0x0000000084400000|100%| O|  |TAMS 0x0000000084300000| PB 0x0000000084300000| Untracked |  0
|  68|0x0000000084400000, 0x0000000084500000, 0x0000000084500000|100%| O|  |TAMS 0x0000000084400000| PB 0x0000000084400000| Untracked |  0
|  69|0x0000000084500000, 0x0000000084600000, 0x0000000084600000|100%| O|  |TAMS 0x0000000084500000| PB 0x0000000084500000| Untracked |  0
|  70|0x0000000084600000, 0x0000000084700000, 0x0000000084700000|100%| O|  |TAMS 0x0000000084600000| PB 0x0000000084600000| Untracked |  0
|  71|0x0000000084700000, 0x0000000084800000, 0x0000000084800000|100%| O|  |TAMS 0x0000000084700000| PB 0x0000000084700000| Untracked |  0
|  72|0x0000000084800000, 0x0000000084900000, 0x0000000084900000|100%| O|  |TAMS 0x0000000084800000| PB 0x0000000084800000| Untracked |  0
|  73|0x0000000084900000, 0x0000000084a00000, 0x0000000084a00000|100%| O|  |TAMS 0x0000000084900000| PB 0x0000000084900000| Untracked |  0
|  74|0x0000000084a00000, 0x0000000084b00000, 0x0000000084b00000|100%| O|  |TAMS 0x0000000084a00000| PB 0x0000000084a00000| Untracked |  0
|  75|0x0000000084b00000, 0x0000000084c00000, 0x0000000084c00000|100%|HS|  |TAMS 0x0000000084b00000| PB 0x0000000084b00000| Complete |  0
|  76|0x0000000084c00000, 0x0000000084d00000, 0x0000000084d00000|100%| O|Cm|TAMS 0x0000000084c00000| PB 0x0000000084c00000| Complete |  0
|  77|0x0000000084d00000, 0x0000000084d00000, 0x0000000084e00000|  0%| F|  |TAMS 0x0000000084d00000| PB 0x0000000084d00000| Untracked |  0
|  78|0x0000000084e00000, 0x0000000084f00000, 0x0000000084f00000|100%|HS|  |TAMS 0x0000000084e00000| PB 0x0000000084e00000| Complete |  0
|  79|0x0000000084f00000, 0x0000000085000000, 0x0000000085000000|100%|HC|  |TAMS 0x0000000084f00000| PB 0x0000000084f00000| Complete |  0
|  80|0x0000000085000000, 0x0000000085100000, 0x0000000085100000|100%| O|  |TAMS 0x0000000085000000| PB 0x0000000085000000| Untracked |  0
|  81|0x0000000085100000, 0x0000000085200000, 0x0000000085200000|100%| O|  |TAMS 0x0000000085100000| PB 0x0000000085100000| Untracked |  0
|  82|0x0000000085200000, 0x0000000085300000, 0x0000000085300000|100%| O|  |TAMS 0x0000000085200000| PB 0x0000000085200000| Untracked |  0
|  83|0x0000000085300000, 0x0000000085400000, 0x0000000085400000|100%|HS|  |TAMS 0x0000000085300000| PB 0x0000000085300000| Complete |  0
|  84|0x0000000085400000, 0x0000000085500000, 0x0000000085500000|100%|HS|  |TAMS 0x0000000085400000| PB 0x0000000085400000| Complete |  0
|  85|0x0000000085500000, 0x0000000085600000, 0x0000000085600000|100%| O|  |TAMS 0x0000000085500000| PB 0x0000000085500000| Untracked |  0
|  86|0x0000000085600000, 0x0000000085700000, 0x0000000085700000|100%| O|  |TAMS 0x0000000085600000| PB 0x0000000085600000| Untracked |  0
|  87|0x0000000085700000, 0x0000000085800000, 0x0000000085800000|100%| O|  |TAMS 0x0000000085700000| PB 0x0000000085700000| Untracked |  0
|  88|0x0000000085800000, 0x0000000085900000, 0x0000000085900000|100%| O|Cm|TAMS 0x0000000085800000| PB 0x0000000085800000| Complete |  0
|  89|0x0000000085900000, 0x0000000085a00000, 0x0000000085a00000|100%| O|  |TAMS 0x0000000085900000| PB 0x0000000085900000| Untracked |  0
|  90|0x0000000085a00000, 0x0000000085b00000, 0x0000000085b00000|100%|HS|  |TAMS 0x0000000085a00000| PB 0x0000000085a00000| Complete |  0
|  91|0x0000000085b00000, 0x0000000085c00000, 0x0000000085c00000|100%| O|Cm|TAMS 0x0000000085b00000| PB 0x0000000085b00000| Complete |  0
|  92|0x0000000085c00000, 0x0000000085d00000, 0x0000000085d00000|100%|HS|  |TAMS 0x0000000085c00000| PB 0x0000000085c00000| Complete |  0
|  93|0x0000000085d00000, 0x0000000085d00000, 0x0000000085e00000|  0%| F|  |TAMS 0x0000000085d00000| PB 0x0000000085d00000| Untracked |  0
|  94|0x0000000085e00000, 0x0000000085e00000, 0x0000000085f00000|  0%| F|  |TAMS 0x0000000085e00000| PB 0x0000000085e00000| Untracked |  0
|  95|0x0000000085f00000, 0x0000000086000000, 0x0000000086000000|100%| O|  |TAMS 0x0000000085f00000| PB 0x0000000085f00000| Untracked |  0
|  96|0x0000000086000000, 0x0000000086100000, 0x0000000086100000|100%| O|  |TAMS 0x0000000086000000| PB 0x0000000086000000| Untracked |  0
|  97|0x0000000086100000, 0x0000000086200000, 0x0000000086200000|100%| O|  |TAMS 0x0000000086100000| PB 0x0000000086100000| Untracked |  0
|  98|0x0000000086200000, 0x0000000086300000, 0x0000000086300000|100%|HS|  |TAMS 0x0000000086200000| PB 0x0000000086200000| Complete |  0
|  99|0x0000000086300000, 0x0000000086400000, 0x0000000086400000|100%|HC|  |TAMS 0x0000000086300000| PB 0x0000000086300000| Complete |  0
| 100|0x0000000086400000, 0x0000000086500000, 0x0000000086500000|100%|HS|  |TAMS 0x0000000086400000| PB 0x0000000086400000| Complete |  0
| 101|0x0000000086500000, 0x0000000086600000, 0x0000000086600000|100%|HC|  |TAMS 0x0000000086500000| PB 0x0000000086500000| Complete |  0
| 102|0x0000000086600000, 0x0000000086700000, 0x0000000086700000|100%|HC|  |TAMS 0x0000000086600000| PB 0x0000000086600000| Complete |  0
| 103|0x0000000086700000, 0x0000000086800000, 0x0000000086800000|100%|HS|  |TAMS 0x0000000086700000| PB 0x0000000086700000| Complete |  0
| 104|0x0000000086800000, 0x0000000086800000, 0x0000000086900000|  0%| F|  |TAMS 0x0000000086800000| PB 0x0000000086800000| Untracked |  0
| 105|0x0000000086900000, 0x0000000086900000, 0x0000000086a00000|  0%| F|  |TAMS 0x0000000086900000| PB 0x0000000086900000| Untracked |  0
| 106|0x0000000086a00000, 0x0000000086a00000, 0x0000000086b00000|  0%| F|  |TAMS 0x0000000086a00000| PB 0x0000000086a00000| Untracked |  0
| 107|0x0000000086b00000, 0x0000000086c00000, 0x0000000086c00000|100%| O|  |TAMS 0x0000000086b00000| PB 0x0000000086b00000| Untracked |  0
| 108|0x0000000086c00000, 0x0000000086d00000, 0x0000000086d00000|100%| O|  |TAMS 0x0000000086c00000| PB 0x0000000086c00000| Untracked |  0
| 109|0x0000000086d00000, 0x0000000086e00000, 0x0000000086e00000|100%| O|  |TAMS 0x0000000086d00000| PB 0x0000000086d00000| Untracked |  0
| 110|0x0000000086e00000, 0x0000000086f00000, 0x0000000086f00000|100%| O|  |TAMS 0x0000000086e00000| PB 0x0000000086e00000| Untracked |  0
| 111|0x0000000086f00000, 0x0000000087000000, 0x0000000087000000|100%| O|  |TAMS 0x0000000086f00000| PB 0x0000000086f00000| Untracked |  0
| 112|0x0000000087000000, 0x0000000087100000, 0x0000000087100000|100%| O|  |TAMS 0x0000000087000000| PB 0x0000000087000000| Untracked |  0
| 113|0x0000000087100000, 0x0000000087200000, 0x0000000087200000|100%| O|  |TAMS 0x0000000087100000| PB 0x0000000087100000| Untracked |  0
| 114|0x0000000087200000, 0x0000000087300000, 0x0000000087300000|100%| O|  |TAMS 0x0000000087200000| PB 0x0000000087200000| Untracked |  0
| 115|0x0000000087300000, 0x0000000087400000, 0x0000000087400000|100%| O|  |TAMS 0x0000000087300000| PB 0x0000000087300000| Untracked |  0
| 116|0x0000000087400000, 0x0000000087400000, 0x0000000087500000|  0%| F|  |TAMS 0x0000000087400000| PB 0x0000000087400000| Untracked |  0
| 117|0x0000000087500000, 0x0000000087500000, 0x0000000087600000|  0%| F|  |TAMS 0x0000000087500000| PB 0x0000000087500000| Untracked |  0
| 118|0x0000000087600000, 0x0000000087600000, 0x0000000087700000|  0%| F|  |TAMS 0x0000000087600000| PB 0x0000000087600000| Untracked |  0
| 119|0x0000000087700000, 0x0000000087700000, 0x0000000087800000|  0%| F|  |TAMS 0x0000000087700000| PB 0x0000000087700000| Untracked |  0
| 120|0x0000000087800000, 0x0000000087800000, 0x0000000087900000|  0%| F|  |TAMS 0x0000000087800000| PB 0x0000000087800000| Untracked |  0
| 121|0x0000000087900000, 0x0000000087900000, 0x0000000087a00000|  0%| F|  |TAMS 0x0000000087900000| PB 0x0000000087900000| Untracked |  0
| 122|0x0000000087a00000, 0x0000000087a00000, 0x0000000087b00000|  0%| F|  |TAMS 0x0000000087a00000| PB 0x0000000087a00000| Untracked |  0
| 123|0x0000000087b00000, 0x0000000087b00000, 0x0000000087c00000|  0%| F|  |TAMS 0x0000000087b00000| PB 0x0000000087b00000| Untracked |  0
| 124|0x0000000087c00000, 0x0000000087c00000, 0x0000000087d00000|  0%| F|  |TAMS 0x0000000087c00000| PB 0x0000000087c00000| Untracked |  0
| 125|0x0000000087d00000, 0x0000000087d00000, 0x0000000087e00000|  0%| F|  |TAMS 0x0000000087d00000| PB 0x0000000087d00000| Untracked |  0
| 126|0x0000000087e00000, 0x0000000087e00000, 0x0000000087f00000|  0%| F|  |TAMS 0x0000000087e00000| PB 0x0000000087e00000| Untracked |  0
| 127|0x0000000087f00000, 0x0000000087f00000, 0x0000000088000000|  0%| F|  |TAMS 0x0000000087f00000| PB 0x0000000087f00000| Untracked |  0
| 128|0x0000000088000000, 0x0000000088000000, 0x0000000088100000|  0%| F|  |TAMS 0x0000000088000000| PB 0x0000000088000000| Untracked |  0
| 129|0x0000000088100000, 0x0000000088100000, 0x0000000088200000|  0%| F|  |TAMS 0x0000000088100000| PB 0x0000000088100000| Untracked |  0
| 130|0x0000000088200000, 0x0000000088200000, 0x0000000088300000|  0%| F|  |TAMS 0x0000000088200000| PB 0x0000000088200000| Untracked |  0
| 131|0x0000000088300000, 0x0000000088300000, 0x0000000088400000|  0%| F|  |TAMS 0x0000000088300000| PB 0x0000000088300000| Untracked |  0
| 132|0x0000000088400000, 0x0000000088400000, 0x0000000088500000|  0%| F|  |TAMS 0x0000000088400000| PB 0x0000000088400000| Untracked |  0
| 133|0x0000000088500000, 0x00000000885e1840, 0x0000000088600000| 88%| S|CS|TAMS 0x0000000088500000| PB 0x0000000088500000| Complete |  0
| 134|0x0000000088600000, 0x0000000088700000, 0x0000000088700000|100%| S|CS|TAMS 0x0000000088600000| PB 0x0000000088600000| Complete |  0
| 135|0x0000000088700000, 0x0000000088800000, 0x0000000088800000|100%| S|CS|TAMS 0x0000000088700000| PB 0x0000000088700000| Complete |  0
| 136|0x0000000088800000, 0x0000000088900000, 0x0000000088900000|100%| S|CS|TAMS 0x0000000088800000| PB 0x0000000088800000| Complete |  0
| 137|0x0000000088900000, 0x0000000088a00000, 0x0000000088a00000|100%| S|CS|TAMS 0x0000000088900000| PB 0x0000000088900000| Complete |  0
| 138|0x0000000088a00000, 0x0000000088b00000, 0x0000000088b00000|100%| S|CS|TAMS 0x0000000088a00000| PB 0x0000000088a00000| Complete |  0
| 139|0x0000000088b00000, 0x0000000088b00000, 0x0000000088c00000|  0%| F|  |TAMS 0x0000000088b00000| PB 0x0000000088b00000| Untracked |  0
| 140|0x0000000088c00000, 0x0000000088c00000, 0x0000000088d00000|  0%| F|  |TAMS 0x0000000088c00000| PB 0x0000000088c00000| Untracked |  0
| 141|0x0000000088d00000, 0x0000000088d00000, 0x0000000088e00000|  0%| F|  |TAMS 0x0000000088d00000| PB 0x0000000088d00000| Untracked |  0
| 142|0x0000000088e00000, 0x0000000088e00000, 0x0000000088f00000|  0%| F|  |TAMS 0x0000000088e00000| PB 0x0000000088e00000| Untracked |  0
| 143|0x0000000088f00000, 0x0000000088f00000, 0x0000000089000000|  0%| F|  |TAMS 0x0000000088f00000| PB 0x0000000088f00000| Untracked |  0
| 144|0x0000000089000000, 0x0000000089000000, 0x0000000089100000|  0%| F|  |TAMS 0x0000000089000000| PB 0x0000000089000000| Untracked |  0
| 145|0x0000000089100000, 0x0000000089100000, 0x0000000089200000|  0%| F|  |TAMS 0x0000000089100000| PB 0x0000000089100000| Untracked |  0
| 146|0x0000000089200000, 0x0000000089200000, 0x0000000089300000|  0%| F|  |TAMS 0x0000000089200000| PB 0x0000000089200000| Untracked |  0
| 147|0x0000000089300000, 0x0000000089300000, 0x0000000089400000|  0%| F|  |TAMS 0x0000000089300000| PB 0x0000000089300000| Untracked |  0
| 148|0x0000000089400000, 0x0000000089400000, 0x0000000089500000|  0%| F|  |TAMS 0x0000000089400000| PB 0x0000000089400000| Untracked |  0
| 149|0x0000000089500000, 0x0000000089500000, 0x0000000089600000|  0%| F|  |TAMS 0x0000000089500000| PB 0x0000000089500000| Untracked |  0
| 150|0x0000000089600000, 0x0000000089600000, 0x0000000089700000|  0%| F|  |TAMS 0x0000000089600000| PB 0x0000000089600000| Untracked |  0
| 151|0x0000000089700000, 0x0000000089700000, 0x0000000089800000|  0%| F|  |TAMS 0x0000000089700000| PB 0x0000000089700000| Untracked |  0
| 152|0x0000000089800000, 0x0000000089800000, 0x0000000089900000|  0%| F|  |TAMS 0x0000000089800000| PB 0x0000000089800000| Untracked |  0
| 153|0x0000000089900000, 0x0000000089900000, 0x0000000089a00000|  0%| F|  |TAMS 0x0000000089900000| PB 0x0000000089900000| Untracked |  0
| 154|0x0000000089a00000, 0x0000000089a00000, 0x0000000089b00000|  0%| F|  |TAMS 0x0000000089a00000| PB 0x0000000089a00000| Untracked |  0
| 155|0x0000000089b00000, 0x0000000089b00000, 0x0000000089c00000|  0%| F|  |TAMS 0x0000000089b00000| PB 0x0000000089b00000| Untracked |  0
| 156|0x0000000089c00000, 0x0000000089c00000, 0x0000000089d00000|  0%| F|  |TAMS 0x0000000089c00000| PB 0x0000000089c00000| Untracked |  0
| 157|0x0000000089d00000, 0x0000000089d00000, 0x0000000089e00000|  0%| F|  |TAMS 0x0000000089d00000| PB 0x0000000089d00000| Untracked |  0
| 158|0x0000000089e00000, 0x0000000089e00000, 0x0000000089f00000|  0%| F|  |TAMS 0x0000000089e00000| PB 0x0000000089e00000| Untracked |  0
| 159|0x0000000089f00000, 0x0000000089f00000, 0x000000008a000000|  0%| F|  |TAMS 0x0000000089f00000| PB 0x0000000089f00000| Untracked |  0
| 160|0x000000008a000000, 0x000000008a000000, 0x000000008a100000|  0%| F|  |TAMS 0x000000008a000000| PB 0x000000008a000000| Untracked |  0
| 161|0x000000008a100000, 0x000000008a100000, 0x000000008a200000|  0%| F|  |TAMS 0x000000008a100000| PB 0x000000008a100000| Untracked |  0
| 162|0x000000008a200000, 0x000000008a300000, 0x000000008a300000|100%| E|  |TAMS 0x000000008a200000| PB 0x000000008a200000| Complete |  0
| 163|0x000000008a300000, 0x000000008a400000, 0x000000008a400000|100%| E|CS|TAMS 0x000000008a300000| PB 0x000000008a300000| Complete |  0
| 164|0x000000008a400000, 0x000000008a500000, 0x000000008a500000|100%| E|CS|TAMS 0x000000008a400000| PB 0x000000008a400000| Complete |  0
| 165|0x000000008a500000, 0x000000008a600000, 0x000000008a600000|100%| E|CS|TAMS 0x000000008a500000| PB 0x000000008a500000| Complete |  0
| 166|0x000000008a600000, 0x000000008a700000, 0x000000008a700000|100%| E|CS|TAMS 0x000000008a600000| PB 0x000000008a600000| Complete |  0
| 167|0x000000008a700000, 0x000000008a800000, 0x000000008a800000|100%| E|CS|TAMS 0x000000008a700000| PB 0x000000008a700000| Complete |  0
| 168|0x000000008a800000, 0x000000008a900000, 0x000000008a900000|100%| E|CS|TAMS 0x000000008a800000| PB 0x000000008a800000| Complete |  0
| 169|0x000000008a900000, 0x000000008aa00000, 0x000000008aa00000|100%| E|CS|TAMS 0x000000008a900000| PB 0x000000008a900000| Complete |  0
| 170|0x000000008aa00000, 0x000000008ab00000, 0x000000008ab00000|100%| E|CS|TAMS 0x000000008aa00000| PB 0x000000008aa00000| Complete |  0
| 171|0x000000008ab00000, 0x000000008ac00000, 0x000000008ac00000|100%| E|CS|TAMS 0x000000008ab00000| PB 0x000000008ab00000| Complete |  0
| 172|0x000000008ac00000, 0x000000008ad00000, 0x000000008ad00000|100%| E|CS|TAMS 0x000000008ac00000| PB 0x000000008ac00000| Complete |  0
| 173|0x000000008ad00000, 0x000000008ae00000, 0x000000008ae00000|100%| E|CS|TAMS 0x000000008ad00000| PB 0x000000008ad00000| Complete |  0
| 174|0x000000008ae00000, 0x000000008af00000, 0x000000008af00000|100%| E|CS|TAMS 0x000000008ae00000| PB 0x000000008ae00000| Complete |  0
| 175|0x000000008af00000, 0x000000008b000000, 0x000000008b000000|100%| E|CS|TAMS 0x000000008af00000| PB 0x000000008af00000| Complete |  0
| 176|0x000000008b000000, 0x000000008b100000, 0x000000008b100000|100%| E|CS|TAMS 0x000000008b000000| PB 0x000000008b000000| Complete |  0
| 177|0x000000008b100000, 0x000000008b200000, 0x000000008b200000|100%| E|CS|TAMS 0x000000008b100000| PB 0x000000008b100000| Complete |  0
| 178|0x000000008b200000, 0x000000008b300000, 0x000000008b300000|100%| E|CS|TAMS 0x000000008b200000| PB 0x000000008b200000| Complete |  0
| 179|0x000000008b300000, 0x000000008b400000, 0x000000008b400000|100%| E|CS|TAMS 0x000000008b300000| PB 0x000000008b300000| Complete |  0
| 180|0x000000008b400000, 0x000000008b500000, 0x000000008b500000|100%| E|CS|TAMS 0x000000008b400000| PB 0x000000008b400000| Complete |  0
| 181|0x000000008b500000, 0x000000008b600000, 0x000000008b600000|100%| E|CS|TAMS 0x000000008b500000| PB 0x000000008b500000| Complete |  0
| 182|0x000000008b600000, 0x000000008b700000, 0x000000008b700000|100%| E|CS|TAMS 0x000000008b600000| PB 0x000000008b600000| Complete |  0
| 183|0x000000008b700000, 0x000000008b800000, 0x000000008b800000|100%| E|CS|TAMS 0x000000008b700000| PB 0x000000008b700000| Complete |  0
| 184|0x000000008b800000, 0x000000008b900000, 0x000000008b900000|100%| E|CS|TAMS 0x000000008b800000| PB 0x000000008b800000| Complete |  0
| 185|0x000000008b900000, 0x000000008ba00000, 0x000000008ba00000|100%| E|CS|TAMS 0x000000008b900000| PB 0x000000008b900000| Complete |  0
| 186|0x000000008ba00000, 0x000000008bb00000, 0x000000008bb00000|100%| E|CS|TAMS 0x000000008ba00000| PB 0x000000008ba00000| Complete |  0
| 187|0x000000008bb00000, 0x000000008bc00000, 0x000000008bc00000|100%| E|CS|TAMS 0x000000008bb00000| PB 0x000000008bb00000| Complete |  0
| 188|0x000000008bc00000, 0x000000008bd00000, 0x000000008bd00000|100%| E|CS|TAMS 0x000000008bc00000| PB 0x000000008bc00000| Complete |  0
| 189|0x000000008bd00000, 0x000000008be00000, 0x000000008be00000|100%| E|CS|TAMS 0x000000008bd00000| PB 0x000000008bd00000| Complete |  0
| 190|0x000000008be00000, 0x000000008bf00000, 0x000000008bf00000|100%| E|CS|TAMS 0x000000008be00000| PB 0x000000008be00000| Complete |  0
| 191|0x000000008bf00000, 0x000000008c000000, 0x000000008c000000|100%| E|CS|TAMS 0x000000008bf00000| PB 0x000000008bf00000| Complete |  0
| 192|0x000000008c000000, 0x000000008c100000, 0x000000008c100000|100%| E|CS|TAMS 0x000000008c000000| PB 0x000000008c000000| Complete |  0
| 193|0x000000008c100000, 0x000000008c200000, 0x000000008c200000|100%| E|CS|TAMS 0x000000008c100000| PB 0x000000008c100000| Complete |  0
| 194|0x000000008c200000, 0x000000008c300000, 0x000000008c300000|100%| E|CS|TAMS 0x000000008c200000| PB 0x000000008c200000| Complete |  0
| 195|0x000000008c300000, 0x000000008c400000, 0x000000008c400000|100%| E|CS|TAMS 0x000000008c300000| PB 0x000000008c300000| Complete |  0
| 196|0x000000008c400000, 0x000000008c500000, 0x000000008c500000|100%| E|CS|TAMS 0x000000008c400000| PB 0x000000008c400000| Complete |  0
| 197|0x000000008c500000, 0x000000008c600000, 0x000000008c600000|100%| E|CS|TAMS 0x000000008c500000| PB 0x000000008c500000| Complete |  0
| 198|0x000000008c600000, 0x000000008c700000, 0x000000008c700000|100%| E|CS|TAMS 0x000000008c600000| PB 0x000000008c600000| Complete |  0
| 199|0x000000008c700000, 0x000000008c800000, 0x000000008c800000|100%| E|CS|TAMS 0x000000008c700000| PB 0x000000008c700000| Complete |  0
|2023|0x00000000fe700000, 0x00000000fe800000, 0x00000000fe800000|100%| O|  |TAMS 0x00000000fe700000| PB 0x00000000fe700000| Untracked |  0
|2024|0x00000000fe800000, 0x00000000fe900000, 0x00000000fe900000|100%| O|  |TAMS 0x00000000fe800000| PB 0x00000000fe800000| Untracked |  0
|2025|0x00000000fe900000, 0x00000000fea00000, 0x00000000fea00000|100%| O|  |TAMS 0x00000000fe900000| PB 0x00000000fe900000| Untracked |  0
|2026|0x00000000fea00000, 0x00000000feb00000, 0x00000000feb00000|100%| O|  |TAMS 0x00000000fea00000| PB 0x00000000fea00000| Untracked |  0
|2027|0x00000000feb00000, 0x00000000fec00000, 0x00000000fec00000|100%| O|  |TAMS 0x00000000feb00000| PB 0x00000000feb00000| Untracked |  0
|2028|0x00000000fec00000, 0x00000000fed00000, 0x00000000fed00000|100%| O|  |TAMS 0x00000000fec00000| PB 0x00000000fec00000| Untracked |  0
|2029|0x00000000fed00000, 0x00000000fee00000, 0x00000000fee00000|100%| O|  |TAMS 0x00000000fed00000| PB 0x00000000fed00000| Untracked |  0
|2030|0x00000000fee00000, 0x00000000fef00000, 0x00000000fef00000|100%| O|  |TAMS 0x00000000fee00000| PB 0x00000000fee00000| Untracked |  0
|2031|0x00000000fef00000, 0x00000000ff000000, 0x00000000ff000000|100%| O|  |TAMS 0x00000000fef00000| PB 0x00000000fef00000| Untracked |  0
|2032|0x00000000ff000000, 0x00000000ff100000, 0x00000000ff100000|100%| O|  |TAMS 0x00000000ff000000| PB 0x00000000ff000000| Untracked |  0
|2033|0x00000000ff100000, 0x00000000ff200000, 0x00000000ff200000|100%| O|  |TAMS 0x00000000ff100000| PB 0x00000000ff100000| Untracked |  0
|2034|0x00000000ff200000, 0x00000000ff300000, 0x00000000ff300000|100%| O|  |TAMS 0x00000000ff200000| PB 0x00000000ff200000| Untracked |  0
|2035|0x00000000ff300000, 0x00000000ff400000, 0x00000000ff400000|100%| O|  |TAMS 0x00000000ff300000| PB 0x00000000ff300000| Untracked |  0
|2036|0x00000000ff400000, 0x00000000ff500000, 0x00000000ff500000|100%| O|  |TAMS 0x00000000ff400000| PB 0x00000000ff400000| Untracked |  0
|2037|0x00000000ff500000, 0x00000000ff600000, 0x00000000ff600000|100%| O|  |TAMS 0x00000000ff500000| PB 0x00000000ff500000| Untracked |  0
|2038|0x00000000ff600000, 0x00000000ff700000, 0x00000000ff700000|100%| O|  |TAMS 0x00000000ff600000| PB 0x00000000ff600000| Untracked |  0
|2039|0x00000000ff700000, 0x00000000ff800000, 0x00000000ff800000|100%| O|  |TAMS 0x00000000ff700000| PB 0x00000000ff700000| Untracked |  0
|2040|0x00000000ff800000, 0x00000000ff900000, 0x00000000ff900000|100%| E|CS|TAMS 0x00000000ff800000| PB 0x00000000ff800000| Complete |  0
|2041|0x00000000ff900000, 0x00000000ffa00000, 0x00000000ffa00000|100%| O|  |TAMS 0x00000000ff900000| PB 0x00000000ff900000| Untracked |  0
|2042|0x00000000ffa00000, 0x00000000ffb00000, 0x00000000ffb00000|100%| E|CS|TAMS 0x00000000ffa00000| PB 0x00000000ffa00000| Complete |  0
|2043|0x00000000ffb00000, 0x00000000ffc00000, 0x00000000ffc00000|100%| E|CS|TAMS 0x00000000ffb00000| PB 0x00000000ffb00000| Complete |  0
|2044|0x00000000ffc00000, 0x00000000ffd00000, 0x00000000ffd00000|100%| O|  |TAMS 0x00000000ffc00000| PB 0x00000000ffc00000| Untracked |  0
|2045|0x00000000ffd00000, 0x00000000ffe00000, 0x00000000ffe00000|100%| O|  |TAMS 0x00000000ffd00000| PB 0x00000000ffd00000| Untracked |  0
|2046|0x00000000ffe00000, 0x00000000fff00000, 0x00000000fff00000|100%| O|  |TAMS 0x00000000ffe00000| PB 0x00000000ffe00000| Untracked |  0
|2047|0x00000000fff00000, 0x0000000100000000, 0x0000000100000000|100%| O|  |TAMS 0x00000000fff00000| PB 0x00000000fff00000| Untracked |  0

Card table byte_map: [0x000001af2d440000,0x000001af2d840000] _byte_map_base: 0x000001af2d040000

Marking Bits: (CMBitMap*) 0x000001af13ae9b80
 Bits: [0x000001af2d840000, 0x000001af2f840000)

Polling page: 0x000001af13830000

Metaspace:

Usage:
  Non-class:    106.18 MB used.
      Class:     16.12 MB used.
       Both:    122.30 MB used.

Virtual space:
  Non-class space:      128.00 MB reserved,     107.50 MB ( 84%) committed,  2 nodes.
      Class space:      416.00 MB reserved,      17.25 MB (  4%) committed,  1 nodes.
             Both:      544.00 MB reserved,     124.75 MB ( 23%) committed. 

Chunk freelists:
   Non-Class:  4.03 MB
       Class:  14.57 MB
        Both:  18.60 MB

MaxMetaspaceSize: 512.00 MB
CompressedClassSpaceSize: 416.00 MB
Initial GC threshold: 21.00 MB
Current GC threshold: 190.25 MB
CDS: on
 - commit_granule_bytes: 65536.
 - commit_granule_words: 8192.
 - virtual_space_node_default_size: 8388608.
 - enlarge_chunks_in_place: 1.
 - use_allocation_guard: 0.


Internal statistics:

num_allocs_failed_limit: 9.
num_arena_births: 4470.
num_arena_deaths: 0.
num_vsnodes_births: 3.
num_vsnodes_deaths: 0.
num_space_committed: 1995.
num_space_uncommitted: 0.
num_chunks_returned_to_freelist: 9.
num_chunks_taken_from_freelist: 9593.
num_chunk_merges: 9.
num_chunk_splits: 6746.
num_chunks_enlarged: 4730.
num_inconsistent_stats: 0.

CodeHeap 'non-profiled nmethods': size=120000Kb used=6938Kb max_used=6938Kb free=113061Kb
 bounds [0x000001af24e60000, 0x000001af25530000, 0x000001af2c390000]
CodeHeap 'profiled nmethods': size=120000Kb used=25960Kb max_used=25960Kb free=94039Kb
 bounds [0x000001af1d390000, 0x000001af1ecf0000, 0x000001af248c0000]
CodeHeap 'non-nmethods': size=5760Kb used=2362Kb max_used=2398Kb free=3397Kb
 bounds [0x000001af248c0000, 0x000001af24b30000, 0x000001af24e60000]
 total_blobs=13732 nmethods=12709 adapters=925
 compilation: enabled
              stopped_count=0, restarted_count=0
 full_count=0

Compilation events (20 events):
Event: 20.818 Thread 0x000001af31ddf200 nmethod 14693 0x000001af25525210 code [0x000001af25525380, 0x000001af25525418]
Event: 20.830 Thread 0x000001af31ddf200 14694   !   4       com.google.common.reflect.TypeVisitor::visit (225 bytes)
Event: 20.830 Thread 0x000001af31de1660 14695       3       sun.reflect.generics.reflectiveObjects.WildcardTypeImpl::getLowerBounds (36 bytes)
Event: 20.830 Thread 0x000001af31de1660 nmethod 14695 0x000001af1ecda490 code [0x000001af1ecda660, 0x000001af1ecdac60]
Event: 20.830 Thread 0x000001af31de1660 14696       3       java.lang.reflect.Method::hashCode (19 bytes)
Event: 20.831 Thread 0x000001af31de1660 nmethod 14696 0x000001af1ecdad90 code [0x000001af1ecdaf60, 0x000001af1ecdb200]
Event: 20.831 Thread 0x000001af31de1660 14697       3       com.google.common.collect.LinkedHashMultimap$ValueSet::iterator (9 bytes)
Event: 20.831 Thread 0x000001af31de1660 nmethod 14697 0x000001af1ecdb390 code [0x000001af1ecdb540, 0x000001af1ecdb850]
Event: 20.831 Thread 0x000001af31de1660 14698       3       com.google.common.collect.LinkedHashMultimap$ValueSet$1::<init> (32 bytes)
Event: 20.831 Thread 0x000001af31de1660 nmethod 14698 0x000001af1ecdb990 code [0x000001af1ecdbb40, 0x000001af1ecdbd98]
Event: 20.831 Thread 0x000001af31de1660 14699       3       org.gradle.internal.instantiation.generator.AsmBackedClassGenerator$ClassBuilderImpl::addActionMethod (108 bytes)
Event: 20.832 Thread 0x000001af31de1660 nmethod 14699 0x000001af1ecdbe90 code [0x000001af1ecdc180, 0x000001af1ecdd5d0]
Event: 20.876 Thread 0x000001af31de1660 14702       3       java.util.jar.Manifest::toLower (24 bytes)
Event: 20.876 Thread 0x000001af31de1660 nmethod 14702 0x000001af1ecddb90 code [0x000001af1ecddd20, 0x000001af1ecddea8]
Event: 20.876 Thread 0x000001af31de1660 14704       3       java.util.jar.Manifest::parseName (84 bytes)
Event: 20.876 Thread 0x000001af31de1660 nmethod 14704 0x000001af1ecddf10 code [0x000001af1ecde120, 0x000001af1ecde840]
Event: 20.877 Thread 0x000001af31de1660 14705       3       java.util.jar.Manifest$FastInputStream::readLine (296 bytes)
Event: 20.877 Thread 0x000001af31de1660 nmethod 14705 0x000001af1ecdea90 code [0x000001af1ecdecc0, 0x000001af1ecdf528]
Event: 20.881 Thread 0x000001af31de1660 14707       3       sun.security.util.ManifestDigester::findSection (181 bytes)
Event: 21.886 Thread 0x000001af31de1660 nmethod 14707 0x000001af1ecdf890 code [0x000001af1ecdfa60, 0x000001af1ecdfec8]

GC Heap History (20 events):
Event: 13.161 GC heap before
{Heap before GC invocations=30 (full 0):
 garbage-first heap   total reserved 2097152K, committed 158720K, used 145090K [0x0000000080000000, 0x0000000100000000)
  region size 1024K, 50 young (51200K), 4 survivors (4096K)
 Metaspace       used 109116K, committed 111488K, reserved 557056K
  class space    used 14678K, committed 15808K, reserved 425984K
}
Event: 13.168 GC heap after
{Heap after GC invocations=31 (full 0):
 garbage-first heap   total reserved 2097152K, committed 158720K, used 94370K [0x0000000080000000, 0x0000000100000000)
  region size 1024K, 7 young (7168K), 7 survivors (7168K)
 Metaspace       used 109116K, committed 111488K, reserved 557056K
  class space    used 14678K, committed 15808K, reserved 425984K
}
Event: 14.250 GC heap before
{Heap before GC invocations=31 (full 0):
 garbage-first heap   total reserved 2097152K, committed 158720K, used 141474K [0x0000000080000000, 0x0000000100000000)
  region size 1024K, 53 young (54272K), 7 survivors (7168K)
 Metaspace       used 111943K, committed 114304K, reserved 557056K
  class space    used 14979K, committed 16128K, reserved 425984K
}
Event: 14.258 GC heap after
{Heap after GC invocations=32 (full 0):
 garbage-first heap   total reserved 2097152K, committed 158720K, used 100870K [0x0000000080000000, 0x0000000100000000)
  region size 1024K, 7 young (7168K), 7 survivors (7168K)
 Metaspace       used 111943K, committed 114304K, reserved 557056K
  class space    used 14979K, committed 16128K, reserved 425984K
}
Event: 14.727 GC heap before
{Heap before GC invocations=33 (full 0):
 garbage-first heap   total reserved 2097152K, committed 168960K, used 138758K [0x0000000080000000, 0x0000000100000000)
  region size 1024K, 46 young (47104K), 7 survivors (7168K)
 Metaspace       used 112831K, committed 115264K, reserved 557056K
  class space    used 15099K, committed 16256K, reserved 425984K
}
Event: 14.733 GC heap after
{Heap after GC invocations=34 (full 0):
 garbage-first heap   total reserved 2097152K, committed 168960K, used 106122K [0x0000000080000000, 0x0000000100000000)
  region size 1024K, 6 young (6144K), 6 survivors (6144K)
 Metaspace       used 112831K, committed 115264K, reserved 557056K
  class space    used 15099K, committed 16256K, reserved 425984K
}
Event: 14.950 GC heap before
{Heap before GC invocations=34 (full 0):
 garbage-first heap   total reserved 2097152K, committed 168960K, used 151178K [0x0000000080000000, 0x0000000100000000)
  region size 1024K, 51 young (52224K), 6 survivors (6144K)
 Metaspace       used 113252K, committed 115648K, reserved 557056K
  class space    used 15123K, committed 16256K, reserved 425984K
}
Event: 14.956 GC heap after
{Heap after GC invocations=35 (full 0):
 garbage-first heap   total reserved 2097152K, committed 202752K, used 98501K [0x0000000080000000, 0x0000000100000000)
  region size 1024K, 4 young (4096K), 4 survivors (4096K)
 Metaspace       used 113252K, committed 115648K, reserved 557056K
  class space    used 15123K, committed 16256K, reserved 425984K
}
Event: 15.229 GC heap before
{Heap before GC invocations=35 (full 0):
 garbage-first heap   total reserved 2097152K, committed 202752K, used 175301K [0x0000000080000000, 0x0000000100000000)
  region size 1024K, 80 young (81920K), 4 survivors (4096K)
 Metaspace       used 113383K, committed 115712K, reserved 557056K
  class space    used 15123K, committed 16256K, reserved 425984K
}
Event: 15.233 GC heap after
{Heap after GC invocations=36 (full 0):
 garbage-first heap   total reserved 2097152K, committed 202752K, used 99979K [0x0000000080000000, 0x0000000100000000)
  region size 1024K, 6 young (6144K), 6 survivors (6144K)
 Metaspace       used 113383K, committed 115712K, reserved 557056K
  class space    used 15123K, committed 16256K, reserved 425984K
}
Event: 15.389 GC heap before
{Heap before GC invocations=36 (full 0):
 garbage-first heap   total reserved 2097152K, committed 202752K, used 121483K [0x0000000080000000, 0x0000000100000000)
  region size 1024K, 28 young (28672K), 6 survivors (6144K)
 Metaspace       used 113544K, committed 115904K, reserved 557056K
  class space    used 15145K, committed 16320K, reserved 425984K
}
Event: 15.393 GC heap after
{Heap after GC invocations=37 (full 0):
 garbage-first heap   total reserved 2097152K, committed 202752K, used 100698K [0x0000000080000000, 0x0000000100000000)
  region size 1024K, 6 young (6144K), 6 survivors (6144K)
 Metaspace       used 113544K, committed 115904K, reserved 557056K
  class space    used 15145K, committed 16320K, reserved 425984K
}
Event: 15.918 GC heap before
{Heap before GC invocations=38 (full 0):
 garbage-first heap   total reserved 2097152K, committed 202752K, used 199002K [0x0000000080000000, 0x0000000100000000)
  region size 1024K, 85 young (87040K), 6 survivors (6144K)
 Metaspace       used 113616K, committed 116096K, reserved 557056K
  class space    used 15145K, committed 16320K, reserved 425984K
}
Event: 15.935 GC heap after
{Heap after GC invocations=39 (full 0):
 garbage-first heap   total reserved 2097152K, committed 227328K, used 130283K [0x0000000080000000, 0x0000000100000000)
  region size 1024K, 11 young (11264K), 11 survivors (11264K)
 Metaspace       used 113616K, committed 116096K, reserved 557056K
  class space    used 15145K, committed 16320K, reserved 425984K
}
Event: 16.442 GC heap before
{Heap before GC invocations=39 (full 0):
 garbage-first heap   total reserved 2097152K, committed 227328K, used 199915K [0x0000000080000000, 0x0000000100000000)
  region size 1024K, 76 young (77824K), 11 survivors (11264K)
 Metaspace       used 114429K, committed 116800K, reserved 557056K
  class space    used 15214K, committed 16384K, reserved 425984K
}
Event: 16.450 GC heap after
{Heap after GC invocations=40 (full 0):
 garbage-first heap   total reserved 2097152K, committed 227328K, used 131654K [0x0000000080000000, 0x0000000100000000)
  region size 1024K, 9 young (9216K), 9 survivors (9216K)
 Metaspace       used 114429K, committed 116800K, reserved 557056K
  class space    used 15214K, committed 16384K, reserved 425984K
}
Event: 16.513 GC heap before
{Heap before GC invocations=40 (full 0):
 garbage-first heap   total reserved 2097152K, committed 227328K, used 134726K [0x0000000080000000, 0x0000000100000000)
  region size 1024K, 13 young (13312K), 9 survivors (9216K)
 Metaspace       used 114459K, committed 116864K, reserved 557056K
  class space    used 15218K, committed 16384K, reserved 425984K
}
Event: 16.516 GC heap after
{Heap after GC invocations=41 (full 0):
 garbage-first heap   total reserved 2097152K, committed 227328K, used 135658K [0x0000000080000000, 0x0000000100000000)
  region size 1024K, 4 young (4096K), 4 survivors (4096K)
 Metaspace       used 114459K, committed 116864K, reserved 557056K
  class space    used 15218K, committed 16384K, reserved 425984K
}
Event: 18.238 GC heap before
{Heap before GC invocations=42 (full 0):
 garbage-first heap   total reserved 2097152K, committed 230400K, used 200170K [0x0000000080000000, 0x0000000100000000)
  region size 1024K, 64 young (65536K), 4 survivors (4096K)
 Metaspace       used 119555K, committed 122048K, reserved 557056K
  class space    used 15785K, committed 16960K, reserved 425984K
}
Event: 18.241 GC heap after
{Heap after GC invocations=43 (full 0):
 garbage-first heap   total reserved 2097152K, committed 230400K, used 141187K [0x0000000080000000, 0x0000000100000000)
  region size 1024K, 6 young (6144K), 6 survivors (6144K)
 Metaspace       used 119555K, committed 122048K, reserved 557056K
  class space    used 15785K, committed 16960K, reserved 425984K
}

Dll operation events (15 events):
Event: 0.017 Loaded shared library C:\Program Files\Java\jdk-22\bin\java.dll
Event: 0.049 Loaded shared library C:\Program Files\Java\jdk-22\bin\jsvml.dll
Event: 0.098 Loaded shared library C:\Program Files\Java\jdk-22\bin\zip.dll
Event: 0.102 Loaded shared library C:\Program Files\Java\jdk-22\bin\instrument.dll
Event: 0.107 Loaded shared library C:\Program Files\Java\jdk-22\bin\net.dll
Event: 0.110 Loaded shared library C:\Program Files\Java\jdk-22\bin\nio.dll
Event: 0.112 Loaded shared library C:\Program Files\Java\jdk-22\bin\zip.dll
Event: 0.351 Loaded shared library C:\Program Files\Java\jdk-22\bin\jimage.dll
Event: 0.468 Loaded shared library C:\Program Files\Java\jdk-22\bin\verify.dll
Event: 0.537 Loaded shared library C:\Users\LENOVO\.gradle\native\1def1411415f61bf3af743bc5b6707747c0891f09f0c88961ee8f79bc544acac\windows-amd64\native-platform.dll
Event: 0.550 Loaded shared library C:\Users\LENOVO\.gradle\native\0.2.7\x86_64-windows-gnu\gradle-fileevents.dll
Event: 1.554 Loaded shared library C:\Program Files\Java\jdk-22\bin\management.dll
Event: 1.557 Loaded shared library C:\Program Files\Java\jdk-22\bin\management_ext.dll
Event: 1.667 Loaded shared library C:\Program Files\Java\jdk-22\bin\extnet.dll
Event: 1.858 Loaded shared library C:\Program Files\Java\jdk-22\bin\sunmscapi.dll

Deoptimization events (20 events):
Event: 20.875 Thread 0x000001af538311d0 DEOPT PACKING pc=0x000001af250dbc60 sp=0x0000005211ef3090
Event: 20.875 Thread 0x000001af538311d0 DEOPT UNPACKING pc=0x000001af249146a2 sp=0x0000005211ef2ed8 mode 2
Event: 20.876 Thread 0x000001af538311d0 DEOPT PACKING pc=0x000001af1d813d7d sp=0x0000005211ef2b10
Event: 20.876 Thread 0x000001af538311d0 DEOPT UNPACKING pc=0x000001af24914e42 sp=0x0000005211ef20d0 mode 0
Event: 20.876 Thread 0x000001af538311d0 Uncommon trap: trap_request=0xffffff45 fr.pc=0x000001af24ec9d1c relative=0x00000000000006bc
Event: 20.876 Thread 0x000001af538311d0 Uncommon trap: reason=unstable_if action=reinterpret pc=0x000001af24ec9d1c method=java.util.jar.Manifest$FastInputStream.readLine([BII)I @ 130 c2
Event: 20.876 Thread 0x000001af538311d0 DEOPT PACKING pc=0x000001af24ec9d1c sp=0x0000005211ef2a90
Event: 20.876 Thread 0x000001af538311d0 DEOPT UNPACKING pc=0x000001af249146a2 sp=0x0000005211ef2a20 mode 2
Event: 20.877 Thread 0x000001af538311d0 DEOPT PACKING pc=0x000001af1ecdf3da sp=0x0000005211ef2c60
Event: 20.877 Thread 0x000001af538311d0 DEOPT UNPACKING pc=0x000001af24914e42 sp=0x0000005211ef20f0 mode 0
Event: 20.877 Thread 0x000001af538311d0 DEOPT PACKING pc=0x000001af1d813d7d sp=0x0000005211ef2b10
Event: 20.877 Thread 0x000001af538311d0 DEOPT UNPACKING pc=0x000001af24914e42 sp=0x0000005211ef20d0 mode 0
Event: 20.877 Thread 0x000001af538311d0 DEOPT PACKING pc=0x000001af1ecdf3da sp=0x0000005211ef2c60
Event: 20.877 Thread 0x000001af538311d0 DEOPT UNPACKING pc=0x000001af24914e42 sp=0x0000005211ef20f0 mode 0
Event: 20.877 Thread 0x000001af538311d0 DEOPT PACKING pc=0x000001af1ecdf3da sp=0x0000005211ef2c60
Event: 20.877 Thread 0x000001af538311d0 DEOPT UNPACKING pc=0x000001af24914e42 sp=0x0000005211ef20f0 mode 0
Event: 20.877 Thread 0x000001af538311d0 DEOPT PACKING pc=0x000001af1ecdf3da sp=0x0000005211ef2a90
Event: 20.877 Thread 0x000001af538311d0 DEOPT UNPACKING pc=0x000001af24914e42 sp=0x0000005211ef1f20 mode 0
Event: 20.877 Thread 0x000001af538311d0 DEOPT PACKING pc=0x000001af1ecdf3da sp=0x0000005211ef2a90
Event: 20.877 Thread 0x000001af538311d0 DEOPT UNPACKING pc=0x000001af24914e42 sp=0x0000005211ef1f20 mode 0

Classes loaded (20 events):
Event: 20.594 Loading class javax/xml/parsers/DocumentBuilderFactory
Event: 20.594 Loading class javax/xml/parsers/DocumentBuilderFactory done
Event: 20.594 Loading class javax/xml/parsers/FactoryFinder
Event: 20.595 Loading class javax/xml/parsers/FactoryFinder done
Event: 20.595 Loading class javax/xml/parsers/FactoryFinder$1
Event: 20.595 Loading class javax/xml/parsers/FactoryFinder$1 done
Event: 20.595 Loading class com/sun/org/apache/xerces/internal/jaxp/DocumentBuilderFactoryImpl
Event: 20.596 Loading class com/sun/org/apache/xerces/internal/jaxp/DocumentBuilderFactoryImpl done
Event: 20.639 Loading class java/util/regex/Pattern$SliceI
Event: 20.639 Loading class java/util/regex/Pattern$SliceI done
Event: 20.874 Loading class java/security/KeyStore$ProtectionParameter
Event: 20.875 Loading class java/security/KeyStore$ProtectionParameter done
Event: 20.878 Loading class sun/security/util/ManifestDigester
Event: 20.878 Loading class sun/security/util/ManifestDigester done
Event: 20.878 Loading class sun/security/util/ManifestDigester$Position
Event: 20.880 Loading class sun/security/util/ManifestDigester$Position done
Event: 20.880 Loading class sun/security/util/ManifestDigester$Entry
Event: 20.881 Loading class sun/security/util/ManifestDigester$Entry done
Event: 20.881 Loading class sun/security/util/ManifestDigester$Section
Event: 20.881 Loading class sun/security/util/ManifestDigester$Section done

Classes unloaded (0 events):
No events

Classes redefined (0 events):
No events

Internal exceptions (20 events):
Event: 13.755 Thread 0x000001af538311d0 Exception <a 'java/lang/NoSuchMethodError'{0x000000008779aea8}: 'void java.lang.invoke.DirectMethodHandle$Holder.invokeSpecial(java.lang.Object, java.lang.Object, java.lang.Object, int)'> (0x000000008779aea8) 
thrown [s\open\src\hotspot\share\interpreter\linkResolver.cpp, line 774]
Event: 13.885 Thread 0x000001af538311d0 Exception <a 'java/lang/NoSuchMethodError'{0x00000000873c5e48}: 'int java.lang.invoke.DirectMethodHandle$Holder.invokeSpecialIFC(java.lang.Object, java.lang.Object, java.lang.Object)'> (0x00000000873c5e48) 
thrown [s\open\src\hotspot\share\interpreter\linkResolver.cpp, line 774]
Event: 13.951 Thread 0x000001af538311d0 Exception <a 'java/lang/NoSuchMethodError'{0x0000000086f41450}: 'void java.lang.invoke.DirectMethodHandle$Holder.invokeStatic(java.lang.Object, java.lang.Object, java.lang.Object, int, java.lang.Object)'> (0x0000000086f41450) 
thrown [s\open\src\hotspot\share\interpreter\linkResolver.cpp, line 774]
Event: 14.425 Thread 0x000001af538311d0 Exception <a 'java/lang/IncompatibleClassChangeError'{0x00000000899a8480}: Found class java.lang.Object, but interface was expected> (0x00000000899a8480) 
thrown [s\open\src\hotspot\share\interpreter\linkResolver.cpp, line 841]
Event: 14.841 Thread 0x000001af538311d0 Exception <a 'java/lang/NoSuchMethodError'{0x0000000089081210}: 'java.lang.Object java.lang.invoke.DirectMethodHandle$Holder.invokeSpecialIFC(java.lang.Object, java.lang.Object, java.lang.Object)'> (0x0000000089081210) 
thrown [s\open\src\hotspot\share\interpreter\linkResolver.cpp, line 774]
Event: 15.372 Thread 0x000001af538311d0 Exception <a 'sun/nio/fs/WindowsException'{0x000000008b0d14c0}> (0x000000008b0d14c0) 
thrown [s\open\src\hotspot\share\prims\jni.cpp, line 520]
Event: 15.372 Thread 0x000001af538311d0 Exception <a 'sun/nio/fs/WindowsException'{0x000000008b0d2fc0}> (0x000000008b0d2fc0) 
thrown [s\open\src\hotspot\share\prims\jni.cpp, line 520]
Event: 16.315 Thread 0x000001af538311d0 Exception <a 'sun/nio/fs/WindowsException'{0x0000000088433a58}> (0x0000000088433a58) 
thrown [s\open\src\hotspot\share\prims\jni.cpp, line 520]
Event: 16.315 Thread 0x000001af538311d0 Exception <a 'sun/nio/fs/WindowsException'{0x0000000088435420}> (0x0000000088435420) 
thrown [s\open\src\hotspot\share\prims\jni.cpp, line 520]
Event: 16.318 Thread 0x000001af538311d0 Exception <a 'sun/nio/fs/WindowsException'{0x0000000088444218}> (0x0000000088444218) 
thrown [s\open\src\hotspot\share\prims\jni.cpp, line 520]
Event: 16.320 Thread 0x000001af538311d0 Exception <a 'sun/nio/fs/WindowsException'{0x000000008844c808}> (0x000000008844c808) 
thrown [s\open\src\hotspot\share\prims\jni.cpp, line 520]
Event: 16.324 Thread 0x000001af538311d0 Exception <a 'sun/nio/fs/WindowsException'{0x000000008845f280}> (0x000000008845f280) 
thrown [s\open\src\hotspot\share\prims\jni.cpp, line 520]
Event: 16.345 Thread 0x000001af538311d0 Implicit null exception at 0x000001af2539d0bd to 0x000001af2539d544
Event: 16.345 Thread 0x000001af538311d0 Implicit null exception at 0x000001af2539c4bf to 0x000001af2539c944
Event: 16.409 Thread 0x000001af538311d0 Exception <a 'java/lang/NoSuchMethodError'{0x0000000088189968}: 'void java.lang.invoke.Invokers$Holder.invoke_MT(java.lang.Object, java.lang.Object, java.lang.Object, java.lang.Object)'> (0x0000000088189968) 
thrown [s\open\src\hotspot\share\interpreter\linkResolver.cpp, line 774]
Event: 16.414 Thread 0x000001af538311d0 Exception <a 'java/lang/NoSuchMethodError'{0x00000000881c19b8}: 'java.lang.Object java.lang.invoke.DirectMethodHandle$Holder.invokeStaticInit(java.lang.Object, java.lang.Object, java.lang.Object, java.lang.Object, java.lang.Object, java.lang.Object, java.lang.Object)'> (0x00000000881c19b8) 
thrown [s\open\src\hotspot\share\interpreter\linkResolver.cpp, line 774]
Event: 16.564 Thread 0x000001af538311d0 Exception <a 'java/lang/ClassNotFoundException'{0x00000000ff892798}: sun/misc/SharedSecrets> (0x00000000ff892798) 
thrown [s\open\src\hotspot\share\classfile\systemDictionary.cpp, line 313]
Event: 16.564 Thread 0x000001af538311d0 Exception <a 'java/lang/ClassNotFoundException'{0x00000000ff893db0}: org/gradle/api/internal/plugins/DefaultObjectConfigurationActionBeanInfo> (0x00000000ff893db0) 
thrown [s\open\src\hotspot\share\classfile\systemDictionary.cpp, line 313]
Event: 16.566 Thread 0x000001af538311d0 Exception <a 'java/lang/ClassNotFoundException'{0x00000000ff8a7810}: org/gradle/api/internal/plugins/DefaultObjectConfigurationActionCustomizer> (0x00000000ff8a7810) 
thrown [s\open\src\hotspot\share\classfile\systemDictionary.cpp, line 313]
Event: 17.950 Thread 0x000001af538311d0 Exception <a 'java/lang/NoSuchMethodError'{0x000000008a43f008}: 'int java.lang.invoke.DirectMethodHandle$Holder.invokeSpecialIFC(java.lang.Object, java.lang.Object, java.lang.Object, java.lang.Object, java.lang.Object)'> (0x000000008a43f008) 
thrown [s\open\src\hotspot\share\interpreter\linkResolver.cpp, line 774]

ZGC Phase Switch (0 events):
No events

VM Operations (20 events):
Event: 16.516 Executing VM operation: G1TryInitiateConcMark (G1 Humongous Allocation) done
Event: 16.566 Executing VM operation: G1PauseRemark
Event: 17.583 Executing VM operation: G1PauseRemark done
Event: 17.606 Executing VM operation: G1PauseCleanup
Event: 17.606 Executing VM operation: G1PauseCleanup done
Event: 18.238 Executing VM operation: G1CollectForAllocation (G1 Evacuation Pause)
Event: 18.241 Executing VM operation: G1CollectForAllocation (G1 Evacuation Pause) done
Event: 18.315 Executing VM operation: HandshakeAllThreads (Deoptimize)
Event: 18.315 Executing VM operation: HandshakeAllThreads (Deoptimize) done
Event: 18.364 Executing VM operation: HandshakeAllThreads (Deoptimize)
Event: 18.364 Executing VM operation: HandshakeAllThreads (Deoptimize) done
Event: 19.378 Executing VM operation: Cleanup
Event: 19.520 Executing VM operation: Cleanup done
Event: 19.526 Executing VM operation: HandshakeAllThreads (Deoptimize)
Event: 19.526 Executing VM operation: HandshakeAllThreads (Deoptimize) done
Event: 20.618 Executing VM operation: HandshakeAllThreads (Deoptimize)
Event: 20.618 Executing VM operation: HandshakeAllThreads (Deoptimize) done
Event: 20.618 Executing VM operation: Cleanup
Event: 20.618 Executing VM operation: Cleanup done
Event: 21.620 Executing VM operation: Cleanup

Events (20 events):
Event: 16.572 Thread 0x000001af31da7a40 flushing nmethod 0x000001af1e79b590
Event: 16.572 Thread 0x000001af31da7a40 flushing nmethod 0x000001af24f20f90
Event: 16.572 Thread 0x000001af31da7a40 flushing nmethod 0x000001af1d3ad390
Event: 16.572 Thread 0x000001af31da7a40 flushing nmethod 0x000001af1d3ad710
Event: 16.572 Thread 0x000001af31da7a40 flushing nmethod 0x000001af1d3b0490
Event: 16.572 Thread 0x000001af31da7a40 flushing nmethod 0x000001af1d51a890
Event: 16.572 Thread 0x000001af31da7a40 flushing nmethod 0x000001af1d73e990
Event: 16.572 Thread 0x000001af31da7a40 flushing nmethod 0x000001af1d73ef90
Event: 16.572 Thread 0x000001af31da7a40 flushing nmethod 0x000001af1d790890
Event: 16.572 Thread 0x000001af31da7a40 flushing nmethod 0x000001af1d7d1b90
Event: 16.572 Thread 0x000001af31da7a40 flushing nmethod 0x000001af1d7e4490
Event: 16.572 Thread 0x000001af31da7a40 flushing nmethod 0x000001af1d910d90
Event: 16.572 Thread 0x000001af31da7a40 flushing nmethod 0x000001af1da21590
Event: 16.572 Thread 0x000001af31da7a40 flushing nmethod 0x000001af1da22610
Event: 16.572 Thread 0x000001af31da7a40 flushing nmethod 0x000001af1db18f90
Event: 16.572 Thread 0x000001af31da7a40 flushing nmethod 0x000001af1e744290
Event: 16.572 Thread 0x000001af31da7a40 flushing nmethod 0x000001af1e76da10
Event: 16.572 Thread 0x000001af31da7a40 flushing nmethod 0x000001af1e93f790
Event: 17.584 Thread 0x000001af5fd6bbc0 Thread exited: 0x000001af5fd6bbc0
Event: 20.702 Thread 0x000001af576de8c0 Thread added: 0x000001af576de8c0


Dynamic libraries:
0x00007ff72d370000 - 0x00007ff72d380000 	C:\Program Files\Java\jdk-22\bin\java.exe
0x00007fff66de0000 - 0x00007fff67047000 	C:\WINDOWS\SYSTEM32\ntdll.dll
0x00007fff66370000 - 0x00007fff66439000 	C:\WINDOWS\System32\KERNEL32.DLL
0x00007fff64200000 - 0x00007fff645ef000 	C:\WINDOWS\System32\KERNELBASE.dll
0x00007fff64a30000 - 0x00007fff64b7b000 	C:\WINDOWS\System32\ucrtbase.dll
0x00007fff1fc10000 - 0x00007fff1fc27000 	C:\Program Files\Java\jdk-22\bin\jli.dll
0x00007fff21140000 - 0x00007fff2115b000 	C:\Program Files\Java\jdk-22\bin\VCRUNTIME140.dll
0x00007fff650b0000 - 0x00007fff65164000 	C:\WINDOWS\System32\ADVAPI32.dll
0x00007fff65620000 - 0x00007fff656c9000 	C:\WINDOWS\System32\msvcrt.dll
0x00007fff65810000 - 0x00007fff658b6000 	C:\WINDOWS\System32\sechost.dll
0x00007fff64f90000 - 0x00007fff650a8000 	C:\WINDOWS\System32\RPCRT4.dll
0x00007fff65450000 - 0x00007fff65615000 	C:\WINDOWS\System32\USER32.dll
0x00007fff63130000 - 0x00007fff633c3000 	C:\WINDOWS\WinSxS\amd64_microsoft.windows.common-controls_6595b64144ccf1df_6.0.26100.7309_none_3e05feeae336a044\COMCTL32.dll
0x00007fff640a0000 - 0x00007fff640c7000 	C:\WINDOWS\System32\win32u.dll
0x00007fff658c0000 - 0x00007fff658eb000 	C:\WINDOWS\System32\GDI32.dll
0x00007fff640d0000 - 0x00007fff641fc000 	C:\WINDOWS\System32\gdi32full.dll
0x00007fff648f0000 - 0x00007fff64993000 	C:\WINDOWS\System32\msvcp_win.dll
0x00007fff5b300000 - 0x00007fff5b30b000 	C:\WINDOWS\SYSTEM32\VERSION.dll
0x00007fff65bc0000 - 0x00007fff65bf1000 	C:\WINDOWS\System32\IMM32.DLL
0x00007fff56c90000 - 0x00007fff56c9c000 	C:\Program Files\Java\jdk-22\bin\vcruntime140_1.dll
0x00007fff130f0000 - 0x00007fff1317e000 	C:\Program Files\Java\jdk-22\bin\msvcp140.dll
0x00007ffea2e60000 - 0x00007ffea3ba7000 	C:\Program Files\Java\jdk-22\bin\server\jvm.dll
0x00007fff65ca0000 - 0x00007fff65d14000 	C:\WINDOWS\System32\WS2_32.dll
0x00007fff63db0000 - 0x00007fff63e0e000 	C:\WINDOWS\SYSTEM32\POWRPROF.dll
0x00007fff5ac90000 - 0x00007fff5acc5000 	C:\WINDOWS\SYSTEM32\WINMM.dll
0x00007fff63d90000 - 0x00007fff63da4000 	C:\WINDOWS\SYSTEM32\UMPDC.dll
0x00007fff623b0000 - 0x00007fff623cb000 	C:\WINDOWS\SYSTEM32\kernel.appcore.dll
0x00007fff3c0f0000 - 0x00007fff3c0fa000 	C:\Program Files\Java\jdk-22\bin\jimage.dll
0x00007fff63800000 - 0x00007fff63a42000 	C:\WINDOWS\SYSTEM32\DBGHELP.DLL
0x00007fff64b80000 - 0x00007fff64f05000 	C:\WINDOWS\System32\combase.dll
0x00007fff658f0000 - 0x00007fff659c6000 	C:\WINDOWS\System32\OLEAUT32.dll
0x00007fff635d0000 - 0x00007fff6360c000 	C:\WINDOWS\SYSTEM32\dbgcore.DLL
0x00007fff64780000 - 0x00007fff64825000 	C:\WINDOWS\System32\bcryptPrimitives.dll
0x00007fff25350000 - 0x00007fff2535f000 	C:\Program Files\Java\jdk-22\bin\instrument.dll
0x00007fff1dc90000 - 0x00007fff1dcae000 	C:\Program Files\Java\jdk-22\bin\java.dll
0x00007fff66440000 - 0x00007fff66b93000 	C:\WINDOWS\System32\SHELL32.dll
0x00007fff63f30000 - 0x00007fff6409a000 	C:\WINDOWS\System32\wintypes.dll
0x00007fff66ba0000 - 0x00007fff66d37000 	C:\WINDOWS\System32\ole32.dll
0x00007fff61070000 - 0x00007fff618ce000 	C:\WINDOWS\SYSTEM32\windows.storage.dll
0x00007fff65d60000 - 0x00007fff65e55000 	C:\WINDOWS\System32\SHCORE.dll
0x00007fff66300000 - 0x00007fff66366000 	C:\WINDOWS\System32\shlwapi.dll
0x00007fff63e50000 - 0x00007fff63e79000 	C:\WINDOWS\SYSTEM32\profapi.dll
0x00007fff13010000 - 0x00007fff130e7000 	C:\Program Files\Java\jdk-22\bin\jsvml.dll
0x00007fff19620000 - 0x00007fff19637000 	C:\Program Files\Java\jdk-22\bin\zip.dll
0x00007fff2f510000 - 0x00007fff2f520000 	C:\Program Files\Java\jdk-22\bin\net.dll
0x00007fff628e0000 - 0x00007fff6294b000 	C:\WINDOWS\system32\mswsock.dll
0x00007fff1c180000 - 0x00007fff1c196000 	C:\Program Files\Java\jdk-22\bin\nio.dll
0x00007fff27b80000 - 0x00007fff27b90000 	C:\Program Files\Java\jdk-22\bin\verify.dll
0x00007fff195f0000 - 0x00007fff19617000 	C:\Users\LENOVO\.gradle\native\1def1411415f61bf3af743bc5b6707747c0891f09f0c88961ee8f79bc544acac\windows-amd64\native-platform.dll
0x00007ffefcf40000 - 0x00007ffefcfb8000 	C:\Users\LENOVO\.gradle\native\0.2.7\x86_64-windows-gnu\gradle-fileevents.dll
0x00007fff276b0000 - 0x00007fff276ba000 	C:\Program Files\Java\jdk-22\bin\management.dll
0x00007fff266a0000 - 0x00007fff266ab000 	C:\Program Files\Java\jdk-22\bin\management_ext.dll
0x00007fff65d20000 - 0x00007fff65d28000 	C:\WINDOWS\System32\PSAPI.DLL
0x00007fff61e60000 - 0x00007fff61e94000 	C:\WINDOWS\SYSTEM32\IPHLPAPI.DLL
0x00007fff65c90000 - 0x00007fff65c9a000 	C:\WINDOWS\System32\NSI.dll
0x00007fff253a0000 - 0x00007fff253a9000 	C:\Program Files\Java\jdk-22\bin\extnet.dll
0x00007fff63a50000 - 0x00007fff63a6b000 	C:\WINDOWS\SYSTEM32\CRYPTSP.dll
0x00007fff62a00000 - 0x00007fff62a3a000 	C:\WINDOWS\system32\rsaenh.dll
0x00007fff62990000 - 0x00007fff629bb000 	C:\WINDOWS\SYSTEM32\USERENV.dll
0x00007fff63e20000 - 0x00007fff63e4a000 	C:\WINDOWS\SYSTEM32\bcrypt.dll
0x00007fff62c10000 - 0x00007fff62c1c000 	C:\WINDOWS\SYSTEM32\CRYPTBASE.dll
0x00007fff252d0000 - 0x00007fff252de000 	C:\Program Files\Java\jdk-22\bin\sunmscapi.dll
0x00007fff64600000 - 0x00007fff64777000 	C:\WINDOWS\System32\CRYPT32.dll
0x00007fff62f30000 - 0x00007fff62f60000 	C:\WINDOWS\SYSTEM32\ncrypt.dll
0x00007fff62ee0000 - 0x00007fff62f1f000 	C:\WINDOWS\SYSTEM32\NTASN1.dll
0x00007fff56c80000 - 0x00007fff56c88000 	C:\WINDOWS\system32\wshunix.dll

dbghelp: loaded successfully - version: 4.0.5 - missing functions: none
symbol engine: initialized successfully - sym options: 0x614 - pdb path: .;C:\Program Files\Java\jdk-22\bin;C:\WINDOWS\SYSTEM32;C:\WINDOWS\WinSxS\amd64_microsoft.windows.common-controls_6595b64144ccf1df_6.0.26100.7309_none_3e05feeae336a044;C:\Program Files\Java\jdk-22\bin\server;C:\Users\LENOVO\.gradle\native\1def1411415f61bf3af743bc5b6707747c0891f09f0c88961ee8f79bc544acac\windows-amd64;C:\Users\LENOVO\.gradle\native\0.2.7\x86_64-windows-gnu

VM Arguments:
jvm_args: --add-opens=java.base/java.lang=ALL-UNNAMED --add-opens=java.base/java.lang.invoke=ALL-UNNAMED --add-opens=java.base/java.util=ALL-UNNAMED --add-opens=java.prefs/java.util.prefs=ALL-UNNAMED --add-exports=jdk.compiler/com.sun.tools.javac.api=ALL-UNNAMED --add-exports=jdk.compiler/com.sun.tools.javac.util=ALL-UNNAMED --add-opens=java.base/java.util=ALL-UNNAMED --add-opens=java.prefs/java.util.prefs=ALL-UNNAMED --add-opens=java.base/java.nio.charset=ALL-UNNAMED --add-opens=java.base/java.net=ALL-UNNAMED --add-opens=java.base/java.util.concurrent.atomic=ALL-UNNAMED --add-opens=java.xml/javax.xml.namespace=ALL-UNNAMED -XX:MaxMetaspaceSize=512m -XX:+HeapDumpOnOutOfMemoryError -Xmx2048m -Dfile.encoding=UTF-8 -Duser.country=US -Duser.language=en -Duser.variant -javaagent:C:\Users\LENOVO\.gradle\wrapper\dists\gradle-8.13-bin\5xuhj0ry160q40clulazy9h7d\gradle-8.13\lib\agents\gradle-instrumentation-agent-8.13.jar 
java_command: org.gradle.launcher.daemon.bootstrap.GradleDaemon 8.13
java_class_path (initial): C:\Users\LENOVO\.gradle\wrapper\dists\gradle-8.13-bin\5xuhj0ry160q40clulazy9h7d\gradle-8.13\lib\gradle-daemon-main-8.13.jar
Launcher Type: SUN_STANDARD

[Global flags]
     intx CICompilerCount                          = 4                                         {product} {ergonomic}
   size_t CompressedClassSpaceSize                 = 436207616                                 {product} {ergonomic}
     uint ConcGCThreads                            = 3                                         {product} {ergonomic}
     uint G1ConcRefinementThreads                  = 10                                        {product} {ergonomic}
   size_t G1HeapRegionSize                         = 1048576                                   {product} {ergonomic}
     bool HeapDumpOnOutOfMemoryError               = true                                   {manageable} {command line}
   size_t InitialHeapSize                          = 98566144                                  {product} {ergonomic}
   size_t MarkStackSize                            = 4194304                                   {product} {ergonomic}
   size_t MaxHeapSize                              = 2147483648                                {product} {command line}
   size_t MaxMetaspaceSize                         = 536870912                                 {product} {command line}
   size_t MaxNewSize                               = 1287651328                                {product} {ergonomic}
   size_t MinHeapDeltaBytes                        = 1048576                                   {product} {ergonomic}
   size_t MinHeapSize                              = 8388608                                   {product} {ergonomic}
    uintx NonNMethodCodeHeapSize                   = 5839372                                {pd product} {ergonomic}
    uintx NonProfiledCodeHeapSize                  = 122909434                              {pd product} {ergonomic}
    uintx ProfiledCodeHeapSize                     = 122909434                              {pd product} {ergonomic}
    uintx ReservedCodeCacheSize                    = 251658240                              {pd product} {ergonomic}
     bool SegmentedCodeCache                       = true                                      {product} {ergonomic}
   size_t SoftMaxHeapSize                          = 2147483648                             {manageable} {ergonomic}
     bool UseCompressedOops                        = true                           {product lp64_product} {ergonomic}
     bool UseG1GC                                  = true                                      {product} {ergonomic}
     bool UseLargePagesIndividualAllocation        = false                                  {pd product} {ergonomic}

Logging:
Log output configuration:
 #0: stdout all=warning uptime,level,tags foldmultilines=false
 #1: stderr all=off uptime,level,tags foldmultilines=false

Environment Variables:
JAVA_HOME=C:\Program Files\Java\jdk-22
PATH=C:\Program Files (x86)\VMware\VMware Workstation\bin\;C:\Program Files\Common Files\Oracle\Java\javapath;C:\WINDOWS\system32;C:\WINDOWS;C:\WINDOWS\System32\Wbem;C:\WINDOWS\System32\WindowsPowerShell\v1.0\;C:\WINDOWS\System32\OpenSSH\;C:\Program Files\dotnet\;C:\Program Files (x86)\Windows Kits\10\Windows Performance Toolkit\;C:\Program Files (x86)\HP\Common\HPDestPlgIn\;C:\Program Files (x86)\Microsoft SQL Server\160\Tools\Binn\;C:\Program Files\Microsoft SQL Server\160\Tools\Binn\;C:\Program Files\Microsoft SQL Server\Client SDK\ODBC\170\Tools\Binn\;C:\Program Files\Microsoft SQL Server\160\DTS\Binn\;C:\Program Files (x86)\Microsoft SQL Server\160\DTS\Binn\;C:\Program Files\Microsoft SQL Server\150\Tools\Binn\;C:\Git\Git_App\cmd;C:\ProgramData\chocolatey\bin;C:\Users\LENOVO\AppData\Local\nvm;C:\nvm4w\nodejs;%JAVA_HOME%\bin;C:\Program Files\Arduino PLC IDE Tools\;C:\Program Files\Git\cmd;C:\Users\LENOVO\AppData\Local\Programs\Python\Python314\Scripts\;C:\Users\LENOVO\AppData\Local\Programs\Python\Python314\;C:\Program Files\Git\bin;C:\Program Files\Git\cmd;C:\Visual Studio Code\Microsoft VS Code\bin;C:\Program Files\Java\jdk-22\bin;C:\JMeter\apache-jmeter-5.6.3\apache-jmeter-5.6.3\bin;C:\Users\LENOVO\AppData\Local\Python\bin;C:\development\flutter\bin;
USERNAME=LENOVO
OS=Windows_NT
PROCESSOR_IDENTIFIER=AMD64 Family 25 Model 80 Stepping 0, AuthenticAMD
TMP=C:\Users\LENOVO\AppData\Local\Temp
TEMP=C:\Users\LENOVO\AppData\Local\Temp




Periodic native trim disabled

---------------  S Y S T E M  ---------------

OS:
 Windows 11 , 64 bit Build 26100 (10.0.26100.7309)
OS uptime: 4 days 15:46 hours
Hyper-V role detected

CPU: total 12 (initial active 12) (12 cores per cpu, 2 threads per core) family 25 model 80 stepping 0 microcode 0xa50000c, cx8, cmov, fxsr, ht, mmx, 3dnowpref, sse, sse2, sse3, ssse3, sse4a, sse4.1, sse4.2, popcnt, lzcnt, tsc, tscinvbit, avx, avx2, aes, erms, clmul, bmi1, bmi2, adx, sha, fma, vzeroupper, clflush, clflushopt, hv, rdtscp, rdpid, fsrm, f16c, cet_ss
Processor Information for processor 0
  Max Mhz: 2301, Current Mhz: 2301, Mhz Limit: 2301
Processor Information for processor 1
  Max Mhz: 2301, Current Mhz: 1990, Mhz Limit: 2301
Processor Information for processor 2
  Max Mhz: 2301, Current Mhz: 1990, Mhz Limit: 2301
Processor Information for processor 3
  Max Mhz: 2301, Current Mhz: 2301, Mhz Limit: 2301
Processor Information for processor 4
  Max Mhz: 2301, Current Mhz: 1990, Mhz Limit: 2301
Processor Information for processor 5
  Max Mhz: 2301, Current Mhz: 2301, Mhz Limit: 2301
Processor Information for processor 6
  Max Mhz: 2301, Current Mhz: 2301, Mhz Limit: 2301
Processor Information for processor 7
  Max Mhz: 2301, Current Mhz: 1990, Mhz Limit: 2301
Processor Information for processor 8
  Max Mhz: 2301, Current Mhz: 1990, Mhz Limit: 2301
Processor Information for processor 9
  Max Mhz: 2301, Current Mhz: 1990, Mhz Limit: 2301
Processor Information for processor 10
  Max Mhz: 2301, Current Mhz: 1990, Mhz Limit: 2301
Processor Information for processor 11
  Max Mhz: 2301, Current Mhz: 2301, Mhz Limit: 2301

Memory: 4k page, system-wide physical 5996M (732M free)
TotalPageFile size 24428M (AvailPageFile size 5M)
current process WorkingSet (physical memory assigned to process): 487M, peak: 487M
current process commit charge ("private bytes"): 597M, peak: 597M

vm_info: Java HotSpot(TM) 64-Bit Server VM (22.0.1+8-16) for windows-amd64 JRE (22.0.1+8-16), built on 2024-03-12T10:33:16Z by "mach5one" with MS VC++ 17.6 (VS2022)

END.
